[2019-06-13 14:22:41] UTN FRA LOGGER.INFO: ::1 [] {"uid":"ecfba35"}
[2019-06-13 14:23:14] UTN FRA LOGGER.INFO: ip :::1 [] {"uid":"f1af206"}
[2019-06-13 14:31:21] UTN FRA LOGGER.INFO: info  =Mozilla/5.0 (X11; Linux x86_64) AppleWebKit/537.36 (KHTML, like Gecko) Chrome/73.0.3683.86 Safari/537.36 [] {"uid":"2676799"}
[2019-06-13 14:31:21] UTN FRA LOGGER.INFO: ip =::1 [] {"uid":"2676799"}
[2019-06-13 14:33:01] UTN FRA LOGGER.INFO: info  =PostmanRuntime/7.1.1 [] {"uid":"1c0e970"}
[2019-06-13 14:33:01] UTN FRA LOGGER.INFO: ip =::1 [] {"uid":"1c0e970"}
[2019-06-13 14:33:04] UTN FRA LOGGER.INFO: info  =PostmanRuntime/7.1.1 [] {"uid":"e0a490b"}
[2019-06-13 14:33:04] UTN FRA LOGGER.INFO: ip =::1 [] {"uid":"e0a490b"}
[2019-06-13 14:33:08] UTN FRA LOGGER.INFO: info  =PostmanRuntime/7.1.1 [] {"uid":"5792b8b"}
[2019-06-13 14:33:08] UTN FRA LOGGER.INFO: ip =::1 [] {"uid":"5792b8b"}
[2019-06-13 14:33:14] UTN FRA LOGGER.INFO: info  =PostmanRuntime/7.1.1 [] {"uid":"c3f3041"}
[2019-06-13 14:33:14] UTN FRA LOGGER.INFO: ip =::1 [] {"uid":"c3f3041"}
[2019-06-13 14:41:27] UTN FRA LOGGER.INFO: info  =Mozilla/5.0 (X11; Linux x86_64; rv:60.0) Gecko/20100101 Firefox/60.0 [] {"uid":"d971c69"}
[2019-06-13 14:41:27] UTN FRA LOGGER.INFO: ip =127.0.0.1 [] {"uid":"d971c69"}
[2019-06-13 14:46:20] UTN FRA LOGGER.INFO: info  =Mozilla/5.0 (X11; Linux x86_64; rv:60.0) Gecko/20100101 Firefox/60.0 [] {"uid":"01737b9"}
[2019-06-13 14:46:20] UTN FRA LOGGER.INFO: ip =127.0.0.1 [] {"uid":"01737b9"}
[2019-06-13 14:48:37] UTN FRA LOGGER.INFO: info  =Mozilla/5.0 (X11; Linux x86_64) AppleWebKit/537.36 (KHTML, like Gecko) Chrome/50.0.2661.76 YaBrowser/16.6.0.6383 (beta) Safari/537.36 [] {"uid":"5d9f7e5"}
[2019-06-13 14:48:37] UTN FRA LOGGER.INFO: ip =::1 [] {"uid":"5d9f7e5"}
[2019-06-13 14:48:52] UTN FRA LOGGER.INFO: info  =Mozilla/5.0 (X11; Linux x86_64) AppleWebKit/537.36 (KHTML, like Gecko) Chrome/50.0.2661.76 YaBrowser/16.6.0.6383 (beta) Safari/537.36 [] {"uid":"f6cdba9"}
[2019-06-13 14:48:52] UTN FRA LOGGER.INFO: ip =::1 [] {"uid":"f6cdba9"}
[2019-06-13 14:48:59] UTN FRA LOGGER.INFO: info  =Mozilla/5.0 (X11; Linux x86_64) AppleWebKit/537.36 (KHTML, like Gecko) Chrome/50.0.2661.76 YaBrowser/16.6.0.6383 (beta) Safari/537.36 [] {"uid":"7fb9fe5"}
[2019-06-13 14:48:59] UTN FRA LOGGER.INFO: ip =::1 [] {"uid":"7fb9fe5"}
[2019-06-13 14:50:12] UTN FRA LOGGER.INFO: info  =Mozilla/5.0 (X11; Linux x86_64) AppleWebKit/537.36 (KHTML, like Gecko) Chrome/71.0.3578.98 Safari/537.36 OPR/58.0.3135.107 [] {"uid":"05adba9"}
[2019-06-13 14:50:13] UTN FRA LOGGER.INFO: ip =::1 [] {"uid":"05adba9"}
[2019-06-13 14:51:49] UTN FRA LOGGER.INFO: info  =Mozilla/5.0 (X11; Linux x86_64) AppleWebKit/537.36 (KHTML, like Gecko) Chrome/73.0.3683.86 Safari/537.36 [] {"uid":"4869fa1"}
[2019-06-13 14:51:49] UTN FRA LOGGER.INFO: ip =::1 [] {"uid":"4869fa1"}
[2019-06-13 14:52:04] UTN FRA LOGGER.INFO: info  =PostmanRuntime/7.1.1 [] {"uid":"955f892"}
[2019-06-13 14:52:04] UTN FRA LOGGER.INFO: ip =::1 [] {"uid":"955f892"}
[2019-06-13 14:52:24] UTN FRA LOGGER.INFO: Datos  =PostmanRuntime/7.1.1 [] {"uid":"3d3557f"}
[2019-06-13 14:52:24] UTN FRA LOGGER.INFO: ip =::1 [] {"uid":"3d3557f"}
[2019-06-13 14:52:34] UTN FRA LOGGER.INFO: Datos  =Mozilla/5.0 (X11; Linux x86_64) AppleWebKit/537.36 (KHTML, like Gecko) Chrome/71.0.3578.98 Safari/537.36 OPR/58.0.3135.107 [] {"uid":"521a87e"}
[2019-06-13 14:52:34] UTN FRA LOGGER.INFO: ip =::1 [] {"uid":"521a87e"}
[2019-06-13 14:54:41] UTN FRA LOGGER.INFO: Datos  =Mozilla/5.0 (X11; Linux x86_64) AppleWebKit/537.36 (KHTML, like Gecko) Chrome/73.0.3683.86 Safari/537.36 [] {"uid":"15b9fd3"}
[2019-06-13 14:54:41] UTN FRA LOGGER.INFO: ip =::1 [] {"uid":"15b9fd3"}
[2019-06-13 15:40:36] UTN FRA LOGGER.INFO: Datos  =Mozilla/5.0 (X11; Linux x86_64) AppleWebKit/537.36 (KHTML, like Gecko) Chrome/73.0.3683.86 Safari/537.36 [] {"uid":"bbb9226"}
[2019-06-13 15:40:36] UTN FRA LOGGER.INFO: ip =::1 [] {"uid":"bbb9226"}
[2019-06-13 15:40:42] UTN FRA LOGGER.INFO: Datos  =Mozilla/5.0 (X11; Linux x86_64) AppleWebKit/537.36 (KHTML, like Gecko) Chrome/73.0.3683.86 Safari/537.36 [] {"uid":"d5105f7"}
[2019-06-13 15:40:42] UTN FRA LOGGER.INFO: ip =::1 [] {"uid":"d5105f7"}
[2019-06-13 15:41:29] UTN FRA LOGGER.INFO: Datos  =Mozilla/5.0 (X11; Linux x86_64) AppleWebKit/537.36 (KHTML, like Gecko) Chrome/73.0.3683.86 Safari/537.36 [] {"uid":"e12c6d8"}
[2019-06-13 15:41:29] UTN FRA LOGGER.INFO: ip =::1 [] {"uid":"e12c6d8"}
[2019-06-13 15:42:30] UTN FRA LOGGER.INFO: Datos  =Mozilla/5.0 (X11; Linux x86_64) AppleWebKit/537.36 (KHTML, like Gecko) Chrome/73.0.3683.86 Safari/537.36 [] {"uid":"36ef6fa"}
[2019-06-13 15:42:30] UTN FRA LOGGER.INFO: ip =::1 [] {"uid":"36ef6fa"}
[2019-06-13 15:45:52] UTN FRA LOGGER.INFO: Datos  =Mozilla/5.0 (X11; Linux x86_64) AppleWebKit/537.36 (KHTML, like Gecko) Chrome/73.0.3683.86 Safari/537.36 [] {"uid":"452e00c"}
[2019-06-13 15:45:52] UTN FRA LOGGER.INFO: ip =::1 [] {"uid":"452e00c"}
[2019-06-13 15:46:48] UTN FRA LOGGER.INFO: Datos  =Mozilla/5.0 (X11; Linux x86_64) AppleWebKit/537.36 (KHTML, like Gecko) Chrome/73.0.3683.86 Safari/537.36 [] {"uid":"accaf17"}
[2019-06-13 15:46:48] UTN FRA LOGGER.INFO: ip =::1 [] {"uid":"accaf17"}
[2019-06-13 15:46:49] UTN FRA LOGGER.INFO: Datos  =Mozilla/5.0 (X11; Linux x86_64) AppleWebKit/537.36 (KHTML, like Gecko) Chrome/73.0.3683.86 Safari/537.36 [] {"uid":"2977b9f"}
[2019-06-13 15:46:49] UTN FRA LOGGER.INFO: ip =::1 [] {"uid":"2977b9f"}
[2019-06-13 15:46:50] UTN FRA LOGGER.INFO: Datos  =Mozilla/5.0 (X11; Linux x86_64) AppleWebKit/537.36 (KHTML, like Gecko) Chrome/73.0.3683.86 Safari/537.36 [] {"uid":"5b1fbcd"}
[2019-06-13 15:46:50] UTN FRA LOGGER.INFO: ip =::1 [] {"uid":"5b1fbcd"}
[2019-06-13 15:47:05] UTN FRA LOGGER.INFO: Datos  =Mozilla/5.0 (X11; Linux x86_64) AppleWebKit/537.36 (KHTML, like Gecko) Chrome/73.0.3683.86 Safari/537.36 [] {"uid":"618e906"}
[2019-06-13 15:47:05] UTN FRA LOGGER.INFO: ip =::1 [] {"uid":"618e906"}
[2019-06-13 15:47:10] UTN FRA LOGGER.INFO: Datos  =Mozilla/5.0 (X11; Linux x86_64) AppleWebKit/537.36 (KHTML, like Gecko) Chrome/73.0.3683.86 Safari/537.36 [] {"uid":"e6f850c"}
[2019-06-13 15:47:10] UTN FRA LOGGER.INFO: ip =::1 [] {"uid":"e6f850c"}
[2019-06-13 15:47:16] UTN FRA LOGGER.INFO: Datos  =Mozilla/5.0 (X11; Linux x86_64) AppleWebKit/537.36 (KHTML, like Gecko) Chrome/73.0.3683.86 Safari/537.36 [] {"uid":"6080469"}
[2019-06-13 15:47:16] UTN FRA LOGGER.INFO: ip =::1 [] {"uid":"6080469"}
[2019-06-13 15:47:52] UTN FRA LOGGER.INFO: Datos  =Mozilla/5.0 (X11; Linux x86_64) AppleWebKit/537.36 (KHTML, like Gecko) Chrome/73.0.3683.86 Safari/537.36 [] {"uid":"be829a8"}
[2019-06-13 15:47:52] UTN FRA LOGGER.INFO: ip =::1 [] {"uid":"be829a8"}
[2019-06-13 15:47:55] UTN FRA LOGGER.INFO: Datos  =Mozilla/5.0 (X11; Linux x86_64) AppleWebKit/537.36 (KHTML, like Gecko) Chrome/73.0.3683.86 Safari/537.36 [] {"uid":"8f497ca"}
[2019-06-13 15:47:55] UTN FRA LOGGER.INFO: ip =::1 [] {"uid":"8f497ca"}
[2019-06-13 15:48:12] UTN FRA LOGGER.INFO: Datos  =Mozilla/5.0 (X11; Linux x86_64) AppleWebKit/537.36 (KHTML, like Gecko) Chrome/73.0.3683.86 Safari/537.36 [] {"uid":"9e48c5a"}
[2019-06-13 15:48:12] UTN FRA LOGGER.INFO: ip =::1 [] {"uid":"9e48c5a"}
[2019-06-13 15:48:15] UTN FRA LOGGER.INFO: Datos  =Mozilla/5.0 (X11; Linux x86_64) AppleWebKit/537.36 (KHTML, like Gecko) Chrome/73.0.3683.86 Safari/537.36 [] {"uid":"b916695"}
[2019-06-13 15:48:15] UTN FRA LOGGER.INFO: ip =::1 [] {"uid":"b916695"}
[2019-06-13 15:50:55] UTN FRA LOGGER.INFO: Datos  =Mozilla/5.0 (X11; Linux x86_64) AppleWebKit/537.36 (KHTML, like Gecko) Chrome/73.0.3683.86 Safari/537.36 [] {"uid":"1dd5fc6"}
[2019-06-13 15:50:55] UTN FRA LOGGER.INFO: ip =::1 [] {"uid":"1dd5fc6"}
[2019-06-13 15:51:28] UTN FRA LOGGER.INFO: Datos  =Mozilla/5.0 (X11; Linux x86_64) AppleWebKit/537.36 (KHTML, like Gecko) Chrome/73.0.3683.86 Safari/537.36 [] {"uid":"458c08c"}
[2019-06-13 15:51:28] UTN FRA LOGGER.INFO: ip =::1 [] {"uid":"458c08c"}
[2019-06-13 15:51:33] UTN FRA LOGGER.INFO: Datos  =Mozilla/5.0 (X11; Linux x86_64) AppleWebKit/537.36 (KHTML, like Gecko) Chrome/73.0.3683.86 Safari/537.36 [] {"uid":"c57b200"}
[2019-06-13 15:51:33] UTN FRA LOGGER.INFO: ip =::1 [] {"uid":"c57b200"}
[2019-06-13 15:53:23] UTN FRA LOGGER.INFO: Datos  =Mozilla/5.0 (X11; Linux x86_64) AppleWebKit/537.36 (KHTML, like Gecko) Chrome/73.0.3683.86 Safari/537.36 [] {"uid":"903207f"}
[2019-06-13 15:53:23] UTN FRA LOGGER.INFO: ip =::1 [] {"uid":"903207f"}
[2019-06-13 15:53:26] UTN FRA LOGGER.INFO: Datos  =Mozilla/5.0 (X11; Linux x86_64) AppleWebKit/537.36 (KHTML, like Gecko) Chrome/73.0.3683.86 Safari/537.36 [] {"uid":"3a71660"}
[2019-06-13 15:53:26] UTN FRA LOGGER.INFO: ip =::1 [] {"uid":"3a71660"}
[2019-06-13 15:54:00] UTN FRA LOGGER.INFO: Datos  =Mozilla/5.0 (X11; Linux x86_64) AppleWebKit/537.36 (KHTML, like Gecko) Chrome/73.0.3683.86 Safari/537.36 [] {"uid":"b363313"}
[2019-06-13 15:54:00] UTN FRA LOGGER.INFO: ip =::1 [] {"uid":"b363313"}
[2019-06-13 15:54:01] UTN FRA LOGGER.INFO: Datos  =Mozilla/5.0 (X11; Linux x86_64) AppleWebKit/537.36 (KHTML, like Gecko) Chrome/73.0.3683.86 Safari/537.36 [] {"uid":"a1ab03e"}
[2019-06-13 15:54:01] UTN FRA LOGGER.INFO: ip =::1 [] {"uid":"a1ab03e"}
[2019-06-13 15:54:01] UTN FRA LOGGER.INFO: Datos  =Mozilla/5.0 (X11; Linux x86_64) AppleWebKit/537.36 (KHTML, like Gecko) Chrome/73.0.3683.86 Safari/537.36 [] {"uid":"74bb1fc"}
[2019-06-13 15:54:01] UTN FRA LOGGER.INFO: ip =::1 [] {"uid":"74bb1fc"}
[2019-06-13 15:54:01] UTN FRA LOGGER.INFO: Datos  =Mozilla/5.0 (X11; Linux x86_64) AppleWebKit/537.36 (KHTML, like Gecko) Chrome/73.0.3683.86 Safari/537.36 [] {"uid":"e07b9d7"}
[2019-06-13 15:54:01] UTN FRA LOGGER.INFO: ip =::1 [] {"uid":"e07b9d7"}
[2019-06-13 15:54:01] UTN FRA LOGGER.INFO: Datos  =Mozilla/5.0 (X11; Linux x86_64) AppleWebKit/537.36 (KHTML, like Gecko) Chrome/73.0.3683.86 Safari/537.36 [] {"uid":"b3e7a0b"}
[2019-06-13 15:54:01] UTN FRA LOGGER.INFO: ip =::1 [] {"uid":"b3e7a0b"}
[2019-06-13 15:54:02] UTN FRA LOGGER.INFO: Datos  =Mozilla/5.0 (X11; Linux x86_64) AppleWebKit/537.36 (KHTML, like Gecko) Chrome/73.0.3683.86 Safari/537.36 [] {"uid":"e6fa77e"}
[2019-06-13 15:54:02] UTN FRA LOGGER.INFO: ip =::1 [] {"uid":"e6fa77e"}
[2019-06-13 15:54:02] UTN FRA LOGGER.INFO: Datos  =Mozilla/5.0 (X11; Linux x86_64) AppleWebKit/537.36 (KHTML, like Gecko) Chrome/73.0.3683.86 Safari/537.36 [] {"uid":"262fbd8"}
[2019-06-13 15:54:02] UTN FRA LOGGER.INFO: ip =::1 [] {"uid":"262fbd8"}
[2019-06-13 15:54:29] UTN FRA LOGGER.INFO: Datos  =Mozilla/5.0 (X11; Linux x86_64) AppleWebKit/537.36 (KHTML, like Gecko) Chrome/73.0.3683.86 Safari/537.36 [] {"uid":"69026c5"}
[2019-06-13 15:54:29] UTN FRA LOGGER.INFO: ip =::1 [] {"uid":"69026c5"}
[2019-06-13 15:54:53] UTN FRA LOGGER.INFO: Datos  =Mozilla/5.0 (X11; Linux x86_64) AppleWebKit/537.36 (KHTML, like Gecko) Chrome/73.0.3683.86 Safari/537.36 [] {"uid":"7f80bac"}
[2019-06-13 15:54:53] UTN FRA LOGGER.INFO: ip =::1 [] {"uid":"7f80bac"}
[2019-06-13 16:14:20] UTN FRA LOGGER.INFO: Datos  =PostmanRuntime/7.1.1 [] {"uid":"f37f107"}
[2019-06-13 16:14:20] UTN FRA LOGGER.INFO: ip =::1 [] {"uid":"f37f107"}
[2019-06-13 16:14:25] UTN FRA LOGGER.INFO: Datos  =PostmanRuntime/7.1.1 [] {"uid":"f86c548"}
[2019-06-13 16:14:25] UTN FRA LOGGER.INFO: ip =::1 [] {"uid":"f86c548"}
[2019-06-13 16:16:52] UTN FRA LOGGER.INFO: Datos  =PostmanRuntime/7.1.1 [] {"uid":"cfce916"}
[2019-06-13 16:16:52] UTN FRA LOGGER.INFO: ip =::1 [] {"uid":"cfce916"}
[2019-06-13 16:16:56] UTN FRA LOGGER.INFO: Datos  =PostmanRuntime/7.1.1 [] {"uid":"24b074c"}
[2019-06-13 16:16:56] UTN FRA LOGGER.INFO: ip =::1 [] {"uid":"24b074c"}
[2019-06-13 16:17:07] UTN FRA LOGGER.INFO: Datos  =PostmanRuntime/7.1.1 [] {"uid":"fecc8fc"}
[2019-06-13 16:17:07] UTN FRA LOGGER.INFO: ip =::1 [] {"uid":"fecc8fc"}
[2019-06-13 16:19:09] UTN FRA LOGGER.INFO: Datos  =Mozilla/5.0 (X11; Linux x86_64) AppleWebKit/537.36 (KHTML, like Gecko) Chrome/73.0.3683.86 Safari/537.36 [] {"uid":"e2193d4"}
[2019-06-13 16:19:09] UTN FRA LOGGER.INFO: ip =::1 [] {"uid":"e2193d4"}
[2019-06-13 16:19:58] UTN FRA LOGGER.INFO: Datos  =Mozilla/5.0 (X11; Linux x86_64) AppleWebKit/537.36 (KHTML, like Gecko) Chrome/73.0.3683.86 Safari/537.36 [] {"uid":"d83d781"}
[2019-06-13 16:19:58] UTN FRA LOGGER.INFO: ip =::1 [] {"uid":"d83d781"}
[2019-06-13 16:20:00] UTN FRA LOGGER.INFO: Datos  =Mozilla/5.0 (X11; Linux x86_64) AppleWebKit/537.36 (KHTML, like Gecko) Chrome/73.0.3683.86 Safari/537.36 [] {"uid":"89e32cc"}
[2019-06-13 16:20:00] UTN FRA LOGGER.INFO: ip =::1 [] {"uid":"89e32cc"}
[2019-06-13 16:20:32] UTN FRA LOGGER.INFO: Datos  =Mozilla/5.0 (X11; Linux x86_64) AppleWebKit/537.36 (KHTML, like Gecko) Chrome/73.0.3683.86 Safari/537.36 [] {"uid":"434586f"}
[2019-06-13 16:20:32] UTN FRA LOGGER.INFO: ip =::1 [] {"uid":"434586f"}
[2019-06-13 16:20:40] UTN FRA LOGGER.INFO: Datos  =PostmanRuntime/7.1.1 [] {"uid":"87cac8e"}
[2019-06-13 16:20:40] UTN FRA LOGGER.INFO: ip =::1 [] {"uid":"87cac8e"}
[2019-10-29 23:29:16] UTN FRA LOGGER.INFO: Datos  =PostmanRuntime/7.18.0 [] {"uid":"470f50a"}
[2019-10-29 23:29:16] UTN FRA LOGGER.INFO: ip =::1 [] {"uid":"470f50a"}
[2019-10-29 23:29:20] UTN FRA LOGGER.INFO: Datos  =PostmanRuntime/7.18.0 [] {"uid":"604a0ec"}
[2019-10-29 23:29:20] UTN FRA LOGGER.INFO: ip =::1 [] {"uid":"604a0ec"}
[2019-10-29 23:30:39] UTN FRA LOGGER.INFO: Datos  =PostmanRuntime/7.18.0 [] {"uid":"ba8f70e"}
[2019-10-29 23:30:39] UTN FRA LOGGER.INFO: ip =::1 [] {"uid":"ba8f70e"}
[2019-10-29 23:30:42] UTN FRA LOGGER.INFO: Datos  =PostmanRuntime/7.18.0 [] {"uid":"536d232"}
[2019-10-29 23:30:42] UTN FRA LOGGER.INFO: ip =::1 [] {"uid":"536d232"}
[2019-10-29 23:31:24] UTN FRA LOGGER.INFO: Datos  =Mozilla/5.0 (Windows NT 6.1; Win64; x64) AppleWebKit/537.36 (KHTML, like Gecko) Chrome/76.0.3809.132 Safari/537.36 [] {"uid":"bb4a4e3"}
[2019-10-29 23:31:24] UTN FRA LOGGER.INFO: ip =::1 [] {"uid":"bb4a4e3"}
[2019-10-29 23:31:43] UTN FRA LOGGER.INFO: Datos  =PostmanRuntime/7.18.0 [] {"uid":"1db3284"}
[2019-10-29 23:31:43] UTN FRA LOGGER.INFO: ip =::1 [] {"uid":"1db3284"}
[2019-10-29 23:31:47] UTN FRA LOGGER.INFO: Datos  =PostmanRuntime/7.18.0 [] {"uid":"38bba1f"}
[2019-10-29 23:31:47] UTN FRA LOGGER.INFO: ip =::1 [] {"uid":"38bba1f"}
[2019-10-29 23:32:06] UTN FRA LOGGER.INFO: Datos  =Mozilla/5.0 (Windows NT 6.1; Win64; x64) AppleWebKit/537.36 (KHTML, like Gecko) Chrome/76.0.3809.132 Safari/537.36 [] {"uid":"65327d0"}
[2019-10-29 23:32:06] UTN FRA LOGGER.INFO: ip =::1 [] {"uid":"65327d0"}
[2019-10-29 23:32:09] UTN FRA LOGGER.INFO: Datos  =Mozilla/5.0 (Windows NT 6.1; Win64; x64) AppleWebKit/537.36 (KHTML, like Gecko) Chrome/76.0.3809.132 Safari/537.36 [] {"uid":"4d29e96"}
[2019-10-29 23:32:09] UTN FRA LOGGER.INFO: ip =::1 [] {"uid":"4d29e96"}
[2019-10-29 23:32:25] UTN FRA LOGGER.INFO: Datos  =PostmanRuntime/7.18.0 [] {"uid":"57561fc"}
[2019-10-29 23:32:25] UTN FRA LOGGER.INFO: ip =::1 [] {"uid":"57561fc"}
[2019-10-29 23:32:36] UTN FRA LOGGER.INFO: Datos  =PostmanRuntime/7.18.0 [] {"uid":"f916ef7"}
[2019-10-29 23:32:36] UTN FRA LOGGER.INFO: ip =::1 [] {"uid":"f916ef7"}
[2019-10-29 23:32:43] UTN FRA LOGGER.INFO: Datos  =PostmanRuntime/7.18.0 [] {"uid":"85f7907"}
[2019-10-29 23:32:43] UTN FRA LOGGER.INFO: ip =::1 [] {"uid":"85f7907"}
[2019-10-29 23:33:09] UTN FRA LOGGER.INFO: Datos  =PostmanRuntime/7.18.0 [] {"uid":"3fb3aab"}
[2019-10-29 23:33:09] UTN FRA LOGGER.INFO: ip =::1 [] {"uid":"3fb3aab"}
[2019-10-29 23:33:38] UTN FRA LOGGER.INFO: Datos  =PostmanRuntime/7.18.0 [] {"uid":"93e8e90"}
[2019-10-29 23:33:38] UTN FRA LOGGER.INFO: ip =::1 [] {"uid":"93e8e90"}
[2019-10-29 23:34:05] UTN FRA LOGGER.INFO: Datos  =Mozilla/5.0 (Windows NT 6.1; Win64; x64) AppleWebKit/537.36 (KHTML, like Gecko) Chrome/76.0.3809.132 Safari/537.36 [] {"uid":"6746428"}
[2019-10-29 23:34:05] UTN FRA LOGGER.INFO: ip =::1 [] {"uid":"6746428"}
[2019-10-29 23:34:40] UTN FRA LOGGER.INFO: Datos  =PostmanRuntime/7.18.0 [] {"uid":"15f9e74"}
[2019-10-29 23:34:40] UTN FRA LOGGER.INFO: ip =::1 [] {"uid":"15f9e74"}
[2019-10-29 23:34:44] UTN FRA LOGGER.INFO: Datos  =PostmanRuntime/7.18.0 [] {"uid":"f7c765b"}
[2019-10-29 23:34:44] UTN FRA LOGGER.INFO: ip =::1 [] {"uid":"f7c765b"}
[2019-10-29 23:34:46] UTN FRA LOGGER.INFO: Datos  =PostmanRuntime/7.18.0 [] {"uid":"f1dd5dc"}
[2019-10-29 23:34:46] UTN FRA LOGGER.INFO: ip =::1 [] {"uid":"f1dd5dc"}
[2019-10-29 23:34:52] UTN FRA LOGGER.INFO: Datos  =PostmanRuntime/7.18.0 [] {"uid":"39ef355"}
[2019-10-29 23:34:52] UTN FRA LOGGER.INFO: ip =::1 [] {"uid":"39ef355"}
[2019-10-29 23:36:07] UTN FRA LOGGER.INFO: Datos  =PostmanRuntime/7.18.0 [] {"uid":"f24d611"}
[2019-10-29 23:36:07] UTN FRA LOGGER.INFO: ip =::1 [] {"uid":"f24d611"}
[2019-10-29 23:36:11] UTN FRA LOGGER.INFO: Datos  =PostmanRuntime/7.18.0 [] {"uid":"4ff53a9"}
[2019-10-29 23:36:11] UTN FRA LOGGER.INFO: ip =::1 [] {"uid":"4ff53a9"}
[2019-10-29 23:36:13] UTN FRA LOGGER.INFO: Datos  =PostmanRuntime/7.18.0 [] {"uid":"b07d751"}
[2019-10-29 23:36:13] UTN FRA LOGGER.INFO: ip =::1 [] {"uid":"b07d751"}
[2019-10-29 23:36:16] UTN FRA LOGGER.INFO: Datos  =PostmanRuntime/7.18.0 [] {"uid":"6245d03"}
[2019-10-29 23:36:16] UTN FRA LOGGER.INFO: ip =::1 [] {"uid":"6245d03"}
[2019-10-29 23:36:23] UTN FRA LOGGER.INFO: Datos  =PostmanRuntime/7.18.0 [] {"uid":"339f733"}
[2019-10-29 23:36:23] UTN FRA LOGGER.INFO: ip =::1 [] {"uid":"339f733"}
[2019-10-29 23:36:28] UTN FRA LOGGER.INFO: Datos  =PostmanRuntime/7.18.0 [] {"uid":"d0226df"}
[2019-10-29 23:36:28] UTN FRA LOGGER.INFO: ip =::1 [] {"uid":"d0226df"}
[2019-10-29 23:40:29] UTN FRA LOGGER.INFO: Datos  =PostmanRuntime/7.18.0 [] {"uid":"07778b9"}
[2019-10-29 23:40:29] UTN FRA LOGGER.INFO: ip =::1 [] {"uid":"07778b9"}
[2019-10-29 23:40:57] UTN FRA LOGGER.INFO: Datos  =PostmanRuntime/7.18.0 [] {"uid":"113c39f"}
[2019-10-29 23:40:57] UTN FRA LOGGER.INFO: ip =::1 [] {"uid":"113c39f"}
[2019-10-29 23:41:02] UTN FRA LOGGER.INFO: Datos  =PostmanRuntime/7.18.0 [] {"uid":"97a0131"}
[2019-10-29 23:41:02] UTN FRA LOGGER.INFO: ip =::1 [] {"uid":"97a0131"}
[2019-10-29 23:41:05] UTN FRA LOGGER.INFO: Datos  =PostmanRuntime/7.18.0 [] {"uid":"f6dce4a"}
[2019-10-29 23:41:05] UTN FRA LOGGER.INFO: ip =::1 [] {"uid":"f6dce4a"}
[2019-10-29 23:41:06] UTN FRA LOGGER.INFO: Datos  =PostmanRuntime/7.18.0 [] {"uid":"548a717"}
[2019-10-29 23:41:06] UTN FRA LOGGER.INFO: ip =::1 [] {"uid":"548a717"}
[2019-10-29 23:41:10] UTN FRA LOGGER.INFO: Datos  =PostmanRuntime/7.18.0 [] {"uid":"81869e9"}
[2019-10-29 23:41:10] UTN FRA LOGGER.INFO: ip =::1 [] {"uid":"81869e9"}
[2019-10-29 23:41:17] UTN FRA LOGGER.INFO: Datos  =PostmanRuntime/7.18.0 [] {"uid":"320076a"}
[2019-10-29 23:41:17] UTN FRA LOGGER.INFO: ip =::1 [] {"uid":"320076a"}
[2019-10-29 23:55:14] UTN FRA LOGGER.INFO: Datos  =PostmanRuntime/7.18.0 [] {"uid":"197c56a"}
[2019-10-29 23:55:14] UTN FRA LOGGER.INFO: ip =::1 [] {"uid":"197c56a"}
[2019-10-29 23:55:18] UTN FRA LOGGER.INFO: Datos  =PostmanRuntime/7.18.0 [] {"uid":"f0f60cf"}
[2019-10-29 23:55:18] UTN FRA LOGGER.INFO: ip =::1 [] {"uid":"f0f60cf"}
[2019-10-29 23:55:27] UTN FRA LOGGER.INFO: Datos  =PostmanRuntime/7.18.0 [] {"uid":"c6049ce"}
[2019-10-29 23:55:27] UTN FRA LOGGER.INFO: ip =::1 [] {"uid":"c6049ce"}
[2019-10-29 23:55:28] UTN FRA LOGGER.INFO: Datos  =PostmanRuntime/7.18.0 [] {"uid":"bb15e44"}
[2019-10-29 23:55:28] UTN FRA LOGGER.INFO: ip =::1 [] {"uid":"bb15e44"}
[2019-10-29 23:59:11] UTN FRA LOGGER.INFO: Datos  =PostmanRuntime/7.18.0 [] {"uid":"1beec4d"}
[2019-10-29 23:59:11] UTN FRA LOGGER.INFO: ip =::1 [] {"uid":"1beec4d"}
[2019-10-29 23:59:21] UTN FRA LOGGER.INFO: Datos  =PostmanRuntime/7.18.0 [] {"uid":"78027de"}
[2019-10-29 23:59:21] UTN FRA LOGGER.INFO: ip =::1 [] {"uid":"78027de"}
[2019-10-29 23:59:35] UTN FRA LOGGER.INFO: Datos  =Mozilla/5.0 (Windows NT 6.1; Win64; x64) AppleWebKit/537.36 (KHTML, like Gecko) Chrome/76.0.3809.132 Safari/537.36 [] {"uid":"21cba80"}
[2019-10-29 23:59:35] UTN FRA LOGGER.INFO: ip =::1 [] {"uid":"21cba80"}
[2019-10-30 00:00:09] UTN FRA LOGGER.INFO: Datos  =PostmanRuntime/7.18.0 [] {"uid":"11c27d3"}
[2019-10-30 00:00:09] UTN FRA LOGGER.INFO: ip =::1 [] {"uid":"11c27d3"}
[2019-10-30 00:00:18] UTN FRA LOGGER.INFO: Datos  =PostmanRuntime/7.18.0 [] {"uid":"7856095"}
[2019-10-30 00:00:18] UTN FRA LOGGER.INFO: ip =::1 [] {"uid":"7856095"}
[2019-10-30 00:03:13] UTN FRA LOGGER.INFO: Datos  =PostmanRuntime/7.18.0 [] {"uid":"cb99263"}
[2019-10-30 00:03:13] UTN FRA LOGGER.INFO: ip =::1 [] {"uid":"cb99263"}
[2019-10-30 00:03:17] UTN FRA LOGGER.INFO: Datos  =PostmanRuntime/7.18.0 [] {"uid":"ff283f8"}
[2019-10-30 00:03:17] UTN FRA LOGGER.INFO: ip =::1 [] {"uid":"ff283f8"}
[2019-10-30 00:04:03] UTN FRA LOGGER.INFO: Datos  =PostmanRuntime/7.18.0 [] {"uid":"f28ef64"}
[2019-10-30 00:04:03] UTN FRA LOGGER.INFO: ip =::1 [] {"uid":"f28ef64"}
[2019-10-30 00:04:09] UTN FRA LOGGER.INFO: Datos  =PostmanRuntime/7.18.0 [] {"uid":"791ad64"}
[2019-10-30 00:04:09] UTN FRA LOGGER.INFO: ip =::1 [] {"uid":"791ad64"}
[2019-10-30 00:04:10] UTN FRA LOGGER.INFO: Datos  =PostmanRuntime/7.18.0 [] {"uid":"4f43ee1"}
[2019-10-30 00:04:10] UTN FRA LOGGER.INFO: ip =::1 [] {"uid":"4f43ee1"}
[2019-10-30 00:07:14] UTN FRA LOGGER.INFO: Datos  =PostmanRuntime/7.18.0 [] {"uid":"b1e3770"}
[2019-10-30 00:07:14] UTN FRA LOGGER.INFO: ip =::1 [] {"uid":"b1e3770"}
[2019-10-30 00:07:33] UTN FRA LOGGER.INFO: Datos  =PostmanRuntime/7.18.0 [] {"uid":"35d931d"}
[2019-10-30 00:07:33] UTN FRA LOGGER.INFO: ip =::1 [] {"uid":"35d931d"}
[2019-10-30 00:23:02] UTN FRA LOGGER.INFO: Datos  =PostmanRuntime/7.18.0 [] {"uid":"84b571b"}
[2019-10-30 00:23:02] UTN FRA LOGGER.INFO: ip =::1 [] {"uid":"84b571b"}
[2019-10-30 00:23:07] UTN FRA LOGGER.INFO: Datos  =PostmanRuntime/7.18.0 [] {"uid":"b60388d"}
[2019-10-30 00:23:07] UTN FRA LOGGER.INFO: ip =::1 [] {"uid":"b60388d"}
[2019-10-30 00:23:27] UTN FRA LOGGER.INFO: Datos  =PostmanRuntime/7.18.0 [] {"uid":"a839292"}
[2019-10-30 00:23:27] UTN FRA LOGGER.INFO: ip =::1 [] {"uid":"a839292"}
[2019-10-30 01:35:29] UTN FRA LOGGER.INFO: Datos  =PostmanRuntime/7.18.0 [] {"uid":"bb46749"}
[2019-10-30 01:35:29] UTN FRA LOGGER.INFO: ip =::1 [] {"uid":"bb46749"}
[2019-10-30 01:35:40] UTN FRA LOGGER.INFO: Datos  =PostmanRuntime/7.18.0 [] {"uid":"d66c361"}
[2019-10-30 01:35:40] UTN FRA LOGGER.INFO: ip =::1 [] {"uid":"d66c361"}
[2019-10-30 01:36:01] UTN FRA LOGGER.INFO: Datos  =PostmanRuntime/7.18.0 [] {"uid":"abbf8bb"}
[2019-10-30 01:36:01] UTN FRA LOGGER.INFO: ip =::1 [] {"uid":"abbf8bb"}
[2019-10-30 01:38:24] UTN FRA LOGGER.INFO: Datos  =PostmanRuntime/7.18.0 [] {"uid":"7a67d77"}
[2019-10-30 01:38:24] UTN FRA LOGGER.INFO: ip =::1 [] {"uid":"7a67d77"}
[2019-10-30 01:44:48] UTN FRA LOGGER.INFO: Datos  =PostmanRuntime/7.18.0 [] {"uid":"1d85d1e"}
[2019-10-30 01:44:48] UTN FRA LOGGER.INFO: ip =::1 [] {"uid":"1d85d1e"}
[2019-10-30 01:50:38] UTN FRA LOGGER.INFO: Datos  =PostmanRuntime/7.18.0 [] {"uid":"3ffdf2e"}
[2019-10-30 01:50:38] UTN FRA LOGGER.INFO: ip =::1 [] {"uid":"3ffdf2e"}
[2019-10-30 01:52:07] UTN FRA LOGGER.INFO: Datos  =PostmanRuntime/7.18.0 [] {"uid":"d0b7192"}
[2019-10-30 01:52:07] UTN FRA LOGGER.INFO: ip =::1 [] {"uid":"d0b7192"}
[2019-10-30 01:52:52] UTN FRA LOGGER.INFO: Datos  =PostmanRuntime/7.18.0 [] {"uid":"0ae783c"}
[2019-10-30 01:52:52] UTN FRA LOGGER.INFO: ip =::1 [] {"uid":"0ae783c"}
[2019-10-30 01:53:28] UTN FRA LOGGER.INFO: Datos  =PostmanRuntime/7.18.0 [] {"uid":"69b77d0"}
[2019-10-30 01:53:28] UTN FRA LOGGER.INFO: ip =::1 [] {"uid":"69b77d0"}
[2019-10-30 02:03:04] UTN FRA LOGGER.INFO: Datos  =PostmanRuntime/7.18.0 [] {"uid":"7b21769"}
[2019-10-30 02:03:04] UTN FRA LOGGER.INFO: ip =::1 [] {"uid":"7b21769"}
