[2019-11-12 23:21:14] UTN FRA LOGGER.INFO: metodo=GET, URI=http%3A%2F%2Flocalhost%2FProgramacion-III%2FExamenes%2FSP.Usuario%2Fpublic, RUTA=%2F, autoridad=localhost [] {"uid":"f35d0f6"}
[2019-11-12 23:21:14] UTN FRA LOGGER.INFO: Slim-Skeleton '/' route [] {"uid":"f35d0f6"}
[2019-11-12 23:22:02] UTN FRA LOGGER.INFO: metodo=GET, URI=http%3A%2F%2Flocalhost%2FProgramacion-III%2FExamenes%2FSP.Usuario%2Fpublic, RUTA=usuario, autoridad=localhost [] {"uid":"8d44c13"}
[2019-11-12 23:22:02] UTN FRA LOGGER.INFO: Slim-Skeleton '/' route [] {"uid":"8d44c13"}
[2019-11-12 23:22:09] UTN FRA LOGGER.INFO: metodo=POST, URI=http%3A%2F%2Flocalhost%2FProgramacion-III%2FExamenes%2FSP.Usuario%2Fpublic, RUTA=usuarios, autoridad=localhost [] {"uid":"1455842"}
[2019-11-12 23:22:28] UTN FRA LOGGER.INFO: metodo=POST, URI=http%3A%2F%2Flocalhost%2FProgramacion-III%2FExamenes%2FSP.Usuario%2Fpublic, RUTA=Usuario, autoridad=localhost [] {"uid":"1c775f1"}
[2019-11-12 23:23:30] UTN FRA LOGGER.INFO: metodo=GET, URI=http%3A%2F%2Flocalhost%2FProgramacion-III%2FExamenes%2FSP.Usuario%2Fpublic, RUTA=Usuario%2F, autoridad=localhost [] {"uid":"ade2ba9"}
[2019-11-12 23:29:33] UTN FRA LOGGER.INFO: metodo=GET, URI=http%3A%2F%2Flocalhost%2FProgramacion-III%2FExamenes%2FSP.Usuario%2Fpublic, RUTA=Usuario%2F, autoridad=localhost [] {"uid":"1b86364"}
[2019-11-12 23:32:35] UTN FRA LOGGER.INFO: metodo=POST, URI=http%3A%2F%2Flocalhost%2FProgramacion-III%2FExamenes%2FSP.Usuario%2Fpublic, RUTA=Usuario%2F, autoridad=localhost [] {"uid":"67ff6c5"}
[2019-11-12 23:37:02] UTN FRA LOGGER.INFO: metodo=POST, URI=http%3A%2F%2Flocalhost%2FProgramacion-III%2FExamenes%2FSP.Usuario%2Fpublic, RUTA=Usuario%2F, autoridad=localhost [] {"uid":"e11059a"}
[2019-11-12 23:40:59] UTN FRA LOGGER.INFO: metodo=POST, URI=http%3A%2F%2Flocalhost%2FProgramacion-III%2FExamenes%2FSP.Usuario%2Fpublic, RUTA=Usuario%2F, autoridad=localhost [] {"uid":"eb48411"}
[2019-11-12 23:41:40] UTN FRA LOGGER.INFO: metodo=POST, URI=http%3A%2F%2Flocalhost%2FProgramacion-III%2FExamenes%2FSP.Usuario%2Fpublic, RUTA=Usuario%2F, autoridad=localhost [] {"uid":"d3d7a47"}
[2019-11-12 23:42:16] UTN FRA LOGGER.INFO: metodo=POST, URI=http%3A%2F%2Flocalhost%2FProgramacion-III%2FExamenes%2FSP.Usuario%2Fpublic, RUTA=Usuario%2F, autoridad=localhost [] {"uid":"2baa6db"}
[2019-11-12 23:43:46] UTN FRA LOGGER.INFO: metodo=POST, URI=http%3A%2F%2Flocalhost%2FProgramacion-III%2FExamenes%2FSP.Usuario%2Fpublic, RUTA=Usuario%2F, autoridad=localhost [] {"uid":"343e41a"}
[2019-11-12 23:43:58] UTN FRA LOGGER.INFO: metodo=POST, URI=http%3A%2F%2Flocalhost%2FProgramacion-III%2FExamenes%2FSP.Usuario%2Fpublic, RUTA=Usuario%2F, autoridad=localhost [] {"uid":"8e8afd9"}
[2019-11-12 23:44:02] UTN FRA LOGGER.INFO: metodo=POST, URI=http%3A%2F%2Flocalhost%2FProgramacion-III%2FExamenes%2FSP.Usuario%2Fpublic, RUTA=Usuario%2F, autoridad=localhost [] {"uid":"28334c2"}
[2019-11-12 23:44:10] UTN FRA LOGGER.INFO: metodo=POST, URI=http%3A%2F%2Flocalhost%2FProgramacion-III%2FExamenes%2FSP.Usuario%2Fpublic, RUTA=Usuario%2F, autoridad=localhost [] {"uid":"950c7f1"}
[2019-11-12 23:45:11] UTN FRA LOGGER.INFO: metodo=POST, URI=http%3A%2F%2Flocalhost%2FProgramacion-III%2FExamenes%2FSP.Usuario%2Fpublic, RUTA=Usuario%2F, autoridad=localhost [] {"uid":"300bb56"}
[2019-11-12 23:45:46] UTN FRA LOGGER.INFO: metodo=POST, URI=http%3A%2F%2Flocalhost%2FProgramacion-III%2FExamenes%2FSP.Usuario%2Fpublic, RUTA=Usuario%2F, autoridad=localhost [] {"uid":"8adc6f3"}
[2019-11-12 23:45:58] UTN FRA LOGGER.INFO: metodo=GET, URI=http%3A%2F%2Flocalhost%2FProgramacion-III%2FExamenes%2FSP.Usuario%2Fpublic, RUTA=Usuario%2F, autoridad=localhost [] {"uid":"ebf074f"}
[2019-11-12 23:46:07] UTN FRA LOGGER.INFO: metodo=GET, URI=http%3A%2F%2Flocalhost%2FProgramacion-III%2FExamenes%2FSP.Usuario%2Fpublic, RUTA=Usuario, autoridad=localhost [] {"uid":"94b585b"}
[2019-11-12 23:46:07] UTN FRA LOGGER.INFO: Slim-Skeleton '/' route [] {"uid":"94b585b"}
[2019-11-12 23:49:47] UTN FRA LOGGER.INFO: metodo=POST, URI=http%3A%2F%2Flocalhost%2FProgramacion-III%2FExamenes%2FSP.Usuario%2Fpublic, RUTA=Usuario%2Fusuario%2F, autoridad=localhost [] {"uid":"f0b0cae"}
[2019-11-12 23:50:29] UTN FRA LOGGER.INFO: metodo=POST, URI=http%3A%2F%2Flocalhost%2FProgramacion-III%2FExamenes%2FSP.Usuario%2Fpublic, RUTA=Usuario%2Fusuario, autoridad=localhost [] {"uid":"57c372e"}
[2019-11-12 23:50:43] UTN FRA LOGGER.INFO: metodo=POST, URI=http%3A%2F%2Flocalhost%2FProgramacion-III%2FExamenes%2FSP.Usuario%2Fpublic, RUTA=Usuario%2Flogin, autoridad=localhost [] {"uid":"cfb74da"}
[2019-11-12 23:51:45] UTN FRA LOGGER.INFO: metodo=POST, URI=http%3A%2F%2Flocalhost%2FProgramacion-III%2FExamenes%2FSP.Usuario%2Fpublic, RUTA=Usuario%2Flogin, autoridad=localhost [] {"uid":"d1a229e"}
[2019-11-12 23:52:24] UTN FRA LOGGER.INFO: metodo=POST, URI=http%3A%2F%2Flocalhost%2FProgramacion-III%2FExamenes%2FSP.Usuario%2Fpublic, RUTA=Usuario%2Flogin, autoridad=localhost [] {"uid":"03674b0"}
[2019-11-12 23:52:39] UTN FRA LOGGER.INFO: metodo=POST, URI=http%3A%2F%2Flocalhost%2FProgramacion-III%2FExamenes%2FSP.Usuario%2Fpublic, RUTA=Usuario%2Flogin, autoridad=localhost [] {"uid":"920c4d3"}
[2019-11-12 23:52:57] UTN FRA LOGGER.INFO: metodo=POST, URI=http%3A%2F%2Flocalhost%2FProgramacion-III%2FExamenes%2FSP.Usuario%2Fpublic, RUTA=Usuario%2Flogin, autoridad=localhost [] {"uid":"90fa56a"}
[2019-11-12 23:54:04] UTN FRA LOGGER.INFO: metodo=POST, URI=http%3A%2F%2Flocalhost%2FProgramacion-III%2FExamenes%2FSP.Usuario%2Fpublic, RUTA=Usuario%2Flogin, autoridad=localhost [] {"uid":"73a5db3"}
[2019-11-12 23:54:14] UTN FRA LOGGER.INFO: metodo=POST, URI=http%3A%2F%2Flocalhost%2FProgramacion-III%2FExamenes%2FSP.Usuario%2Fpublic, RUTA=Usuario%2Flogin, autoridad=localhost [] {"uid":"534b0a3"}
[2019-11-12 23:54:32] UTN FRA LOGGER.INFO: metodo=POST, URI=http%3A%2F%2Flocalhost%2FProgramacion-III%2FExamenes%2FSP.Usuario%2Fpublic, RUTA=Usuario%2Flogin, autoridad=localhost [] {"uid":"658139d"}
[2019-11-13 00:02:17] UTN FRA LOGGER.INFO: metodo=POST, URI=http%3A%2F%2Flocalhost%2FProgramacion-III%2FExamenes%2FSP.Usuario%2Fpublic, RUTA=Usuario%2Flogin, autoridad=localhost [] {"uid":"f973fbb"}
[2019-11-13 00:03:24] UTN FRA LOGGER.INFO: metodo=POST, URI=http%3A%2F%2Flocalhost%2FProgramacion-III%2FExamenes%2FSP.Usuario%2Fpublic, RUTA=Usuario%2Flogin, autoridad=localhost [] {"uid":"e1269b5"}
[2019-11-13 00:03:39] UTN FRA LOGGER.INFO: metodo=POST, URI=http%3A%2F%2Flocalhost%2FProgramacion-III%2FExamenes%2FSP.Usuario%2Fpublic, RUTA=Usuario%2Flogin, autoridad=localhost [] {"uid":"fe69e47"}
[2019-11-13 00:04:06] UTN FRA LOGGER.INFO: metodo=POST, URI=http%3A%2F%2Flocalhost%2FProgramacion-III%2FExamenes%2FSP.Usuario%2Fpublic, RUTA=Usuario%2Flogin, autoridad=localhost [] {"uid":"aff698e"}
[2019-11-13 00:05:39] UTN FRA LOGGER.INFO: metodo=POST, URI=http%3A%2F%2Flocalhost%2FProgramacion-III%2FExamenes%2FSP.Usuario%2Fpublic, RUTA=Usuario%2Flogin, autoridad=localhost [] {"uid":"5a64db7"}
[2019-11-13 00:06:59] UTN FRA LOGGER.INFO: metodo=POST, URI=http%3A%2F%2Flocalhost%2FProgramacion-III%2FExamenes%2FSP.Usuario%2Fpublic, RUTA=Usuario%2Flogin, autoridad=localhost [] {"uid":"6abc9e7"}
[2019-11-13 00:07:22] UTN FRA LOGGER.INFO: metodo=POST, URI=http%3A%2F%2Flocalhost%2FProgramacion-III%2FExamenes%2FSP.Usuario%2Fpublic, RUTA=Usuario%2Flogin, autoridad=localhost [] {"uid":"963c764"}
[2019-11-13 00:09:49] UTN FRA LOGGER.INFO: metodo=POST, URI=http%3A%2F%2Flocalhost%2FProgramacion-III%2FExamenes%2FSP.Usuario%2Fpublic, RUTA=Usuario%2Flogin, autoridad=localhost [] {"uid":"05a8b9b"}
[2019-11-13 00:10:02] UTN FRA LOGGER.INFO: metodo=POST, URI=http%3A%2F%2Flocalhost%2FProgramacion-III%2FExamenes%2FSP.Usuario%2Fpublic, RUTA=Usuario%2Flogin, autoridad=localhost [] {"uid":"d4394d2"}
[2019-11-13 00:11:23] UTN FRA LOGGER.INFO: metodo=POST, URI=http%3A%2F%2Flocalhost%2FProgramacion-III%2FExamenes%2FSP.Usuario%2Fpublic, RUTA=Usuario%2Flogin, autoridad=localhost [] {"uid":"3db72ec"}
[2019-11-13 00:12:17] UTN FRA LOGGER.INFO: metodo=POST, URI=http%3A%2F%2Flocalhost%2FProgramacion-III%2FExamenes%2FSP.Usuario%2Fpublic, RUTA=Usuario%2Flogin, autoridad=localhost [] {"uid":"2714c87"}
[2019-11-13 00:12:25] UTN FRA LOGGER.INFO: metodo=POST, URI=http%3A%2F%2Flocalhost%2FProgramacion-III%2FExamenes%2FSP.Usuario%2Fpublic, RUTA=Usuario%2Flogin, autoridad=localhost [] {"uid":"ee88003"}
[2019-11-13 00:12:47] UTN FRA LOGGER.INFO: metodo=POST, URI=http%3A%2F%2Flocalhost%2FProgramacion-III%2FExamenes%2FSP.Usuario%2Fpublic, RUTA=Usuario%2Flogin, autoridad=localhost [] {"uid":"856e0cf"}
[2019-11-13 00:12:58] UTN FRA LOGGER.INFO: metodo=POST, URI=http%3A%2F%2Flocalhost%2FProgramacion-III%2FExamenes%2FSP.Usuario%2Fpublic, RUTA=Usuario%2Flogin, autoridad=localhost [] {"uid":"ef87a5b"}
[2019-11-13 00:13:05] UTN FRA LOGGER.INFO: metodo=POST, URI=http%3A%2F%2Flocalhost%2FProgramacion-III%2FExamenes%2FSP.Usuario%2Fpublic, RUTA=Usuario%2Flogin, autoridad=localhost [] {"uid":"6d9659c"}
[2019-11-13 00:13:43] UTN FRA LOGGER.INFO: metodo=POST, URI=http%3A%2F%2Flocalhost%2FProgramacion-III%2FExamenes%2FSP.Usuario%2Fpublic, RUTA=Usuario%2Flogin, autoridad=localhost [] {"uid":"66dd609"}
[2019-11-13 00:14:01] UTN FRA LOGGER.INFO: metodo=POST, URI=http%3A%2F%2Flocalhost%2FProgramacion-III%2FExamenes%2FSP.Usuario%2Fpublic, RUTA=Usuario%2Flogin, autoridad=localhost [] {"uid":"f86f4cd"}
[2019-11-13 00:16:09] UTN FRA LOGGER.INFO: metodo=POST, URI=http%3A%2F%2Flocalhost%2FProgramacion-III%2FExamenes%2FSP.Usuario%2Fpublic, RUTA=Usuario%2Flogin, autoridad=localhost [] {"uid":"9633568"}
[2019-11-13 00:16:57] UTN FRA LOGGER.INFO: metodo=POST, URI=http%3A%2F%2Flocalhost%2FProgramacion-III%2FExamenes%2FSP.Usuario%2Fpublic, RUTA=Usuario%2Flogin, autoridad=localhost [] {"uid":"74f6f3d"}
[2019-11-13 00:18:04] UTN FRA LOGGER.INFO: metodo=POST, URI=http%3A%2F%2Flocalhost%2FProgramacion-III%2FExamenes%2FSP.Usuario%2Fpublic, RUTA=Usuario%2Flogin, autoridad=localhost [] {"uid":"ec5c286"}
[2019-11-13 00:19:15] UTN FRA LOGGER.INFO: metodo=POST, URI=http%3A%2F%2Flocalhost%2FProgramacion-III%2FExamenes%2FSP.Usuario%2Fpublic, RUTA=Usuario%2Flogin, autoridad=localhost [] {"uid":"d501d9c"}
[2019-11-13 00:22:26] UTN FRA LOGGER.INFO: metodo=POST, URI=http%3A%2F%2Flocalhost%2FProgramacion-III%2FExamenes%2FSP.Usuario%2Fpublic, RUTA=Usuario%2Flogin, autoridad=localhost [] {"uid":"3b0b26c"}
[2019-11-13 00:22:41] UTN FRA LOGGER.INFO: metodo=POST, URI=http%3A%2F%2Flocalhost%2FProgramacion-III%2FExamenes%2FSP.Usuario%2Fpublic, RUTA=Usuario%2Flogin, autoridad=localhost [] {"uid":"82f3fb2"}
[2019-11-13 00:23:00] UTN FRA LOGGER.INFO: metodo=POST, URI=http%3A%2F%2Flocalhost%2FProgramacion-III%2FExamenes%2FSP.Usuario%2Fpublic, RUTA=Usuario%2Flogin, autoridad=localhost [] {"uid":"82f1fcc"}
[2019-11-13 00:27:35] UTN FRA LOGGER.INFO: metodo=POST, URI=http%3A%2F%2Flocalhost%2FProgramacion-III%2FExamenes%2FSP.Usuario%2Fpublic, RUTA=Usuario%2Flogin, autoridad=localhost [] {"uid":"cae5bc6"}
[2019-11-13 00:27:56] UTN FRA LOGGER.INFO: metodo=POST, URI=http%3A%2F%2Flocalhost%2FProgramacion-III%2FExamenes%2FSP.Usuario%2Fpublic, RUTA=Usuario%2Flogin, autoridad=localhost [] {"uid":"3722309"}
[2019-11-13 00:28:08] UTN FRA LOGGER.INFO: metodo=POST, URI=http%3A%2F%2Flocalhost%2FProgramacion-III%2FExamenes%2FSP.Usuario%2Fpublic, RUTA=Usuario%2Flogin, autoridad=localhost [] {"uid":"0ddf2c4"}
[2019-11-13 00:28:08] UTN FRA LOGGER.INFO: metodo=POST, URI=http%3A%2F%2Flocalhost%2FProgramacion-III%2FExamenes%2FSP.Usuario%2Fpublic, RUTA=Usuario%2Flogin, autoridad=localhost [] {"uid":"f85b44d"}
[2019-11-13 00:28:09] UTN FRA LOGGER.INFO: metodo=POST, URI=http%3A%2F%2Flocalhost%2FProgramacion-III%2FExamenes%2FSP.Usuario%2Fpublic, RUTA=Usuario%2Flogin, autoridad=localhost [] {"uid":"5f866ab"}
[2019-11-13 00:28:18] UTN FRA LOGGER.INFO: metodo=POST, URI=http%3A%2F%2Flocalhost%2FProgramacion-III%2FExamenes%2FSP.Usuario%2Fpublic, RUTA=Usuario%2Flogin, autoridad=localhost [] {"uid":"de51e29"}
[2019-11-13 00:28:49] UTN FRA LOGGER.INFO: metodo=POST, URI=http%3A%2F%2Flocalhost%2FProgramacion-III%2FExamenes%2FSP.Usuario%2Fpublic, RUTA=Usuario%2Flogin, autoridad=localhost [] {"uid":"9aa60f7"}
[2019-11-13 00:28:55] UTN FRA LOGGER.INFO: metodo=POST, URI=http%3A%2F%2Flocalhost%2FProgramacion-III%2FExamenes%2FSP.Usuario%2Fpublic, RUTA=Usuario%2Flogin, autoridad=localhost [] {"uid":"1389da3"}
[2019-11-13 00:29:48] UTN FRA LOGGER.INFO: metodo=POST, URI=http%3A%2F%2Flocalhost%2FProgramacion-III%2FExamenes%2FSP.Usuario%2Fpublic, RUTA=Usuario%2Flogin, autoridad=localhost [] {"uid":"b181255"}
[2019-11-13 00:29:58] UTN FRA LOGGER.INFO: metodo=POST, URI=http%3A%2F%2Flocalhost%2FProgramacion-III%2FExamenes%2FSP.Usuario%2Fpublic, RUTA=Usuario%2Flogin, autoridad=localhost [] {"uid":"6d56061"}
[2019-11-13 00:30:20] UTN FRA LOGGER.INFO: metodo=POST, URI=http%3A%2F%2Flocalhost%2FProgramacion-III%2FExamenes%2FSP.Usuario%2Fpublic, RUTA=Usuario%2Flogin, autoridad=localhost [] {"uid":"50eab48"}
[2019-11-13 00:31:25] UTN FRA LOGGER.INFO: metodo=POST, URI=http%3A%2F%2Flocalhost%2FProgramacion-III%2FExamenes%2FSP.Usuario%2Fpublic, RUTA=Usuario%2Flogin, autoridad=localhost [] {"uid":"9a7e0e4"}
[2019-11-13 00:31:56] UTN FRA LOGGER.INFO: metodo=POST, URI=http%3A%2F%2Flocalhost%2FProgramacion-III%2FExamenes%2FSP.Usuario%2Fpublic, RUTA=Usuario%2Flogin, autoridad=localhost [] {"uid":"3bad2c2"}
[2019-11-13 00:31:57] UTN FRA LOGGER.INFO: metodo=POST, URI=http%3A%2F%2Flocalhost%2FProgramacion-III%2FExamenes%2FSP.Usuario%2Fpublic, RUTA=Usuario%2Flogin, autoridad=localhost [] {"uid":"1ccb210"}
[2019-11-13 00:31:58] UTN FRA LOGGER.INFO: metodo=POST, URI=http%3A%2F%2Flocalhost%2FProgramacion-III%2FExamenes%2FSP.Usuario%2Fpublic, RUTA=Usuario%2Flogin, autoridad=localhost [] {"uid":"dfceb32"}
[2019-11-13 00:32:20] UTN FRA LOGGER.INFO: metodo=POST, URI=http%3A%2F%2Flocalhost%2FProgramacion-III%2FExamenes%2FSP.Usuario%2Fpublic, RUTA=Usuario%2Flogin, autoridad=localhost [] {"uid":"05f0292"}
[2019-11-13 00:32:28] UTN FRA LOGGER.INFO: metodo=POST, URI=http%3A%2F%2Flocalhost%2FProgramacion-III%2FExamenes%2FSP.Usuario%2Fpublic, RUTA=Usuario%2Flogin, autoridad=localhost [] {"uid":"7d2f532"}
[2019-11-13 00:32:47] UTN FRA LOGGER.INFO: metodo=POST, URI=http%3A%2F%2Flocalhost%2FProgramacion-III%2FExamenes%2FSP.Usuario%2Fpublic, RUTA=Usuario%2Flogin, autoridad=localhost [] {"uid":"9338fcc"}
[2019-11-13 00:33:05] UTN FRA LOGGER.INFO: metodo=POST, URI=http%3A%2F%2Flocalhost%2FProgramacion-III%2FExamenes%2FSP.Usuario%2Fpublic, RUTA=Usuario%2Flogin, autoridad=localhost [] {"uid":"77b0ce4"}
[2019-11-13 00:33:33] UTN FRA LOGGER.INFO: metodo=POST, URI=http%3A%2F%2Flocalhost%2FProgramacion-III%2FExamenes%2FSP.Usuario%2Fpublic, RUTA=Usuario%2Flogin, autoridad=localhost [] {"uid":"63553b7"}
[2019-11-13 00:33:41] UTN FRA LOGGER.INFO: metodo=POST, URI=http%3A%2F%2Flocalhost%2FProgramacion-III%2FExamenes%2FSP.Usuario%2Fpublic, RUTA=Usuario%2Flogin, autoridad=localhost [] {"uid":"49c7d2f"}
[2019-11-13 00:33:55] UTN FRA LOGGER.INFO: metodo=POST, URI=http%3A%2F%2Flocalhost%2FProgramacion-III%2FExamenes%2FSP.Usuario%2Fpublic, RUTA=Usuario%2Flogin, autoridad=localhost [] {"uid":"cee9aad"}
[2019-11-13 00:35:58] UTN FRA LOGGER.INFO: metodo=POST, URI=http%3A%2F%2Flocalhost%2FProgramacion-III%2FExamenes%2FSP.Usuario%2Fpublic, RUTA=Usuario%2Flogin, autoridad=localhost [] {"uid":"4289936"}
[2019-11-13 00:36:03] UTN FRA LOGGER.INFO: metodo=POST, URI=http%3A%2F%2Flocalhost%2FProgramacion-III%2FExamenes%2FSP.Usuario%2Fpublic, RUTA=Usuario%2Flogin, autoridad=localhost [] {"uid":"867c9e4"}
[2019-11-13 00:36:41] UTN FRA LOGGER.INFO: metodo=POST, URI=http%3A%2F%2Flocalhost%2FProgramacion-III%2FExamenes%2FSP.Usuario%2Fpublic, RUTA=Usuario%2Flogin, autoridad=localhost [] {"uid":"c2a5c6a"}
[2019-11-13 00:36:42] UTN FRA LOGGER.INFO: metodo=POST, URI=http%3A%2F%2Flocalhost%2FProgramacion-III%2FExamenes%2FSP.Usuario%2Fpublic, RUTA=Usuario%2Flogin, autoridad=localhost [] {"uid":"4d78c5b"}
[2019-11-13 00:36:48] UTN FRA LOGGER.INFO: metodo=POST, URI=http%3A%2F%2Flocalhost%2FProgramacion-III%2FExamenes%2FSP.Usuario%2Fpublic, RUTA=Usuario%2Flogin, autoridad=localhost [] {"uid":"28770c6"}
[2019-11-13 00:36:52] UTN FRA LOGGER.INFO: metodo=POST, URI=http%3A%2F%2Flocalhost%2FProgramacion-III%2FExamenes%2FSP.Usuario%2Fpublic, RUTA=Usuario%2Flogin, autoridad=localhost [] {"uid":"163d4a2"}
[2019-11-13 00:38:09] UTN FRA LOGGER.INFO: metodo=POST, URI=http%3A%2F%2Flocalhost%2FProgramacion-III%2FExamenes%2FSP.Usuario%2Fpublic, RUTA=Usuario%2Flogin, autoridad=localhost [] {"uid":"b2813a7"}
[2019-11-13 00:38:15] UTN FRA LOGGER.INFO: metodo=POST, URI=http%3A%2F%2Flocalhost%2FProgramacion-III%2FExamenes%2FSP.Usuario%2Fpublic, RUTA=Usuario%2Flogin, autoridad=localhost [] {"uid":"22cec3e"}
[2019-11-13 00:39:41] UTN FRA LOGGER.INFO: metodo=POST, URI=http%3A%2F%2Flocalhost%2FProgramacion-III%2FExamenes%2FSP.Usuario%2Fpublic, RUTA=Usuario%2Flogin, autoridad=localhost [] {"uid":"8dade9a"}
[2019-11-13 00:40:37] UTN FRA LOGGER.INFO: metodo=POST, URI=http%3A%2F%2Flocalhost%2FProgramacion-III%2FExamenes%2FSP.Usuario%2Fpublic, RUTA=Usuario%2Flogin, autoridad=localhost [] {"uid":"f04d9a8"}
[2019-11-13 00:41:13] UTN FRA LOGGER.INFO: metodo=POST, URI=http%3A%2F%2Flocalhost%2FProgramacion-III%2FExamenes%2FSP.Usuario%2Fpublic, RUTA=Usuario%2Flogin, autoridad=localhost [] {"uid":"1c2d626"}
[2019-11-13 00:41:36] UTN FRA LOGGER.INFO: metodo=POST, URI=http%3A%2F%2Flocalhost%2FProgramacion-III%2FExamenes%2FSP.Usuario%2Fpublic, RUTA=Usuario%2Flogin, autoridad=localhost [] {"uid":"3a6b54d"}
[2019-11-13 00:41:54] UTN FRA LOGGER.INFO: metodo=POST, URI=http%3A%2F%2Flocalhost%2FProgramacion-III%2FExamenes%2FSP.Usuario%2Fpublic, RUTA=Usuario%2Flogin, autoridad=localhost [] {"uid":"70ec633"}
[2019-11-13 00:43:37] UTN FRA LOGGER.INFO: metodo=POST, URI=http%3A%2F%2Flocalhost%2FProgramacion-III%2FExamenes%2FSP.Usuario%2Fpublic, RUTA=Usuario%2Flogin, autoridad=localhost [] {"uid":"bf18040"}
[2019-11-13 00:44:08] UTN FRA LOGGER.INFO: metodo=POST, URI=http%3A%2F%2Flocalhost%2FProgramacion-III%2FExamenes%2FSP.Usuario%2Fpublic, RUTA=Usuario%2Flogin, autoridad=localhost [] {"uid":"3926b19"}
[2019-11-13 00:44:20] UTN FRA LOGGER.INFO: metodo=POST, URI=http%3A%2F%2Flocalhost%2FProgramacion-III%2FExamenes%2FSP.Usuario%2Fpublic, RUTA=Usuario%2Flogin, autoridad=localhost [] {"uid":"31762ec"}
[2019-11-13 00:45:03] UTN FRA LOGGER.INFO: metodo=POST, URI=http%3A%2F%2Flocalhost%2FProgramacion-III%2FExamenes%2FSP.Usuario%2Fpublic, RUTA=Usuario%2Flogin, autoridad=localhost [] {"uid":"86b310b"}
[2019-11-13 00:45:30] UTN FRA LOGGER.INFO: metodo=POST, URI=http%3A%2F%2Flocalhost%2FProgramacion-III%2FExamenes%2FSP.Usuario%2Fpublic, RUTA=Usuario%2Flogin, autoridad=localhost [] {"uid":"9b04738"}
[2019-11-13 00:45:43] UTN FRA LOGGER.INFO: metodo=POST, URI=http%3A%2F%2Flocalhost%2FProgramacion-III%2FExamenes%2FSP.Usuario%2Fpublic, RUTA=Usuario%2Flogin, autoridad=localhost [] {"uid":"ee6f6c2"}
[2019-11-13 00:46:00] UTN FRA LOGGER.INFO: metodo=POST, URI=http%3A%2F%2Flocalhost%2FProgramacion-III%2FExamenes%2FSP.Usuario%2Fpublic, RUTA=Usuario%2Flogin, autoridad=localhost [] {"uid":"1c30f77"}
[2019-11-13 00:46:11] UTN FRA LOGGER.INFO: metodo=POST, URI=http%3A%2F%2Flocalhost%2FProgramacion-III%2FExamenes%2FSP.Usuario%2Fpublic, RUTA=Usuario%2Flogin, autoridad=localhost [] {"uid":"b292ed7"}
[2019-11-13 00:46:19] UTN FRA LOGGER.INFO: metodo=POST, URI=http%3A%2F%2Flocalhost%2FProgramacion-III%2FExamenes%2FSP.Usuario%2Fpublic, RUTA=Usuario%2Flogin, autoridad=localhost [] {"uid":"d600779"}
[2019-11-13 00:47:15] UTN FRA LOGGER.INFO: metodo=POST, URI=http%3A%2F%2Flocalhost%2FProgramacion-III%2FExamenes%2FSP.Usuario%2Fpublic, RUTA=Usuario%2Flogin, autoridad=localhost [] {"uid":"ababb0d"}
[2019-11-13 00:47:27] UTN FRA LOGGER.INFO: metodo=POST, URI=http%3A%2F%2Flocalhost%2FProgramacion-III%2FExamenes%2FSP.Usuario%2Fpublic, RUTA=Usuario%2Flogin, autoridad=localhost [] {"uid":"2579cb6"}
[2019-11-13 00:47:47] UTN FRA LOGGER.INFO: metodo=POST, URI=http%3A%2F%2Flocalhost%2FProgramacion-III%2FExamenes%2FSP.Usuario%2Fpublic, RUTA=Usuario%2Flogin, autoridad=localhost [] {"uid":"9346e17"}
[2019-11-13 00:48:08] UTN FRA LOGGER.INFO: metodo=POST, URI=http%3A%2F%2Flocalhost%2FProgramacion-III%2FExamenes%2FSP.Usuario%2Fpublic, RUTA=Usuario%2Flogin, autoridad=localhost [] {"uid":"f3d373e"}
[2019-11-13 00:50:06] UTN FRA LOGGER.INFO: metodo=POST, URI=http%3A%2F%2Flocalhost%2FProgramacion-III%2FExamenes%2FSP.Usuario%2Fpublic, RUTA=Usuario%2Flogin, autoridad=localhost [] {"uid":"6792f05"}
[2019-11-13 00:51:00] UTN FRA LOGGER.INFO: metodo=POST, URI=http%3A%2F%2Flocalhost%2FProgramacion-III%2FExamenes%2FSP.Usuario%2Fpublic, RUTA=Usuario%2Flogin, autoridad=localhost [] {"uid":"a6b6958"}
[2019-11-13 00:51:06] UTN FRA LOGGER.INFO: metodo=POST, URI=http%3A%2F%2Flocalhost%2FProgramacion-III%2FExamenes%2FSP.Usuario%2Fpublic, RUTA=Usuario%2Flogin, autoridad=localhost [] {"uid":"d37998e"}
[2019-11-13 00:51:27] UTN FRA LOGGER.INFO: metodo=POST, URI=http%3A%2F%2Flocalhost%2FProgramacion-III%2FExamenes%2FSP.Usuario%2Fpublic, RUTA=Usuario%2Flogin, autoridad=localhost [] {"uid":"3af18d4"}
[2019-11-13 00:52:47] UTN FRA LOGGER.INFO: metodo=POST, URI=http%3A%2F%2Flocalhost%2FProgramacion-III%2FExamenes%2FSP.Usuario%2Fpublic, RUTA=Usuario%2Flogin, autoridad=localhost [] {"uid":"ca8d22a"}
[2019-11-13 00:53:00] UTN FRA LOGGER.INFO: metodo=POST, URI=http%3A%2F%2Flocalhost%2FProgramacion-III%2FExamenes%2FSP.Usuario%2Fpublic, RUTA=Usuario%2Flogin, autoridad=localhost [] {"uid":"f6dc711"}
[2019-11-13 00:53:09] UTN FRA LOGGER.INFO: metodo=POST, URI=http%3A%2F%2Flocalhost%2FProgramacion-III%2FExamenes%2FSP.Usuario%2Fpublic, RUTA=Usuario%2Flogin, autoridad=localhost [] {"uid":"9899708"}
[2019-11-13 00:54:38] UTN FRA LOGGER.INFO: metodo=POST, URI=http%3A%2F%2Flocalhost%2FProgramacion-III%2FExamenes%2FSP.Usuario%2Fpublic, RUTA=Usuario%2Flogin, autoridad=localhost [] {"uid":"2ed52c1"}
[2019-11-13 00:55:38] UTN FRA LOGGER.INFO: metodo=POST, URI=http%3A%2F%2Flocalhost%2FProgramacion-III%2FExamenes%2FSP.Usuario%2Fpublic, RUTA=Usuario%2Flogin, autoridad=localhost [] {"uid":"0501a6a"}
[2019-11-13 00:55:42] UTN FRA LOGGER.INFO: metodo=POST, URI=http%3A%2F%2Flocalhost%2FProgramacion-III%2FExamenes%2FSP.Usuario%2Fpublic, RUTA=Usuario%2Flogin, autoridad=localhost [] {"uid":"901c1f3"}
[2019-11-13 00:56:00] UTN FRA LOGGER.INFO: metodo=POST, URI=http%3A%2F%2Flocalhost%2FProgramacion-III%2FExamenes%2FSP.Usuario%2Fpublic, RUTA=Usuario%2Flogin, autoridad=localhost [] {"uid":"83a895b"}
[2019-11-13 00:57:28] UTN FRA LOGGER.INFO: metodo=POST, URI=http%3A%2F%2Flocalhost%2FProgramacion-III%2FExamenes%2FSP.Usuario%2Fpublic, RUTA=Usuario%2Flogin, autoridad=localhost [] {"uid":"a4f0b53"}
[2019-11-13 00:57:43] UTN FRA LOGGER.INFO: metodo=POST, URI=http%3A%2F%2Flocalhost%2FProgramacion-III%2FExamenes%2FSP.Usuario%2Fpublic, RUTA=Usuario%2Flogin, autoridad=localhost [] {"uid":"eb2c087"}
[2019-11-13 00:58:45] UTN FRA LOGGER.INFO: metodo=POST, URI=http%3A%2F%2Flocalhost%2FProgramacion-III%2FExamenes%2FSP.Usuario%2Fpublic, RUTA=Usuario%2Flogin, autoridad=localhost [] {"uid":"188e0a9"}
[2019-11-13 00:59:04] UTN FRA LOGGER.INFO: metodo=POST, URI=http%3A%2F%2Flocalhost%2FProgramacion-III%2FExamenes%2FSP.Usuario%2Fpublic, RUTA=Usuario%2Flogin, autoridad=localhost [] {"uid":"83caec7"}
[2019-11-13 00:59:15] UTN FRA LOGGER.INFO: metodo=POST, URI=http%3A%2F%2Flocalhost%2FProgramacion-III%2FExamenes%2FSP.Usuario%2Fpublic, RUTA=Usuario%2Flogin, autoridad=localhost [] {"uid":"f7a3097"}
[2019-11-13 00:59:28] UTN FRA LOGGER.INFO: metodo=POST, URI=http%3A%2F%2Flocalhost%2FProgramacion-III%2FExamenes%2FSP.Usuario%2Fpublic, RUTA=Usuario%2Flogin, autoridad=localhost [] {"uid":"edbfd18"}
[2019-11-13 01:00:04] UTN FRA LOGGER.INFO: metodo=POST, URI=http%3A%2F%2Flocalhost%2FProgramacion-III%2FExamenes%2FSP.Usuario%2Fpublic, RUTA=Usuario%2Flogin, autoridad=localhost [] {"uid":"5ffe0f5"}
[2019-11-13 01:00:26] UTN FRA LOGGER.INFO: metodo=POST, URI=http%3A%2F%2Flocalhost%2FProgramacion-III%2FExamenes%2FSP.Usuario%2Fpublic, RUTA=Usuario%2Flogin, autoridad=localhost [] {"uid":"0d53111"}
[2019-11-13 01:00:38] UTN FRA LOGGER.INFO: metodo=POST, URI=http%3A%2F%2Flocalhost%2FProgramacion-III%2FExamenes%2FSP.Usuario%2Fpublic, RUTA=Usuario%2Flogin, autoridad=localhost [] {"uid":"9201f4b"}
[2019-11-13 01:00:46] UTN FRA LOGGER.INFO: metodo=POST, URI=http%3A%2F%2Flocalhost%2FProgramacion-III%2FExamenes%2FSP.Usuario%2Fpublic, RUTA=Usuario%2Flogin, autoridad=localhost [] {"uid":"f90ddc4"}
[2019-11-13 01:00:53] UTN FRA LOGGER.INFO: metodo=POST, URI=http%3A%2F%2Flocalhost%2FProgramacion-III%2FExamenes%2FSP.Usuario%2Fpublic, RUTA=Usuario%2Flogin, autoridad=localhost [] {"uid":"b4b6468"}
[2019-11-13 01:03:20] UTN FRA LOGGER.INFO: metodo=POST, URI=http%3A%2F%2Flocalhost%2FProgramacion-III%2FExamenes%2FSP.Usuario%2Fpublic, RUTA=Usuario%2Flogin, autoridad=localhost [] {"uid":"90606e1"}
[2019-11-13 01:03:25] UTN FRA LOGGER.INFO: metodo=POST, URI=http%3A%2F%2Flocalhost%2FProgramacion-III%2FExamenes%2FSP.Usuario%2Fpublic, RUTA=Usuario%2Flogin, autoridad=localhost [] {"uid":"816471b"}
[2019-11-13 01:04:27] UTN FRA LOGGER.INFO: metodo=POST, URI=http%3A%2F%2Flocalhost%2FProgramacion-III%2FExamenes%2FSP.Usuario%2Fpublic, RUTA=Usuario%2Flogin, autoridad=localhost [] {"uid":"91f7622"}
[2019-11-13 01:04:30] UTN FRA LOGGER.INFO: metodo=POST, URI=http%3A%2F%2Flocalhost%2FProgramacion-III%2FExamenes%2FSP.Usuario%2Fpublic, RUTA=Usuario%2Flogin, autoridad=localhost [] {"uid":"616a99f"}
[2019-11-13 01:05:48] UTN FRA LOGGER.INFO: metodo=POST, URI=http%3A%2F%2Flocalhost%2FProgramacion-III%2FExamenes%2FSP.Usuario%2Fpublic, RUTA=Usuario%2Flogin, autoridad=localhost [] {"uid":"bc8d4c5"}
[2019-11-13 01:06:03] UTN FRA LOGGER.INFO: metodo=POST, URI=http%3A%2F%2Flocalhost%2FProgramacion-III%2FExamenes%2FSP.Usuario%2Fpublic, RUTA=Usuario%2Flogin, autoridad=localhost [] {"uid":"572aab3"}
[2019-11-13 01:06:10] UTN FRA LOGGER.INFO: metodo=POST, URI=http%3A%2F%2Flocalhost%2FProgramacion-III%2FExamenes%2FSP.Usuario%2Fpublic, RUTA=Usuario%2Flogin, autoridad=localhost [] {"uid":"623abcf"}
[2019-11-13 01:06:28] UTN FRA LOGGER.INFO: metodo=POST, URI=http%3A%2F%2Flocalhost%2FProgramacion-III%2FExamenes%2FSP.Usuario%2Fpublic, RUTA=Usuario%2Flogin, autoridad=localhost [] {"uid":"27cd2a2"}
[2019-11-13 01:06:34] UTN FRA LOGGER.INFO: metodo=POST, URI=http%3A%2F%2Flocalhost%2FProgramacion-III%2FExamenes%2FSP.Usuario%2Fpublic, RUTA=Usuario%2Flogin, autoridad=localhost [] {"uid":"d401447"}
[2019-11-13 01:06:57] UTN FRA LOGGER.INFO: metodo=POST, URI=http%3A%2F%2Flocalhost%2FProgramacion-III%2FExamenes%2FSP.Usuario%2Fpublic, RUTA=Usuario%2Flogin, autoridad=localhost [] {"uid":"6a447ee"}
[2019-11-13 01:07:58] UTN FRA LOGGER.INFO: metodo=POST, URI=http%3A%2F%2Flocalhost%2FProgramacion-III%2FExamenes%2FSP.Usuario%2Fpublic, RUTA=Usuario%2Flogin, autoridad=localhost [] {"uid":"ce19c0f"}
[2019-11-13 01:09:39] UTN FRA LOGGER.INFO: metodo=POST, URI=http%3A%2F%2Flocalhost%2FProgramacion-III%2FExamenes%2FSP.Usuario%2Fpublic, RUTA=Usuario%2Flogin, autoridad=localhost [] {"uid":"83e3b51"}
[2019-11-13 01:09:42] UTN FRA LOGGER.INFO: metodo=POST, URI=http%3A%2F%2Flocalhost%2FProgramacion-III%2FExamenes%2FSP.Usuario%2Fpublic, RUTA=Usuario%2Flogin, autoridad=localhost [] {"uid":"0e51260"}
[2019-11-13 01:12:48] UTN FRA LOGGER.INFO: metodo=POST, URI=http%3A%2F%2Flocalhost%2FProgramacion-III%2FExamenes%2FSP.Usuario%2Fpublic, RUTA=Usuario%2Flogin, autoridad=localhost [] {"uid":"44bcd54"}
[2019-11-13 01:12:51] UTN FRA LOGGER.INFO: metodo=POST, URI=http%3A%2F%2Flocalhost%2FProgramacion-III%2FExamenes%2FSP.Usuario%2Fpublic, RUTA=Usuario%2Flogin, autoridad=localhost [] {"uid":"7844e8b"}
[2019-11-13 01:12:55] UTN FRA LOGGER.INFO: metodo=POST, URI=http%3A%2F%2Flocalhost%2FProgramacion-III%2FExamenes%2FSP.Usuario%2Fpublic, RUTA=Usuario%2Flogin, autoridad=localhost [] {"uid":"95a7973"}
[2019-11-13 01:15:02] UTN FRA LOGGER.INFO: metodo=POST, URI=http%3A%2F%2Flocalhost%2FProgramacion-III%2FExamenes%2FSP.Usuario%2Fpublic, RUTA=Usuario%2Fusuario, autoridad=localhost [] {"uid":"e89e105"}
[2019-11-13 01:15:07] UTN FRA LOGGER.INFO: metodo=POST, URI=http%3A%2F%2Flocalhost%2FProgramacion-III%2FExamenes%2FSP.Usuario%2Fpublic, RUTA=Usuario%2Flogin, autoridad=localhost [] {"uid":"5dc1770"}
[2019-11-17 22:53:00] UTN FRA LOGGER.INFO: metodo=GET, URI=http%3A%2F%2Flocalhost%2FProgramacion-III%2FExamenes%2FSP.Usuario%2Fpublic, RUTA=%2F, autoridad=localhost [] {"uid":"4379288"}
[2019-11-17 22:53:00] UTN FRA LOGGER.INFO: Slim-Skeleton '/' route [] {"uid":"4379288"}
[2019-11-17 22:53:10] UTN FRA LOGGER.INFO: metodo=POST, URI=http%3A%2F%2Flocalhost%2FProgramacion-III%2FExamenes%2FSP.Usuario%2Fpublic, RUTA=%2F, autoridad=localhost [] {"uid":"b963c0e"}
[2019-11-17 22:53:19] UTN FRA LOGGER.INFO: metodo=POST, URI=http%3A%2F%2Flocalhost%2FProgramacion-III%2FExamenes%2FSP.Usuario%2Fpublic, RUTA=Usuario%2Fusuario, autoridad=localhost [] {"uid":"a5e5d47"}
[2019-11-17 22:54:00] UTN FRA LOGGER.INFO: metodo=POST, URI=http%3A%2F%2Flocalhost%2FProgramacion-III%2FExamenes%2FSP.Usuario%2Fpublic, RUTA=Usuario%2Fusuario, autoridad=localhost [] {"uid":"a2caeb6"}
[2019-11-17 22:55:12] UTN FRA LOGGER.INFO: metodo=POST, URI=http%3A%2F%2Flocalhost%2FProgramacion-III%2FExamenes%2FSP.Usuario%2Fpublic, RUTA=%2F, autoridad=localhost [] {"uid":"43f10ad"}
[2019-11-17 22:57:12] UTN FRA LOGGER.INFO: metodo=POST, URI=http%3A%2F%2Flocalhost%2FProgramacion-III%2FExamenes%2FSP.Usuario%2Fpublic, RUTA=%2F, autoridad=localhost [] {"uid":"0a2957e"}
[2019-11-17 22:57:20] UTN FRA LOGGER.INFO: metodo=POST, URI=http%3A%2F%2Flocalhost%2FProgramacion-III%2FExamenes%2FSP.Usuario%2Fpublic, RUTA=Usuario, autoridad=localhost [] {"uid":"c3efabb"}
[2019-11-17 22:57:24] UTN FRA LOGGER.INFO: metodo=POST, URI=http%3A%2F%2Flocalhost%2FProgramacion-III%2FExamenes%2FSP.Usuario%2Fpublic, RUTA=Usuario%2Fusuario, autoridad=localhost [] {"uid":"ca20519"}
[2019-11-17 22:57:37] UTN FRA LOGGER.INFO: metodo=POST, URI=http%3A%2F%2Flocalhost%2FProgramacion-III%2FExamenes%2FSP.Usuario%2Fpublic, RUTA=Usuario%2Fusuario, autoridad=localhost [] {"uid":"c45d7db"}
[2019-11-17 22:58:01] UTN FRA LOGGER.INFO: metodo=POST, URI=http%3A%2F%2Flocalhost%2FProgramacion-III%2FExamenes%2FSP.Usuario%2Fpublic, RUTA=Usuario%2Fusuario, autoridad=localhost [] {"uid":"577b6fc"}
[2019-11-17 23:02:40] UTN FRA LOGGER.INFO: metodo=POST, URI=http%3A%2F%2Flocalhost%2FProgramacion-III%2FExamenes%2FSP.Usuario%2Fpublic, RUTA=Usuario%2Fusuario, autoridad=localhost [] {"uid":"5deea58"}
[2019-11-17 23:03:39] UTN FRA LOGGER.INFO: metodo=POST, URI=http%3A%2F%2Flocalhost%2FProgramacion-III%2FExamenes%2FSP.Usuario%2Fpublic, RUTA=Usuario%2Fusuario, autoridad=localhost [] {"uid":"d4700ed"}
[2019-11-17 23:05:56] UTN FRA LOGGER.INFO: metodo=POST, URI=http%3A%2F%2Flocalhost%2FProgramacion-III%2FExamenes%2FSP.Usuario%2Fpublic, RUTA=Usuario%2Fusuario, autoridad=localhost [] {"uid":"ae5999e"}
[2019-11-17 23:06:31] UTN FRA LOGGER.INFO: metodo=GET, URI=http%3A%2F%2Flocalhost%2FProgramacion-III%2FExamenes%2FSP.Usuario%2Fpublic, RUTA=Usuario%2Flogin, autoridad=localhost [] {"uid":"189aa34"}
[2019-11-17 23:06:39] UTN FRA LOGGER.INFO: metodo=POST, URI=http%3A%2F%2Flocalhost%2FProgramacion-III%2FExamenes%2FSP.Usuario%2Fpublic, RUTA=Usuario%2Flogin, autoridad=localhost [] {"uid":"a796d02"}
[2019-11-17 23:06:51] UTN FRA LOGGER.INFO: metodo=POST, URI=http%3A%2F%2Flocalhost%2FProgramacion-III%2FExamenes%2FSP.Usuario%2Fpublic, RUTA=Usuario%2Flogin, autoridad=localhost [] {"uid":"89d201d"}
[2019-11-17 23:07:53] UTN FRA LOGGER.INFO: metodo=POST, URI=http%3A%2F%2Flocalhost%2FProgramacion-III%2FExamenes%2FSP.Usuario%2Fpublic, RUTA=Usuario%2Flogin, autoridad=localhost [] {"uid":"1a72c20"}
[2019-11-17 23:08:06] UTN FRA LOGGER.INFO: metodo=POST, URI=http%3A%2F%2Flocalhost%2FProgramacion-III%2FExamenes%2FSP.Usuario%2Fpublic, RUTA=Usuario%2Flogin, autoridad=localhost [] {"uid":"9e0fa58"}
[2019-11-17 23:08:39] UTN FRA LOGGER.INFO: metodo=POST, URI=http%3A%2F%2Flocalhost%2FProgramacion-III%2FExamenes%2FSP.Usuario%2Fpublic, RUTA=Usuario%2Flogin, autoridad=localhost [] {"uid":"90ad2bc"}
[2019-11-17 23:08:44] UTN FRA LOGGER.INFO: metodo=POST, URI=http%3A%2F%2Flocalhost%2FProgramacion-III%2FExamenes%2FSP.Usuario%2Fpublic, RUTA=Usuario%2Flogin, autoridad=localhost [] {"uid":"d2eb233"}
[2019-11-17 23:08:48] UTN FRA LOGGER.INFO: metodo=POST, URI=http%3A%2F%2Flocalhost%2FProgramacion-III%2FExamenes%2FSP.Usuario%2Fpublic, RUTA=Usuario%2Flogin, autoridad=localhost [] {"uid":"8bc846f"}
[2019-11-17 23:27:06] UTN FRA LOGGER.INFO: metodo=POST, URI=http%3A%2F%2Flocalhost%2FProgramacion-III%2FExamenes%2FSP.Usuario%2Fpublic, RUTA=Usuario%2Flogin, autoridad=localhost [] {"uid":"9d69b88"}
[2019-11-17 23:27:25] UTN FRA LOGGER.INFO: metodo=POST, URI=http%3A%2F%2Flocalhost%2FProgramacion-III%2FExamenes%2FSP.Usuario%2Fpublic, RUTA=Usuario%2Flogin, autoridad=localhost [] {"uid":"9da10ee"}
[2019-11-17 23:27:44] UTN FRA LOGGER.INFO: metodo=POST, URI=http%3A%2F%2Flocalhost%2FProgramacion-III%2FExamenes%2FSP.Usuario%2Fpublic, RUTA=Usuario%2Flogin, autoridad=localhost [] {"uid":"5eb734d"}
[2019-11-17 23:29:21] UTN FRA LOGGER.INFO: metodo=POST, URI=http%3A%2F%2Flocalhost%2FProgramacion-III%2FExamenes%2FSP.Usuario%2Fpublic, RUTA=Usuario%2Flogin, autoridad=localhost [] {"uid":"4f7ea23"}
[2019-11-17 23:29:50] UTN FRA LOGGER.INFO: metodo=POST, URI=http%3A%2F%2Flocalhost%2FProgramacion-III%2FExamenes%2FSP.Usuario%2Fpublic, RUTA=Usuario%2Flogin, autoridad=localhost [] {"uid":"c013550"}
[2019-11-17 23:37:31] UTN FRA LOGGER.INFO: metodo=POST, URI=http%3A%2F%2Flocalhost%2FProgramacion-III%2FExamenes%2FSP.Usuario%2Fpublic, RUTA=Usuario%2Flogin, autoridad=localhost [] {"uid":"d3c9dd9"}
[2019-11-17 23:37:41] UTN FRA LOGGER.INFO: metodo=POST, URI=http%3A%2F%2Flocalhost%2FProgramacion-III%2FExamenes%2FSP.Usuario%2Fpublic, RUTA=Usuario%2Flogin, autoridad=localhost [] {"uid":"070d7a9"}
[2019-11-17 23:37:47] UTN FRA LOGGER.INFO: metodo=POST, URI=http%3A%2F%2Flocalhost%2FProgramacion-III%2FExamenes%2FSP.Usuario%2Fpublic, RUTA=Usuario%2Flogin, autoridad=localhost [] {"uid":"90b44bd"}
[2019-11-17 23:37:51] UTN FRA LOGGER.INFO: metodo=POST, URI=http%3A%2F%2Flocalhost%2FProgramacion-III%2FExamenes%2FSP.Usuario%2Fpublic, RUTA=Usuario%2Flogin, autoridad=localhost [] {"uid":"a9c51e3"}
[2019-11-17 23:39:36] UTN FRA LOGGER.INFO: metodo=POST, URI=http%3A%2F%2Flocalhost%2FProgramacion-III%2FExamenes%2FSP.Usuario%2Fpublic, RUTA=Usuario%2Flogin, autoridad=localhost [] {"uid":"ec5a4aa"}
[2019-11-17 23:40:03] UTN FRA LOGGER.INFO: metodo=POST, URI=http%3A%2F%2Flocalhost%2FProgramacion-III%2FExamenes%2FSP.Usuario%2Fpublic, RUTA=Usuario%2Flogin, autoridad=localhost [] {"uid":"332748b"}
[2019-11-17 23:40:08] UTN FRA LOGGER.INFO: metodo=POST, URI=http%3A%2F%2Flocalhost%2FProgramacion-III%2FExamenes%2FSP.Usuario%2Fpublic, RUTA=Usuario%2Flogin, autoridad=localhost [] {"uid":"11e4e62"}
[2019-11-17 23:40:12] UTN FRA LOGGER.INFO: metodo=POST, URI=http%3A%2F%2Flocalhost%2FProgramacion-III%2FExamenes%2FSP.Usuario%2Fpublic, RUTA=Usuario%2Flogin, autoridad=localhost [] {"uid":"c849d2b"}
[2019-11-17 23:40:37] UTN FRA LOGGER.INFO: metodo=POST, URI=http%3A%2F%2Flocalhost%2FProgramacion-III%2FExamenes%2FSP.Usuario%2Fpublic, RUTA=Usuario%2Flogin, autoridad=localhost [] {"uid":"a54cb9e"}
[2019-11-17 23:40:41] UTN FRA LOGGER.INFO: metodo=POST, URI=http%3A%2F%2Flocalhost%2FProgramacion-III%2FExamenes%2FSP.Usuario%2Fpublic, RUTA=Usuario%2Flogin, autoridad=localhost [] {"uid":"4353755"}
[2019-11-17 23:40:47] UTN FRA LOGGER.INFO: metodo=POST, URI=http%3A%2F%2Flocalhost%2FProgramacion-III%2FExamenes%2FSP.Usuario%2Fpublic, RUTA=Usuario%2Flogin, autoridad=localhost [] {"uid":"d5bc859"}
[2019-11-17 23:41:09] UTN FRA LOGGER.INFO: metodo=POST, URI=http%3A%2F%2Flocalhost%2FProgramacion-III%2FExamenes%2FSP.Usuario%2Fpublic, RUTA=Usuario%2Flogin, autoridad=localhost [] {"uid":"8a563a8"}
[2019-11-17 23:41:48] UTN FRA LOGGER.INFO: metodo=POST, URI=http%3A%2F%2Flocalhost%2FProgramacion-III%2FExamenes%2FSP.Usuario%2Fpublic, RUTA=Usuario%2Flogin, autoridad=localhost [] {"uid":"3f25f84"}
[2019-11-17 23:45:47] UTN FRA LOGGER.INFO: metodo=POST, URI=http%3A%2F%2Flocalhost%2FProgramacion-III%2FExamenes%2FSP.Usuario%2Fpublic, RUTA=Usuario%2Fusuario%2F, autoridad=localhost [] {"uid":"5126b0b"}
[2019-11-17 23:46:20] UTN FRA LOGGER.INFO: metodo=POST, URI=http%3A%2F%2Flocalhost%2FProgramacion-III%2FExamenes%2FSP.Usuario%2Fpublic, RUTA=Usuario%2Fusuario%2F, autoridad=localhost [] {"uid":"ae32a3c"}
[2019-11-17 23:47:15] UTN FRA LOGGER.INFO: metodo=POST, URI=http%3A%2F%2Flocalhost%2FProgramacion-III%2FExamenes%2FSP.Usuario%2Fpublic, RUTA=Usuario%2Fusuario%2F, autoridad=localhost [] {"uid":"17a1d7d"}
[2019-11-17 23:47:41] UTN FRA LOGGER.INFO: metodo=POST, URI=http%3A%2F%2Flocalhost%2FProgramacion-III%2FExamenes%2FSP.Usuario%2Fpublic, RUTA=Usuario%2Fusuario, autoridad=localhost [] {"uid":"b87733d"}
[2019-11-17 23:48:46] UTN FRA LOGGER.INFO: metodo=POST, URI=http%3A%2F%2Flocalhost%2FProgramacion-III%2FExamenes%2FSP.Usuario%2Fpublic, RUTA=Usuario%2Flogin, autoridad=localhost [] {"uid":"7d19760"}
[2019-11-17 23:48:50] UTN FRA LOGGER.INFO: metodo=POST, URI=http%3A%2F%2Flocalhost%2FProgramacion-III%2FExamenes%2FSP.Usuario%2Fpublic, RUTA=Usuario%2Fusuario, autoridad=localhost [] {"uid":"7b44e73"}
[2019-11-17 23:51:17] UTN FRA LOGGER.INFO: metodo=POST, URI=http%3A%2F%2Flocalhost%2FProgramacion-III%2FExamenes%2FSP.Usuario%2Fpublic, RUTA=Usuario%2Fusuario, autoridad=localhost [] {"uid":"a1ef329"}
[2019-11-17 23:51:23] UTN FRA LOGGER.INFO: metodo=POST, URI=http%3A%2F%2Flocalhost%2FProgramacion-III%2FExamenes%2FSP.Usuario%2Fpublic, RUTA=Usuario%2Fusuario, autoridad=localhost [] {"uid":"9bbf47e"}
[2019-11-17 23:52:32] UTN FRA LOGGER.INFO: metodo=POST, URI=http%3A%2F%2Flocalhost%2FProgramacion-III%2FExamenes%2FSP.Usuario%2Fpublic, RUTA=Usuario%2Fusuario, autoridad=localhost [] {"uid":"8952cca"}
[2019-11-17 23:52:38] UTN FRA LOGGER.INFO: metodo=POST, URI=http%3A%2F%2Flocalhost%2FProgramacion-III%2FExamenes%2FSP.Usuario%2Fpublic, RUTA=Usuario%2Fusuario, autoridad=localhost [] {"uid":"595cbcb"}
[2019-11-17 23:52:40] UTN FRA LOGGER.INFO: metodo=POST, URI=http%3A%2F%2Flocalhost%2FProgramacion-III%2FExamenes%2FSP.Usuario%2Fpublic, RUTA=Usuario%2Fusuario, autoridad=localhost [] {"uid":"6bee674"}
[2019-11-17 23:52:46] UTN FRA LOGGER.INFO: metodo=POST, URI=http%3A%2F%2Flocalhost%2FProgramacion-III%2FExamenes%2FSP.Usuario%2Fpublic, RUTA=Usuario%2Fusuario, autoridad=localhost [] {"uid":"41e28e2"}
[2019-11-17 23:52:50] UTN FRA LOGGER.INFO: metodo=POST, URI=http%3A%2F%2Flocalhost%2FProgramacion-III%2FExamenes%2FSP.Usuario%2Fpublic, RUTA=Usuario%2Fusuario, autoridad=localhost [] {"uid":"419885a"}
[2019-11-17 23:52:55] UTN FRA LOGGER.INFO: metodo=POST, URI=http%3A%2F%2Flocalhost%2FProgramacion-III%2FExamenes%2FSP.Usuario%2Fpublic, RUTA=Usuario%2Fusuario, autoridad=localhost [] {"uid":"e90ef91"}
[2019-11-17 23:53:27] UTN FRA LOGGER.INFO: metodo=POST, URI=http%3A%2F%2Flocalhost%2FProgramacion-III%2FExamenes%2FSP.Usuario%2Fpublic, RUTA=Usuario%2Fusuario, autoridad=localhost [] {"uid":"59ce7cf"}
[2019-11-18 00:03:01] UTN FRA LOGGER.INFO: metodo=POST, URI=http%3A%2F%2Flocalhost%2FProgramacion-III%2FExamenes%2FSP.Usuario%2Fpublic, RUTA=Usuario%2Fusuario, autoridad=localhost [] {"uid":"3d649ea"}
[2019-11-18 00:03:29] UTN FRA LOGGER.INFO: metodo=POST, URI=http%3A%2F%2Flocalhost%2FProgramacion-III%2FExamenes%2FSP.Usuario%2Fpublic, RUTA=Usuario%2Flogin, autoridad=localhost [] {"uid":"61befeb"}
[2019-11-18 00:03:52] UTN FRA LOGGER.INFO: metodo=POST, URI=http%3A%2F%2Flocalhost%2FProgramacion-III%2FExamenes%2FSP.Usuario%2Fpublic, RUTA=Usuario%2Fusuario, autoridad=localhost [] {"uid":"1babcec"}
[2019-11-18 00:04:37] UTN FRA LOGGER.INFO: metodo=POST, URI=http%3A%2F%2Flocalhost%2FProgramacion-III%2FExamenes%2FSP.Usuario%2Fpublic, RUTA=Usuario%2Fusuario, autoridad=localhost [] {"uid":"03e1094"}
[2019-11-18 00:04:43] UTN FRA LOGGER.INFO: metodo=POST, URI=http%3A%2F%2Flocalhost%2FProgramacion-III%2FExamenes%2FSP.Usuario%2Fpublic, RUTA=Usuario%2Flogin, autoridad=localhost [] {"uid":"597b48b"}
[2019-11-18 00:04:49] UTN FRA LOGGER.INFO: metodo=POST, URI=http%3A%2F%2Flocalhost%2FProgramacion-III%2FExamenes%2FSP.Usuario%2Fpublic, RUTA=Usuario%2Flogin, autoridad=localhost [] {"uid":"e52c551"}
[2019-11-18 00:04:56] UTN FRA LOGGER.INFO: metodo=POST, URI=http%3A%2F%2Flocalhost%2FProgramacion-III%2FExamenes%2FSP.Usuario%2Fpublic, RUTA=Usuario%2Flogin, autoridad=localhost [] {"uid":"65fab53"}
[2019-11-18 00:05:12] UTN FRA LOGGER.INFO: metodo=POST, URI=http%3A%2F%2Flocalhost%2FProgramacion-III%2FExamenes%2FSP.Usuario%2Fpublic, RUTA=Usuario%2Flogin, autoridad=localhost [] {"uid":"f4aa828"}
[2019-11-18 00:05:24] UTN FRA LOGGER.INFO: metodo=POST, URI=http%3A%2F%2Flocalhost%2FProgramacion-III%2FExamenes%2FSP.Usuario%2Fpublic, RUTA=Usuario%2Flogin, autoridad=localhost [] {"uid":"65a2294"}
[2019-11-18 00:05:49] UTN FRA LOGGER.INFO: metodo=POST, URI=http%3A%2F%2Flocalhost%2FProgramacion-III%2FExamenes%2FSP.Usuario%2Fpublic, RUTA=Usuario%2Flogin, autoridad=localhost [] {"uid":"14020c2"}
[2019-11-18 00:06:02] UTN FRA LOGGER.INFO: metodo=POST, URI=http%3A%2F%2Flocalhost%2FProgramacion-III%2FExamenes%2FSP.Usuario%2Fpublic, RUTA=Usuario%2Flogin, autoridad=localhost [] {"uid":"2d19506"}
[2019-11-18 01:05:37] UTN FRA LOGGER.INFO: metodo=POST, URI=http%3A%2F%2Flocalhost%2FProgramacion-III%2FExamenes%2FSP.Usuario%2Fpublic, RUTA=Usuario%2Flogin, autoridad=localhost [] {"uid":"5e178db"}
[2019-11-18 01:06:05] UTN FRA LOGGER.INFO: metodo=POST, URI=http%3A%2F%2Flocalhost%2FProgramacion-III%2FExamenes%2FSP.Usuario%2Fpublic, RUTA=Usuario%2Flogin, autoridad=localhost [] {"uid":"0f2482d"}
[2019-11-18 01:07:24] UTN FRA LOGGER.INFO: metodo=POST, URI=http%3A%2F%2Flocalhost%2FProgramacion-III%2FExamenes%2FSP.Usuario%2Fpublic, RUTA=Usuario%2Fusuario, autoridad=localhost [] {"uid":"65f25e2"}
[2019-11-18 01:08:12] UTN FRA LOGGER.INFO: metodo=POST, URI=http%3A%2F%2Flocalhost%2FProgramacion-III%2FExamenes%2FSP.Usuario%2Fpublic, RUTA=Usuario%2Flogin, autoridad=localhost [] {"uid":"616a96c"}
[2019-11-18 01:08:17] UTN FRA LOGGER.INFO: metodo=POST, URI=http%3A%2F%2Flocalhost%2FProgramacion-III%2FExamenes%2FSP.Usuario%2Fpublic, RUTA=Usuario%2Flogin, autoridad=localhost [] {"uid":"dd87f1d"}
[2019-11-18 01:08:52] UTN FRA LOGGER.INFO: metodo=POST, URI=http%3A%2F%2Flocalhost%2FProgramacion-III%2FExamenes%2FSP.Usuario%2Fpublic, RUTA=Usuario%2Flogin, autoridad=localhost [] {"uid":"00c2e85"}
[2019-11-18 01:09:34] UTN FRA LOGGER.INFO: metodo=POST, URI=http%3A%2F%2Flocalhost%2FProgramacion-III%2FExamenes%2FSP.Usuario%2Fpublic, RUTA=Usuario%2Flogin, autoridad=localhost [] {"uid":"9a99e27"}
[2019-11-18 01:09:44] UTN FRA LOGGER.INFO: metodo=POST, URI=http%3A%2F%2Flocalhost%2FProgramacion-III%2FExamenes%2FSP.Usuario%2Fpublic, RUTA=Usuario%2Flogin, autoridad=localhost [] {"uid":"cb4ec72"}
[2019-11-18 01:09:49] UTN FRA LOGGER.INFO: metodo=POST, URI=http%3A%2F%2Flocalhost%2FProgramacion-III%2FExamenes%2FSP.Usuario%2Fpublic, RUTA=Usuario%2Flogin, autoridad=localhost [] {"uid":"65d85ac"}
[2019-11-18 01:09:52] UTN FRA LOGGER.INFO: metodo=POST, URI=http%3A%2F%2Flocalhost%2FProgramacion-III%2FExamenes%2FSP.Usuario%2Fpublic, RUTA=Usuario%2Flogin, autoridad=localhost [] {"uid":"30a5aea"}
[2019-11-18 01:16:21] UTN FRA LOGGER.INFO: metodo=POST, URI=http%3A%2F%2Flocalhost%2FProgramacion-III%2FExamenes%2FSP.Usuario%2Fpublic, RUTA=Usuario%2Flogin, autoridad=localhost [] {"uid":"bd472ad"}
[2019-11-18 01:19:04] UTN FRA LOGGER.INFO: metodo=GET, URI=http%3A%2F%2Flocalhost%2FProgramacion-III%2FExamenes%2FSP.Usuario%2Fpublic, RUTA=Usuario%2Fmaterias, autoridad=localhost [] {"uid":"ffe86bb"}
[2019-11-18 01:19:17] UTN FRA LOGGER.INFO: metodo=POST, URI=http%3A%2F%2Flocalhost%2FProgramacion-III%2FExamenes%2FSP.Usuario%2Fpublic, RUTA=Usuario%2Fmaterias, autoridad=localhost [] {"uid":"23fc287"}
[2019-11-18 15:47:46] UTN FRA LOGGER.INFO: metodo=POST, URI=http%3A%2F%2Flocalhost%2FProgramacion-III%2FExamenes%2FSP.Usuario%2Fpublic, RUTA=Usuario%2Flogin, autoridad=localhost [] {"uid":"a9d2abc"}
[2019-11-18 15:48:31] UTN FRA LOGGER.INFO: metodo=POST, URI=http%3A%2F%2Flocalhost%2FProgramacion-III%2FExamenes%2FSP.Usuario%2Fpublic, RUTA=Usuario%2Flogin, autoridad=localhost [] {"uid":"3f03b1e"}
[2019-11-18 18:55:44] UTN FRA LOGGER.INFO: metodo=POST, URI=http%3A%2F%2Flocalhost%2FProgramacion-III%2FExamenes%2FSP.Usuario%2Fpublic, RUTA=Usuario%2Flogin, autoridad=localhost [] {"uid":"c5e2c73"}
[2019-11-18 18:55:47] UTN FRA LOGGER.INFO: metodo=POST, URI=http%3A%2F%2Flocalhost%2FProgramacion-III%2FExamenes%2FSP.Usuario%2Fpublic, RUTA=Usuario%2Flogin, autoridad=localhost [] {"uid":"1c26714"}
[2019-11-18 18:55:53] UTN FRA LOGGER.INFO: metodo=POST, URI=http%3A%2F%2Flocalhost%2FProgramacion-III%2FExamenes%2FSP.Usuario%2Fpublic, RUTA=Usuario%2Flogin, autoridad=localhost [] {"uid":"c1ece38"}
[2019-11-18 18:55:58] UTN FRA LOGGER.INFO: metodo=POST, URI=http%3A%2F%2Flocalhost%2FProgramacion-III%2FExamenes%2FSP.Usuario%2Fpublic, RUTA=Usuario%2Flogin, autoridad=localhost [] {"uid":"d934948"}
[2019-11-18 23:59:37] UTN FRA LOGGER.INFO: metodo=POST, URI=http%3A%2F%2Flocalhost%2FProgramacion-III%2FExamenes%2FSP.Usuario%2Fpublic, RUTA=Usuario%2Flogin, autoridad=localhost [] {"uid":"4b8377c"}
[2019-11-18 23:59:43] UTN FRA LOGGER.INFO: metodo=POST, URI=http%3A%2F%2Flocalhost%2FProgramacion-III%2FExamenes%2FSP.Usuario%2Fpublic, RUTA=Usuario%2Flogin, autoridad=localhost [] {"uid":"03d7477"}
[2019-11-18 23:59:47] UTN FRA LOGGER.INFO: metodo=POST, URI=http%3A%2F%2Flocalhost%2FProgramacion-III%2FExamenes%2FSP.Usuario%2Fpublic, RUTA=Usuario%2Flogin, autoridad=localhost [] {"uid":"61b991b"}
[2019-11-19 00:50:41] UTN FRA LOGGER.INFO: metodo=POST, URI=http%3A%2F%2Flocalhost%2FProgramacion-III%2FExamenes%2FSP.Usuario%2Fpublic, RUTA=Usuario%2Fmaterias, autoridad=localhost [] {"uid":"689a77d"}
[2019-11-19 00:50:44] UTN FRA LOGGER.INFO: metodo=POST, URI=http%3A%2F%2Flocalhost%2FProgramacion-III%2FExamenes%2FSP.Usuario%2Fpublic, RUTA=Usuario%2Fmaterias, autoridad=localhost [] {"uid":"eb6014e"}
[2019-11-19 00:51:50] UTN FRA LOGGER.INFO: metodo=POST, URI=http%3A%2F%2Flocalhost%2FProgramacion-III%2FExamenes%2FSP.Usuario%2Fpublic, RUTA=Usuario%2Fmaterias, autoridad=localhost [] {"uid":"fa2e3ac"}
[2019-11-19 00:52:07] UTN FRA LOGGER.INFO: metodo=POST, URI=http%3A%2F%2Flocalhost%2FProgramacion-III%2FExamenes%2FSP.Usuario%2Fpublic, RUTA=Usuario%2Fmaterias, autoridad=localhost [] {"uid":"c0b1748"}
[2019-11-19 00:52:57] UTN FRA LOGGER.INFO: metodo=POST, URI=http%3A%2F%2Flocalhost%2FProgramacion-III%2FExamenes%2FSP.Usuario%2Fpublic, RUTA=Usuario%2Fmaterias, autoridad=localhost [] {"uid":"0c0a75e"}
[2019-11-19 00:54:10] UTN FRA LOGGER.INFO: metodo=POST, URI=http%3A%2F%2Flocalhost%2FProgramacion-III%2FExamenes%2FSP.Usuario%2Fpublic, RUTA=Usuario%2Fmaterias, autoridad=localhost [] {"uid":"4125154"}
[2019-11-19 00:54:52] UTN FRA LOGGER.INFO: metodo=POST, URI=http%3A%2F%2Flocalhost%2FProgramacion-III%2FExamenes%2FSP.Usuario%2Fpublic, RUTA=Usuario%2Fmaterias, autoridad=localhost [] {"uid":"d6b8434"}
[2019-11-19 00:56:24] UTN FRA LOGGER.INFO: metodo=POST, URI=http%3A%2F%2Flocalhost%2FProgramacion-III%2FExamenes%2FSP.Usuario%2Fpublic, RUTA=Usuario%2Fmaterias, autoridad=localhost [] {"uid":"4b11fc5"}
[2019-11-19 00:56:45] UTN FRA LOGGER.INFO: metodo=POST, URI=http%3A%2F%2Flocalhost%2FProgramacion-III%2FExamenes%2FSP.Usuario%2Fpublic, RUTA=Usuario%2Fmaterias, autoridad=localhost [] {"uid":"7580280"}
[2019-11-19 00:57:23] UTN FRA LOGGER.INFO: metodo=POST, URI=http%3A%2F%2Flocalhost%2FProgramacion-III%2FExamenes%2FSP.Usuario%2Fpublic, RUTA=Usuario%2Fmaterias, autoridad=localhost [] {"uid":"fbfa745"}
[2019-11-19 00:57:31] UTN FRA LOGGER.INFO: metodo=POST, URI=http%3A%2F%2Flocalhost%2FProgramacion-III%2FExamenes%2FSP.Usuario%2Fpublic, RUTA=Usuario%2Fmaterias, autoridad=localhost [] {"uid":"a86d5ff"}
[2019-11-19 00:58:31] UTN FRA LOGGER.INFO: metodo=POST, URI=http%3A%2F%2Flocalhost%2FProgramacion-III%2FExamenes%2FSP.Usuario%2Fpublic, RUTA=Usuario%2Fmaterias, autoridad=localhost [] {"uid":"55be044"}
[2019-11-19 01:02:00] UTN FRA LOGGER.INFO: metodo=POST, URI=http%3A%2F%2Flocalhost%2FProgramacion-III%2FExamenes%2FSP.Usuario%2Fpublic, RUTA=Usuario%2Fmaterias, autoridad=localhost [] {"uid":"78da410"}
[2019-11-26 00:54:44] UTN FRA LOGGER.INFO: metodo=POST, URI=http%3A%2F%2Flocalhost%2FProgramacion-III%2FExamenes%2FSP.Usuario%2Fpublic, RUTA=Usuario%2Fusuario, autoridad=localhost [] {"uid":"9c11553"}
