[2019-11-12 23:21:14] UTN FRA LOGGER.INFO: Datos  =Mozilla/5.0 (Windows NT 6.1; Win64; x64) AppleWebKit/537.36 (KHTML, like Gecko) Chrome/78.0.3904.97 Safari/537.36 [] {"uid":"dea4faf"}
[2019-11-12 23:21:14] UTN FRA LOGGER.INFO: ip =::1 [] {"uid":"dea4faf"}
[2019-11-12 23:22:02] UTN FRA LOGGER.INFO: Datos  =PostmanRuntime/7.19.0 [] {"uid":"0344401"}
[2019-11-12 23:22:02] UTN FRA LOGGER.INFO: ip =::1 [] {"uid":"0344401"}
[2019-11-12 23:22:09] UTN FRA LOGGER.INFO: Datos  =PostmanRuntime/7.19.0 [] {"uid":"3e5f8b0"}
[2019-11-12 23:22:09] UTN FRA LOGGER.INFO: ip =::1 [] {"uid":"3e5f8b0"}
[2019-11-12 23:22:28] UTN FRA LOGGER.INFO: Datos  =PostmanRuntime/7.19.0 [] {"uid":"3c38e81"}
[2019-11-12 23:22:28] UTN FRA LOGGER.INFO: ip =::1 [] {"uid":"3c38e81"}
[2019-11-12 23:23:30] UTN FRA LOGGER.INFO: Datos  =PostmanRuntime/7.19.0 [] {"uid":"62dd41f"}
[2019-11-12 23:23:30] UTN FRA LOGGER.INFO: ip =::1 [] {"uid":"62dd41f"}
[2019-11-12 23:29:33] UTN FRA LOGGER.INFO: Datos  =PostmanRuntime/7.19.0 [] {"uid":"22654a0"}
[2019-11-12 23:29:33] UTN FRA LOGGER.INFO: ip =::1 [] {"uid":"22654a0"}
[2019-11-12 23:32:35] UTN FRA LOGGER.INFO: Datos  =PostmanRuntime/7.19.0 [] {"uid":"a0fbe5c"}
[2019-11-12 23:32:35] UTN FRA LOGGER.INFO: ip =::1 [] {"uid":"a0fbe5c"}
[2019-11-12 23:37:02] UTN FRA LOGGER.INFO: Datos  =PostmanRuntime/7.19.0 [] {"uid":"ff3df1d"}
[2019-11-12 23:37:02] UTN FRA LOGGER.INFO: ip =::1 [] {"uid":"ff3df1d"}
[2019-11-12 23:40:59] UTN FRA LOGGER.INFO: Datos  =PostmanRuntime/7.19.0 [] {"uid":"458bf93"}
[2019-11-12 23:40:59] UTN FRA LOGGER.INFO: ip =::1 [] {"uid":"458bf93"}
[2019-11-12 23:41:40] UTN FRA LOGGER.INFO: Datos  =PostmanRuntime/7.19.0 [] {"uid":"9ab350e"}
[2019-11-12 23:41:40] UTN FRA LOGGER.INFO: ip =::1 [] {"uid":"9ab350e"}
[2019-11-12 23:42:16] UTN FRA LOGGER.INFO: Datos  =PostmanRuntime/7.19.0 [] {"uid":"4aa2cae"}
[2019-11-12 23:42:16] UTN FRA LOGGER.INFO: ip =::1 [] {"uid":"4aa2cae"}
[2019-11-12 23:43:46] UTN FRA LOGGER.INFO: Datos  =PostmanRuntime/7.19.0 [] {"uid":"43edb46"}
[2019-11-12 23:43:46] UTN FRA LOGGER.INFO: ip =::1 [] {"uid":"43edb46"}
[2019-11-12 23:43:58] UTN FRA LOGGER.INFO: Datos  =PostmanRuntime/7.19.0 [] {"uid":"04559f3"}
[2019-11-12 23:43:58] UTN FRA LOGGER.INFO: ip =::1 [] {"uid":"04559f3"}
[2019-11-12 23:44:02] UTN FRA LOGGER.INFO: Datos  =PostmanRuntime/7.19.0 [] {"uid":"baa43b6"}
[2019-11-12 23:44:02] UTN FRA LOGGER.INFO: ip =::1 [] {"uid":"baa43b6"}
[2019-11-12 23:44:10] UTN FRA LOGGER.INFO: Datos  =PostmanRuntime/7.19.0 [] {"uid":"5ac69ff"}
[2019-11-12 23:44:10] UTN FRA LOGGER.INFO: ip =::1 [] {"uid":"5ac69ff"}
[2019-11-12 23:45:11] UTN FRA LOGGER.INFO: Datos  =PostmanRuntime/7.19.0 [] {"uid":"a663ae2"}
[2019-11-12 23:45:11] UTN FRA LOGGER.INFO: ip =::1 [] {"uid":"a663ae2"}
[2019-11-12 23:45:46] UTN FRA LOGGER.INFO: Datos  =PostmanRuntime/7.19.0 [] {"uid":"bb33429"}
[2019-11-12 23:45:46] UTN FRA LOGGER.INFO: ip =::1 [] {"uid":"bb33429"}
[2019-11-12 23:45:58] UTN FRA LOGGER.INFO: Datos  =PostmanRuntime/7.19.0 [] {"uid":"7830faa"}
[2019-11-12 23:45:58] UTN FRA LOGGER.INFO: ip =::1 [] {"uid":"7830faa"}
[2019-11-12 23:46:07] UTN FRA LOGGER.INFO: Datos  =PostmanRuntime/7.19.0 [] {"uid":"d11c0e5"}
[2019-11-12 23:46:07] UTN FRA LOGGER.INFO: ip =::1 [] {"uid":"d11c0e5"}
[2019-11-12 23:49:47] UTN FRA LOGGER.INFO: Datos  =PostmanRuntime/7.19.0 [] {"uid":"7cb2531"}
[2019-11-12 23:49:47] UTN FRA LOGGER.INFO: ip =::1 [] {"uid":"7cb2531"}
[2019-11-12 23:50:29] UTN FRA LOGGER.INFO: Datos  =PostmanRuntime/7.19.0 [] {"uid":"2b85762"}
[2019-11-12 23:50:29] UTN FRA LOGGER.INFO: ip =::1 [] {"uid":"2b85762"}
[2019-11-12 23:50:43] UTN FRA LOGGER.INFO: Datos  =PostmanRuntime/7.19.0 [] {"uid":"13a70fb"}
[2019-11-12 23:50:43] UTN FRA LOGGER.INFO: ip =::1 [] {"uid":"13a70fb"}
[2019-11-12 23:51:45] UTN FRA LOGGER.INFO: Datos  =PostmanRuntime/7.19.0 [] {"uid":"80b3c01"}
[2019-11-12 23:51:45] UTN FRA LOGGER.INFO: ip =::1 [] {"uid":"80b3c01"}
[2019-11-12 23:52:24] UTN FRA LOGGER.INFO: Datos  =PostmanRuntime/7.19.0 [] {"uid":"0176b07"}
[2019-11-12 23:52:24] UTN FRA LOGGER.INFO: ip =::1 [] {"uid":"0176b07"}
[2019-11-12 23:52:39] UTN FRA LOGGER.INFO: Datos  =PostmanRuntime/7.19.0 [] {"uid":"8c5ecf4"}
[2019-11-12 23:52:39] UTN FRA LOGGER.INFO: ip =::1 [] {"uid":"8c5ecf4"}
[2019-11-12 23:52:57] UTN FRA LOGGER.INFO: Datos  =PostmanRuntime/7.19.0 [] {"uid":"4ad990e"}
[2019-11-12 23:52:57] UTN FRA LOGGER.INFO: ip =::1 [] {"uid":"4ad990e"}
[2019-11-12 23:54:04] UTN FRA LOGGER.INFO: Datos  =PostmanRuntime/7.19.0 [] {"uid":"aa1cce9"}
[2019-11-12 23:54:04] UTN FRA LOGGER.INFO: ip =::1 [] {"uid":"aa1cce9"}
[2019-11-12 23:54:14] UTN FRA LOGGER.INFO: Datos  =PostmanRuntime/7.19.0 [] {"uid":"05ac385"}
[2019-11-12 23:54:14] UTN FRA LOGGER.INFO: ip =::1 [] {"uid":"05ac385"}
[2019-11-12 23:54:32] UTN FRA LOGGER.INFO: Datos  =PostmanRuntime/7.19.0 [] {"uid":"adef7a5"}
[2019-11-12 23:54:32] UTN FRA LOGGER.INFO: ip =::1 [] {"uid":"adef7a5"}
[2019-11-13 00:02:17] UTN FRA LOGGER.INFO: Datos  =PostmanRuntime/7.19.0 [] {"uid":"1ba64fe"}
[2019-11-13 00:02:17] UTN FRA LOGGER.INFO: ip =::1 [] {"uid":"1ba64fe"}
[2019-11-13 00:03:24] UTN FRA LOGGER.INFO: Datos  =PostmanRuntime/7.19.0 [] {"uid":"a2726f5"}
[2019-11-13 00:03:24] UTN FRA LOGGER.INFO: ip =::1 [] {"uid":"a2726f5"}
[2019-11-13 00:03:39] UTN FRA LOGGER.INFO: Datos  =PostmanRuntime/7.19.0 [] {"uid":"d5f2b07"}
[2019-11-13 00:03:39] UTN FRA LOGGER.INFO: ip =::1 [] {"uid":"d5f2b07"}
[2019-11-13 00:04:06] UTN FRA LOGGER.INFO: Datos  =PostmanRuntime/7.19.0 [] {"uid":"a39ad1b"}
[2019-11-13 00:04:06] UTN FRA LOGGER.INFO: ip =::1 [] {"uid":"a39ad1b"}
[2019-11-13 00:05:39] UTN FRA LOGGER.INFO: Datos  =PostmanRuntime/7.19.0 [] {"uid":"9be5bd2"}
[2019-11-13 00:05:39] UTN FRA LOGGER.INFO: ip =::1 [] {"uid":"9be5bd2"}
[2019-11-13 00:06:59] UTN FRA LOGGER.INFO: Datos  =PostmanRuntime/7.19.0 [] {"uid":"c7fab69"}
[2019-11-13 00:06:59] UTN FRA LOGGER.INFO: ip =::1 [] {"uid":"c7fab69"}
[2019-11-13 00:07:22] UTN FRA LOGGER.INFO: Datos  =PostmanRuntime/7.19.0 [] {"uid":"7248d5f"}
[2019-11-13 00:07:22] UTN FRA LOGGER.INFO: ip =::1 [] {"uid":"7248d5f"}
[2019-11-13 00:09:49] UTN FRA LOGGER.INFO: Datos  =PostmanRuntime/7.19.0 [] {"uid":"2ea8d8e"}
[2019-11-13 00:09:49] UTN FRA LOGGER.INFO: ip =::1 [] {"uid":"2ea8d8e"}
[2019-11-13 00:10:02] UTN FRA LOGGER.INFO: Datos  =PostmanRuntime/7.19.0 [] {"uid":"790503e"}
[2019-11-13 00:10:02] UTN FRA LOGGER.INFO: ip =::1 [] {"uid":"790503e"}
[2019-11-13 00:11:23] UTN FRA LOGGER.INFO: Datos  =PostmanRuntime/7.19.0 [] {"uid":"3b4776d"}
[2019-11-13 00:11:23] UTN FRA LOGGER.INFO: ip =::1 [] {"uid":"3b4776d"}
[2019-11-13 00:12:17] UTN FRA LOGGER.INFO: Datos  =PostmanRuntime/7.19.0 [] {"uid":"20ff4d2"}
[2019-11-13 00:12:17] UTN FRA LOGGER.INFO: ip =::1 [] {"uid":"20ff4d2"}
[2019-11-13 00:12:25] UTN FRA LOGGER.INFO: Datos  =PostmanRuntime/7.19.0 [] {"uid":"ea90155"}
[2019-11-13 00:12:25] UTN FRA LOGGER.INFO: ip =::1 [] {"uid":"ea90155"}
[2019-11-13 00:12:47] UTN FRA LOGGER.INFO: Datos  =PostmanRuntime/7.19.0 [] {"uid":"25cd426"}
[2019-11-13 00:12:47] UTN FRA LOGGER.INFO: ip =::1 [] {"uid":"25cd426"}
[2019-11-13 00:12:58] UTN FRA LOGGER.INFO: Datos  =PostmanRuntime/7.19.0 [] {"uid":"3cc5ee1"}
[2019-11-13 00:12:58] UTN FRA LOGGER.INFO: ip =::1 [] {"uid":"3cc5ee1"}
[2019-11-13 00:13:05] UTN FRA LOGGER.INFO: Datos  =PostmanRuntime/7.19.0 [] {"uid":"3c16bce"}
[2019-11-13 00:13:05] UTN FRA LOGGER.INFO: ip =::1 [] {"uid":"3c16bce"}
[2019-11-13 00:13:43] UTN FRA LOGGER.INFO: Datos  =PostmanRuntime/7.19.0 [] {"uid":"330cddd"}
[2019-11-13 00:13:43] UTN FRA LOGGER.INFO: ip =::1 [] {"uid":"330cddd"}
[2019-11-13 00:14:01] UTN FRA LOGGER.INFO: Datos  =PostmanRuntime/7.19.0 [] {"uid":"a531eff"}
[2019-11-13 00:14:01] UTN FRA LOGGER.INFO: ip =::1 [] {"uid":"a531eff"}
[2019-11-13 00:16:09] UTN FRA LOGGER.INFO: Datos  =PostmanRuntime/7.19.0 [] {"uid":"806d983"}
[2019-11-13 00:16:09] UTN FRA LOGGER.INFO: ip =::1 [] {"uid":"806d983"}
[2019-11-13 00:16:57] UTN FRA LOGGER.INFO: Datos  =PostmanRuntime/7.19.0 [] {"uid":"6283bb3"}
[2019-11-13 00:16:57] UTN FRA LOGGER.INFO: ip =::1 [] {"uid":"6283bb3"}
[2019-11-13 00:18:04] UTN FRA LOGGER.INFO: Datos  =PostmanRuntime/7.19.0 [] {"uid":"2123bff"}
[2019-11-13 00:18:04] UTN FRA LOGGER.INFO: ip =::1 [] {"uid":"2123bff"}
[2019-11-13 00:19:15] UTN FRA LOGGER.INFO: Datos  =PostmanRuntime/7.19.0 [] {"uid":"faf3864"}
[2019-11-13 00:19:15] UTN FRA LOGGER.INFO: ip =::1 [] {"uid":"faf3864"}
[2019-11-13 00:22:26] UTN FRA LOGGER.INFO: Datos  =PostmanRuntime/7.19.0 [] {"uid":"fd34ece"}
[2019-11-13 00:22:26] UTN FRA LOGGER.INFO: ip =::1 [] {"uid":"fd34ece"}
[2019-11-13 00:22:41] UTN FRA LOGGER.INFO: Datos  =PostmanRuntime/7.19.0 [] {"uid":"47db3b7"}
[2019-11-13 00:22:41] UTN FRA LOGGER.INFO: ip =::1 [] {"uid":"47db3b7"}
[2019-11-13 00:23:00] UTN FRA LOGGER.INFO: Datos  =PostmanRuntime/7.19.0 [] {"uid":"eaaf1c9"}
[2019-11-13 00:23:00] UTN FRA LOGGER.INFO: ip =::1 [] {"uid":"eaaf1c9"}
[2019-11-13 00:27:35] UTN FRA LOGGER.INFO: Datos  =PostmanRuntime/7.19.0 [] {"uid":"b7f66e4"}
[2019-11-13 00:27:35] UTN FRA LOGGER.INFO: ip =::1 [] {"uid":"b7f66e4"}
[2019-11-13 00:27:56] UTN FRA LOGGER.INFO: Datos  =PostmanRuntime/7.19.0 [] {"uid":"03dccde"}
[2019-11-13 00:27:56] UTN FRA LOGGER.INFO: ip =::1 [] {"uid":"03dccde"}
[2019-11-13 00:28:08] UTN FRA LOGGER.INFO: Datos  =PostmanRuntime/7.19.0 [] {"uid":"890667e"}
[2019-11-13 00:28:08] UTN FRA LOGGER.INFO: ip =::1 [] {"uid":"890667e"}
[2019-11-13 00:28:08] UTN FRA LOGGER.INFO: Datos  =PostmanRuntime/7.19.0 [] {"uid":"0c2ce9f"}
[2019-11-13 00:28:08] UTN FRA LOGGER.INFO: ip =::1 [] {"uid":"0c2ce9f"}
[2019-11-13 00:28:09] UTN FRA LOGGER.INFO: Datos  =PostmanRuntime/7.19.0 [] {"uid":"455bd27"}
[2019-11-13 00:28:09] UTN FRA LOGGER.INFO: ip =::1 [] {"uid":"455bd27"}
[2019-11-13 00:28:18] UTN FRA LOGGER.INFO: Datos  =PostmanRuntime/7.19.0 [] {"uid":"9de728a"}
[2019-11-13 00:28:18] UTN FRA LOGGER.INFO: ip =::1 [] {"uid":"9de728a"}
[2019-11-13 00:28:49] UTN FRA LOGGER.INFO: Datos  =PostmanRuntime/7.19.0 [] {"uid":"4938ef7"}
[2019-11-13 00:28:49] UTN FRA LOGGER.INFO: ip =::1 [] {"uid":"4938ef7"}
[2019-11-13 00:28:55] UTN FRA LOGGER.INFO: Datos  =PostmanRuntime/7.19.0 [] {"uid":"550f155"}
[2019-11-13 00:28:55] UTN FRA LOGGER.INFO: ip =::1 [] {"uid":"550f155"}
[2019-11-13 00:29:48] UTN FRA LOGGER.INFO: Datos  =PostmanRuntime/7.19.0 [] {"uid":"9838b93"}
[2019-11-13 00:29:48] UTN FRA LOGGER.INFO: ip =::1 [] {"uid":"9838b93"}
[2019-11-13 00:29:58] UTN FRA LOGGER.INFO: Datos  =PostmanRuntime/7.19.0 [] {"uid":"ee28c20"}
[2019-11-13 00:29:58] UTN FRA LOGGER.INFO: ip =::1 [] {"uid":"ee28c20"}
[2019-11-13 00:30:20] UTN FRA LOGGER.INFO: Datos  =PostmanRuntime/7.19.0 [] {"uid":"4783757"}
[2019-11-13 00:30:20] UTN FRA LOGGER.INFO: ip =::1 [] {"uid":"4783757"}
[2019-11-13 00:31:25] UTN FRA LOGGER.INFO: Datos  =PostmanRuntime/7.19.0 [] {"uid":"a6b8725"}
[2019-11-13 00:31:25] UTN FRA LOGGER.INFO: ip =::1 [] {"uid":"a6b8725"}
[2019-11-13 00:31:56] UTN FRA LOGGER.INFO: Datos  =PostmanRuntime/7.19.0 [] {"uid":"b478652"}
[2019-11-13 00:31:56] UTN FRA LOGGER.INFO: ip =::1 [] {"uid":"b478652"}
[2019-11-13 00:31:57] UTN FRA LOGGER.INFO: Datos  =PostmanRuntime/7.19.0 [] {"uid":"3267774"}
[2019-11-13 00:31:57] UTN FRA LOGGER.INFO: ip =::1 [] {"uid":"3267774"}
[2019-11-13 00:31:58] UTN FRA LOGGER.INFO: Datos  =PostmanRuntime/7.19.0 [] {"uid":"a7b366e"}
[2019-11-13 00:31:58] UTN FRA LOGGER.INFO: ip =::1 [] {"uid":"a7b366e"}
[2019-11-13 00:32:20] UTN FRA LOGGER.INFO: Datos  =PostmanRuntime/7.19.0 [] {"uid":"44ddd85"}
[2019-11-13 00:32:20] UTN FRA LOGGER.INFO: ip =::1 [] {"uid":"44ddd85"}
[2019-11-13 00:32:28] UTN FRA LOGGER.INFO: Datos  =PostmanRuntime/7.19.0 [] {"uid":"e93547b"}
[2019-11-13 00:32:28] UTN FRA LOGGER.INFO: ip =::1 [] {"uid":"e93547b"}
[2019-11-13 00:32:47] UTN FRA LOGGER.INFO: Datos  =PostmanRuntime/7.19.0 [] {"uid":"4cc99e0"}
[2019-11-13 00:32:47] UTN FRA LOGGER.INFO: ip =::1 [] {"uid":"4cc99e0"}
[2019-11-13 00:33:05] UTN FRA LOGGER.INFO: Datos  =PostmanRuntime/7.19.0 [] {"uid":"53fea39"}
[2019-11-13 00:33:05] UTN FRA LOGGER.INFO: ip =::1 [] {"uid":"53fea39"}
[2019-11-13 00:33:33] UTN FRA LOGGER.INFO: Datos  =PostmanRuntime/7.19.0 [] {"uid":"6157fb6"}
[2019-11-13 00:33:33] UTN FRA LOGGER.INFO: ip =::1 [] {"uid":"6157fb6"}
[2019-11-13 00:33:41] UTN FRA LOGGER.INFO: Datos  =PostmanRuntime/7.19.0 [] {"uid":"3ce6588"}
[2019-11-13 00:33:41] UTN FRA LOGGER.INFO: ip =::1 [] {"uid":"3ce6588"}
[2019-11-13 00:33:55] UTN FRA LOGGER.INFO: Datos  =PostmanRuntime/7.19.0 [] {"uid":"f071fbb"}
[2019-11-13 00:33:55] UTN FRA LOGGER.INFO: ip =::1 [] {"uid":"f071fbb"}
[2019-11-13 00:35:58] UTN FRA LOGGER.INFO: Datos  =PostmanRuntime/7.19.0 [] {"uid":"bc092bc"}
[2019-11-13 00:35:58] UTN FRA LOGGER.INFO: ip =::1 [] {"uid":"bc092bc"}
[2019-11-13 00:36:03] UTN FRA LOGGER.INFO: Datos  =PostmanRuntime/7.19.0 [] {"uid":"8ad50e8"}
[2019-11-13 00:36:03] UTN FRA LOGGER.INFO: ip =::1 [] {"uid":"8ad50e8"}
[2019-11-13 00:36:41] UTN FRA LOGGER.INFO: Datos  =PostmanRuntime/7.19.0 [] {"uid":"a32e332"}
[2019-11-13 00:36:41] UTN FRA LOGGER.INFO: ip =::1 [] {"uid":"a32e332"}
[2019-11-13 00:36:42] UTN FRA LOGGER.INFO: Datos  =PostmanRuntime/7.19.0 [] {"uid":"83f455b"}
[2019-11-13 00:36:42] UTN FRA LOGGER.INFO: ip =::1 [] {"uid":"83f455b"}
[2019-11-13 00:36:48] UTN FRA LOGGER.INFO: Datos  =PostmanRuntime/7.19.0 [] {"uid":"5b8ef39"}
[2019-11-13 00:36:48] UTN FRA LOGGER.INFO: ip =::1 [] {"uid":"5b8ef39"}
[2019-11-13 00:36:52] UTN FRA LOGGER.INFO: Datos  =PostmanRuntime/7.19.0 [] {"uid":"2021c98"}
[2019-11-13 00:36:52] UTN FRA LOGGER.INFO: ip =::1 [] {"uid":"2021c98"}
[2019-11-13 00:38:09] UTN FRA LOGGER.INFO: Datos  =PostmanRuntime/7.19.0 [] {"uid":"375bf75"}
[2019-11-13 00:38:09] UTN FRA LOGGER.INFO: ip =::1 [] {"uid":"375bf75"}
[2019-11-13 00:38:15] UTN FRA LOGGER.INFO: Datos  =PostmanRuntime/7.19.0 [] {"uid":"c3bce56"}
[2019-11-13 00:38:15] UTN FRA LOGGER.INFO: ip =::1 [] {"uid":"c3bce56"}
[2019-11-13 00:39:41] UTN FRA LOGGER.INFO: Datos  =PostmanRuntime/7.19.0 [] {"uid":"8f8bfaf"}
[2019-11-13 00:39:41] UTN FRA LOGGER.INFO: ip =::1 [] {"uid":"8f8bfaf"}
[2019-11-13 00:40:37] UTN FRA LOGGER.INFO: Datos  =PostmanRuntime/7.19.0 [] {"uid":"2efa715"}
[2019-11-13 00:40:37] UTN FRA LOGGER.INFO: ip =::1 [] {"uid":"2efa715"}
[2019-11-13 00:41:13] UTN FRA LOGGER.INFO: Datos  =PostmanRuntime/7.19.0 [] {"uid":"e009b76"}
[2019-11-13 00:41:13] UTN FRA LOGGER.INFO: ip =::1 [] {"uid":"e009b76"}
[2019-11-13 00:41:36] UTN FRA LOGGER.INFO: Datos  =PostmanRuntime/7.19.0 [] {"uid":"e3921f0"}
[2019-11-13 00:41:36] UTN FRA LOGGER.INFO: ip =::1 [] {"uid":"e3921f0"}
[2019-11-13 00:41:54] UTN FRA LOGGER.INFO: Datos  =PostmanRuntime/7.19.0 [] {"uid":"4001087"}
[2019-11-13 00:41:54] UTN FRA LOGGER.INFO: ip =::1 [] {"uid":"4001087"}
[2019-11-13 00:43:37] UTN FRA LOGGER.INFO: Datos  =PostmanRuntime/7.19.0 [] {"uid":"997bcb2"}
[2019-11-13 00:43:37] UTN FRA LOGGER.INFO: ip =::1 [] {"uid":"997bcb2"}
[2019-11-13 00:44:08] UTN FRA LOGGER.INFO: Datos  =PostmanRuntime/7.19.0 [] {"uid":"07e24c5"}
[2019-11-13 00:44:08] UTN FRA LOGGER.INFO: ip =::1 [] {"uid":"07e24c5"}
[2019-11-13 00:44:20] UTN FRA LOGGER.INFO: Datos  =PostmanRuntime/7.19.0 [] {"uid":"61e0cfe"}
[2019-11-13 00:44:20] UTN FRA LOGGER.INFO: ip =::1 [] {"uid":"61e0cfe"}
[2019-11-13 00:45:03] UTN FRA LOGGER.INFO: Datos  =PostmanRuntime/7.19.0 [] {"uid":"6677087"}
[2019-11-13 00:45:03] UTN FRA LOGGER.INFO: ip =::1 [] {"uid":"6677087"}
[2019-11-13 00:45:30] UTN FRA LOGGER.INFO: Datos  =PostmanRuntime/7.19.0 [] {"uid":"07865c3"}
[2019-11-13 00:45:30] UTN FRA LOGGER.INFO: ip =::1 [] {"uid":"07865c3"}
[2019-11-13 00:45:43] UTN FRA LOGGER.INFO: Datos  =PostmanRuntime/7.19.0 [] {"uid":"65d8ff3"}
[2019-11-13 00:45:43] UTN FRA LOGGER.INFO: ip =::1 [] {"uid":"65d8ff3"}
[2019-11-13 00:46:00] UTN FRA LOGGER.INFO: Datos  =PostmanRuntime/7.19.0 [] {"uid":"0dacd85"}
[2019-11-13 00:46:00] UTN FRA LOGGER.INFO: ip =::1 [] {"uid":"0dacd85"}
[2019-11-13 00:46:11] UTN FRA LOGGER.INFO: Datos  =PostmanRuntime/7.19.0 [] {"uid":"bec4681"}
[2019-11-13 00:46:11] UTN FRA LOGGER.INFO: ip =::1 [] {"uid":"bec4681"}
[2019-11-13 00:46:19] UTN FRA LOGGER.INFO: Datos  =PostmanRuntime/7.19.0 [] {"uid":"3ecc703"}
[2019-11-13 00:46:19] UTN FRA LOGGER.INFO: ip =::1 [] {"uid":"3ecc703"}
[2019-11-13 00:47:15] UTN FRA LOGGER.INFO: Datos  =PostmanRuntime/7.19.0 [] {"uid":"cec7f8f"}
[2019-11-13 00:47:15] UTN FRA LOGGER.INFO: ip =::1 [] {"uid":"cec7f8f"}
[2019-11-13 00:47:27] UTN FRA LOGGER.INFO: Datos  =PostmanRuntime/7.19.0 [] {"uid":"91af476"}
[2019-11-13 00:47:27] UTN FRA LOGGER.INFO: ip =::1 [] {"uid":"91af476"}
[2019-11-13 00:47:47] UTN FRA LOGGER.INFO: Datos  =PostmanRuntime/7.19.0 [] {"uid":"a27e24f"}
[2019-11-13 00:47:47] UTN FRA LOGGER.INFO: ip =::1 [] {"uid":"a27e24f"}
[2019-11-13 00:48:08] UTN FRA LOGGER.INFO: Datos  =PostmanRuntime/7.19.0 [] {"uid":"a468262"}
[2019-11-13 00:48:08] UTN FRA LOGGER.INFO: ip =::1 [] {"uid":"a468262"}
[2019-11-13 00:50:06] UTN FRA LOGGER.INFO: Datos  =PostmanRuntime/7.19.0 [] {"uid":"ebd95b0"}
[2019-11-13 00:50:06] UTN FRA LOGGER.INFO: ip =::1 [] {"uid":"ebd95b0"}
[2019-11-13 00:51:00] UTN FRA LOGGER.INFO: Datos  =PostmanRuntime/7.19.0 [] {"uid":"8e7c2a1"}
[2019-11-13 00:51:00] UTN FRA LOGGER.INFO: ip =::1 [] {"uid":"8e7c2a1"}
[2019-11-13 00:51:06] UTN FRA LOGGER.INFO: Datos  =PostmanRuntime/7.19.0 [] {"uid":"5b397c7"}
[2019-11-13 00:51:06] UTN FRA LOGGER.INFO: ip =::1 [] {"uid":"5b397c7"}
[2019-11-13 00:51:27] UTN FRA LOGGER.INFO: Datos  =PostmanRuntime/7.19.0 [] {"uid":"6bfe8d6"}
[2019-11-13 00:51:27] UTN FRA LOGGER.INFO: ip =::1 [] {"uid":"6bfe8d6"}
[2019-11-13 00:52:47] UTN FRA LOGGER.INFO: Datos  =PostmanRuntime/7.19.0 [] {"uid":"fdb59e0"}
[2019-11-13 00:52:47] UTN FRA LOGGER.INFO: ip =::1 [] {"uid":"fdb59e0"}
[2019-11-13 00:53:00] UTN FRA LOGGER.INFO: Datos  =PostmanRuntime/7.19.0 [] {"uid":"2414bde"}
[2019-11-13 00:53:00] UTN FRA LOGGER.INFO: ip =::1 [] {"uid":"2414bde"}
[2019-11-13 00:53:09] UTN FRA LOGGER.INFO: Datos  =PostmanRuntime/7.19.0 [] {"uid":"1580d7d"}
[2019-11-13 00:53:09] UTN FRA LOGGER.INFO: ip =::1 [] {"uid":"1580d7d"}
[2019-11-13 00:54:38] UTN FRA LOGGER.INFO: Datos  =PostmanRuntime/7.19.0 [] {"uid":"6fbd186"}
[2019-11-13 00:54:38] UTN FRA LOGGER.INFO: ip =::1 [] {"uid":"6fbd186"}
[2019-11-13 00:55:38] UTN FRA LOGGER.INFO: Datos  =PostmanRuntime/7.19.0 [] {"uid":"ef16d6c"}
[2019-11-13 00:55:38] UTN FRA LOGGER.INFO: ip =::1 [] {"uid":"ef16d6c"}
[2019-11-13 00:55:42] UTN FRA LOGGER.INFO: Datos  =PostmanRuntime/7.19.0 [] {"uid":"2c6b9ac"}
[2019-11-13 00:55:42] UTN FRA LOGGER.INFO: ip =::1 [] {"uid":"2c6b9ac"}
[2019-11-13 00:56:00] UTN FRA LOGGER.INFO: Datos  =PostmanRuntime/7.19.0 [] {"uid":"91377ab"}
[2019-11-13 00:56:00] UTN FRA LOGGER.INFO: ip =::1 [] {"uid":"91377ab"}
[2019-11-13 00:57:28] UTN FRA LOGGER.INFO: Datos  =PostmanRuntime/7.19.0 [] {"uid":"8e44273"}
[2019-11-13 00:57:28] UTN FRA LOGGER.INFO: ip =::1 [] {"uid":"8e44273"}
[2019-11-13 00:57:43] UTN FRA LOGGER.INFO: Datos  =PostmanRuntime/7.19.0 [] {"uid":"0ac0871"}
[2019-11-13 00:57:43] UTN FRA LOGGER.INFO: ip =::1 [] {"uid":"0ac0871"}
[2019-11-13 00:58:45] UTN FRA LOGGER.INFO: Datos  =PostmanRuntime/7.19.0 [] {"uid":"93520fd"}
[2019-11-13 00:58:45] UTN FRA LOGGER.INFO: ip =::1 [] {"uid":"93520fd"}
[2019-11-13 00:59:04] UTN FRA LOGGER.INFO: Datos  =PostmanRuntime/7.19.0 [] {"uid":"33a96a7"}
[2019-11-13 00:59:04] UTN FRA LOGGER.INFO: ip =::1 [] {"uid":"33a96a7"}
[2019-11-13 00:59:15] UTN FRA LOGGER.INFO: Datos  =PostmanRuntime/7.19.0 [] {"uid":"2ed7612"}
[2019-11-13 00:59:15] UTN FRA LOGGER.INFO: ip =::1 [] {"uid":"2ed7612"}
[2019-11-13 00:59:28] UTN FRA LOGGER.INFO: Datos  =PostmanRuntime/7.19.0 [] {"uid":"d4894df"}
[2019-11-13 00:59:28] UTN FRA LOGGER.INFO: ip =::1 [] {"uid":"d4894df"}
[2019-11-13 01:00:04] UTN FRA LOGGER.INFO: Datos  =PostmanRuntime/7.19.0 [] {"uid":"2365406"}
[2019-11-13 01:00:04] UTN FRA LOGGER.INFO: ip =::1 [] {"uid":"2365406"}
[2019-11-13 01:00:26] UTN FRA LOGGER.INFO: Datos  =PostmanRuntime/7.19.0 [] {"uid":"a984a29"}
[2019-11-13 01:00:26] UTN FRA LOGGER.INFO: ip =::1 [] {"uid":"a984a29"}
[2019-11-13 01:00:38] UTN FRA LOGGER.INFO: Datos  =PostmanRuntime/7.19.0 [] {"uid":"3d8234a"}
[2019-11-13 01:00:38] UTN FRA LOGGER.INFO: ip =::1 [] {"uid":"3d8234a"}
[2019-11-13 01:00:46] UTN FRA LOGGER.INFO: Datos  =PostmanRuntime/7.19.0 [] {"uid":"2864176"}
[2019-11-13 01:00:46] UTN FRA LOGGER.INFO: ip =::1 [] {"uid":"2864176"}
[2019-11-13 01:00:53] UTN FRA LOGGER.INFO: Datos  =PostmanRuntime/7.19.0 [] {"uid":"a0253d2"}
[2019-11-13 01:00:53] UTN FRA LOGGER.INFO: ip =::1 [] {"uid":"a0253d2"}
[2019-11-13 01:03:20] UTN FRA LOGGER.INFO: Datos  =PostmanRuntime/7.19.0 [] {"uid":"1acc8c3"}
[2019-11-13 01:03:20] UTN FRA LOGGER.INFO: ip =::1 [] {"uid":"1acc8c3"}
[2019-11-13 01:03:25] UTN FRA LOGGER.INFO: Datos  =PostmanRuntime/7.19.0 [] {"uid":"d89d6f8"}
[2019-11-13 01:03:25] UTN FRA LOGGER.INFO: ip =::1 [] {"uid":"d89d6f8"}
[2019-11-13 01:04:27] UTN FRA LOGGER.INFO: Datos  =PostmanRuntime/7.19.0 [] {"uid":"c76e0fc"}
[2019-11-13 01:04:27] UTN FRA LOGGER.INFO: ip =::1 [] {"uid":"c76e0fc"}
[2019-11-13 01:04:30] UTN FRA LOGGER.INFO: Datos  =PostmanRuntime/7.19.0 [] {"uid":"2b9ebde"}
[2019-11-13 01:04:30] UTN FRA LOGGER.INFO: ip =::1 [] {"uid":"2b9ebde"}
[2019-11-13 01:05:48] UTN FRA LOGGER.INFO: Datos  =PostmanRuntime/7.19.0 [] {"uid":"eddc694"}
[2019-11-13 01:05:48] UTN FRA LOGGER.INFO: ip =::1 [] {"uid":"eddc694"}
[2019-11-13 01:06:03] UTN FRA LOGGER.INFO: Datos  =PostmanRuntime/7.19.0 [] {"uid":"9adfe29"}
[2019-11-13 01:06:03] UTN FRA LOGGER.INFO: ip =::1 [] {"uid":"9adfe29"}
[2019-11-13 01:06:10] UTN FRA LOGGER.INFO: Datos  =PostmanRuntime/7.19.0 [] {"uid":"79c7e78"}
[2019-11-13 01:06:10] UTN FRA LOGGER.INFO: ip =::1 [] {"uid":"79c7e78"}
[2019-11-13 01:06:28] UTN FRA LOGGER.INFO: Datos  =PostmanRuntime/7.19.0 [] {"uid":"d4633c0"}
[2019-11-13 01:06:28] UTN FRA LOGGER.INFO: ip =::1 [] {"uid":"d4633c0"}
[2019-11-13 01:06:34] UTN FRA LOGGER.INFO: Datos  =PostmanRuntime/7.19.0 [] {"uid":"2f3ea56"}
[2019-11-13 01:06:34] UTN FRA LOGGER.INFO: ip =::1 [] {"uid":"2f3ea56"}
[2019-11-13 01:06:57] UTN FRA LOGGER.INFO: Datos  =PostmanRuntime/7.19.0 [] {"uid":"643e987"}
[2019-11-13 01:06:57] UTN FRA LOGGER.INFO: ip =::1 [] {"uid":"643e987"}
[2019-11-13 01:07:58] UTN FRA LOGGER.INFO: Datos  =PostmanRuntime/7.19.0 [] {"uid":"99e9640"}
[2019-11-13 01:07:58] UTN FRA LOGGER.INFO: ip =::1 [] {"uid":"99e9640"}
[2019-11-13 01:09:39] UTN FRA LOGGER.INFO: Datos  =PostmanRuntime/7.19.0 [] {"uid":"650e9f3"}
[2019-11-13 01:09:39] UTN FRA LOGGER.INFO: ip =::1 [] {"uid":"650e9f3"}
[2019-11-13 01:09:42] UTN FRA LOGGER.INFO: Datos  =PostmanRuntime/7.19.0 [] {"uid":"65fa7b6"}
[2019-11-13 01:09:42] UTN FRA LOGGER.INFO: ip =::1 [] {"uid":"65fa7b6"}
[2019-11-13 01:12:48] UTN FRA LOGGER.INFO: Datos  =PostmanRuntime/7.19.0 [] {"uid":"4cc3737"}
[2019-11-13 01:12:48] UTN FRA LOGGER.INFO: ip =::1 [] {"uid":"4cc3737"}
[2019-11-13 01:12:51] UTN FRA LOGGER.INFO: Datos  =PostmanRuntime/7.19.0 [] {"uid":"1013dff"}
[2019-11-13 01:12:51] UTN FRA LOGGER.INFO: ip =::1 [] {"uid":"1013dff"}
[2019-11-13 01:12:55] UTN FRA LOGGER.INFO: Datos  =PostmanRuntime/7.19.0 [] {"uid":"b5afddd"}
[2019-11-13 01:12:55] UTN FRA LOGGER.INFO: ip =::1 [] {"uid":"b5afddd"}
[2019-11-13 01:15:02] UTN FRA LOGGER.INFO: Datos  =PostmanRuntime/7.19.0 [] {"uid":"6b8b76b"}
[2019-11-13 01:15:02] UTN FRA LOGGER.INFO: ip =::1 [] {"uid":"6b8b76b"}
[2019-11-13 01:15:07] UTN FRA LOGGER.INFO: Datos  =PostmanRuntime/7.19.0 [] {"uid":"d6814cd"}
[2019-11-13 01:15:07] UTN FRA LOGGER.INFO: ip =::1 [] {"uid":"d6814cd"}
[2019-11-17 22:53:00] UTN FRA LOGGER.INFO: Datos  =Mozilla/5.0 (Windows NT 10.0; Win64; x64; rv:71.0) Gecko/20100101 Firefox/71.0 [] {"uid":"3e83b80"}
[2019-11-17 22:53:00] UTN FRA LOGGER.INFO: ip =::1 [] {"uid":"3e83b80"}
[2019-11-17 22:53:10] UTN FRA LOGGER.INFO: Datos  =PostmanRuntime/7.19.0 [] {"uid":"095e1b5"}
[2019-11-17 22:53:10] UTN FRA LOGGER.INFO: ip =::1 [] {"uid":"095e1b5"}
[2019-11-17 22:53:19] UTN FRA LOGGER.INFO: Datos  =PostmanRuntime/7.19.0 [] {"uid":"5c5ebdd"}
[2019-11-17 22:53:19] UTN FRA LOGGER.INFO: ip =::1 [] {"uid":"5c5ebdd"}
[2019-11-17 22:54:00] UTN FRA LOGGER.INFO: Datos  =PostmanRuntime/7.19.0 [] {"uid":"9caa097"}
[2019-11-17 22:54:00] UTN FRA LOGGER.INFO: ip =::1 [] {"uid":"9caa097"}
[2019-11-17 22:55:12] UTN FRA LOGGER.INFO: Datos  =PostmanRuntime/7.19.0 [] {"uid":"54cbfde"}
[2019-11-17 22:55:12] UTN FRA LOGGER.INFO: ip =::1 [] {"uid":"54cbfde"}
[2019-11-17 22:57:12] UTN FRA LOGGER.INFO: Datos  =PostmanRuntime/7.19.0 [] {"uid":"3cbee31"}
[2019-11-17 22:57:12] UTN FRA LOGGER.INFO: ip =::1 [] {"uid":"3cbee31"}
[2019-11-17 22:57:20] UTN FRA LOGGER.INFO: Datos  =PostmanRuntime/7.19.0 [] {"uid":"c302abd"}
[2019-11-17 22:57:20] UTN FRA LOGGER.INFO: ip =::1 [] {"uid":"c302abd"}
[2019-11-17 22:57:24] UTN FRA LOGGER.INFO: Datos  =PostmanRuntime/7.19.0 [] {"uid":"31361d4"}
[2019-11-17 22:57:24] UTN FRA LOGGER.INFO: ip =::1 [] {"uid":"31361d4"}
[2019-11-17 22:57:37] UTN FRA LOGGER.INFO: Datos  =PostmanRuntime/7.19.0 [] {"uid":"c0a5fd9"}
[2019-11-17 22:57:37] UTN FRA LOGGER.INFO: ip =::1 [] {"uid":"c0a5fd9"}
[2019-11-17 22:58:01] UTN FRA LOGGER.INFO: Datos  =PostmanRuntime/7.19.0 [] {"uid":"358e811"}
[2019-11-17 22:58:01] UTN FRA LOGGER.INFO: ip =::1 [] {"uid":"358e811"}
[2019-11-17 23:02:40] UTN FRA LOGGER.INFO: Datos  =PostmanRuntime/7.19.0 [] {"uid":"9c04c4f"}
[2019-11-17 23:02:40] UTN FRA LOGGER.INFO: ip =::1 [] {"uid":"9c04c4f"}
[2019-11-17 23:03:39] UTN FRA LOGGER.INFO: Datos  =PostmanRuntime/7.19.0 [] {"uid":"e8ff1b0"}
[2019-11-17 23:03:39] UTN FRA LOGGER.INFO: ip =::1 [] {"uid":"e8ff1b0"}
[2019-11-17 23:05:56] UTN FRA LOGGER.INFO: Datos  =PostmanRuntime/7.19.0 [] {"uid":"4fe0c3d"}
[2019-11-17 23:05:56] UTN FRA LOGGER.INFO: ip =::1 [] {"uid":"4fe0c3d"}
[2019-11-17 23:06:31] UTN FRA LOGGER.INFO: Datos  =PostmanRuntime/7.19.0 [] {"uid":"0d63f17"}
[2019-11-17 23:06:31] UTN FRA LOGGER.INFO: ip =::1 [] {"uid":"0d63f17"}
[2019-11-17 23:06:39] UTN FRA LOGGER.INFO: Datos  =PostmanRuntime/7.19.0 [] {"uid":"ba876b7"}
[2019-11-17 23:06:39] UTN FRA LOGGER.INFO: ip =::1 [] {"uid":"ba876b7"}
[2019-11-17 23:06:51] UTN FRA LOGGER.INFO: Datos  =PostmanRuntime/7.19.0 [] {"uid":"c34c17c"}
[2019-11-17 23:06:51] UTN FRA LOGGER.INFO: ip =::1 [] {"uid":"c34c17c"}
[2019-11-17 23:07:53] UTN FRA LOGGER.INFO: Datos  =PostmanRuntime/7.19.0 [] {"uid":"244534f"}
[2019-11-17 23:07:53] UTN FRA LOGGER.INFO: ip =::1 [] {"uid":"244534f"}
[2019-11-17 23:08:06] UTN FRA LOGGER.INFO: Datos  =PostmanRuntime/7.19.0 [] {"uid":"bb0cddc"}
[2019-11-17 23:08:06] UTN FRA LOGGER.INFO: ip =::1 [] {"uid":"bb0cddc"}
[2019-11-17 23:08:39] UTN FRA LOGGER.INFO: Datos  =PostmanRuntime/7.19.0 [] {"uid":"ff791fd"}
[2019-11-17 23:08:39] UTN FRA LOGGER.INFO: ip =::1 [] {"uid":"ff791fd"}
[2019-11-17 23:08:44] UTN FRA LOGGER.INFO: Datos  =PostmanRuntime/7.19.0 [] {"uid":"d1a32f8"}
[2019-11-17 23:08:44] UTN FRA LOGGER.INFO: ip =::1 [] {"uid":"d1a32f8"}
[2019-11-17 23:08:48] UTN FRA LOGGER.INFO: Datos  =PostmanRuntime/7.19.0 [] {"uid":"5fd7cc1"}
[2019-11-17 23:08:48] UTN FRA LOGGER.INFO: ip =::1 [] {"uid":"5fd7cc1"}
[2019-11-17 23:27:06] UTN FRA LOGGER.INFO: Datos  =PostmanRuntime/7.19.0 [] {"uid":"0e800f8"}
[2019-11-17 23:27:06] UTN FRA LOGGER.INFO: ip =::1 [] {"uid":"0e800f8"}
[2019-11-17 23:27:25] UTN FRA LOGGER.INFO: Datos  =PostmanRuntime/7.19.0 [] {"uid":"100e576"}
[2019-11-17 23:27:25] UTN FRA LOGGER.INFO: ip =::1 [] {"uid":"100e576"}
[2019-11-17 23:27:44] UTN FRA LOGGER.INFO: Datos  =PostmanRuntime/7.19.0 [] {"uid":"047d787"}
[2019-11-17 23:27:44] UTN FRA LOGGER.INFO: ip =::1 [] {"uid":"047d787"}
[2019-11-17 23:29:21] UTN FRA LOGGER.INFO: Datos  =PostmanRuntime/7.19.0 [] {"uid":"c309569"}
[2019-11-17 23:29:21] UTN FRA LOGGER.INFO: ip =::1 [] {"uid":"c309569"}
[2019-11-17 23:29:50] UTN FRA LOGGER.INFO: Datos  =PostmanRuntime/7.19.0 [] {"uid":"ddd3cdc"}
[2019-11-17 23:29:50] UTN FRA LOGGER.INFO: ip =::1 [] {"uid":"ddd3cdc"}
[2019-11-17 23:37:31] UTN FRA LOGGER.INFO: Datos  =PostmanRuntime/7.19.0 [] {"uid":"b9db602"}
[2019-11-17 23:37:31] UTN FRA LOGGER.INFO: ip =::1 [] {"uid":"b9db602"}
[2019-11-17 23:37:41] UTN FRA LOGGER.INFO: Datos  =PostmanRuntime/7.19.0 [] {"uid":"320c1f3"}
[2019-11-17 23:37:41] UTN FRA LOGGER.INFO: ip =::1 [] {"uid":"320c1f3"}
[2019-11-17 23:37:47] UTN FRA LOGGER.INFO: Datos  =PostmanRuntime/7.19.0 [] {"uid":"24c113b"}
[2019-11-17 23:37:47] UTN FRA LOGGER.INFO: ip =::1 [] {"uid":"24c113b"}
[2019-11-17 23:37:51] UTN FRA LOGGER.INFO: Datos  =PostmanRuntime/7.19.0 [] {"uid":"9482a5a"}
[2019-11-17 23:37:51] UTN FRA LOGGER.INFO: ip =::1 [] {"uid":"9482a5a"}
[2019-11-17 23:39:36] UTN FRA LOGGER.INFO: Datos  =PostmanRuntime/7.19.0 [] {"uid":"05acdf2"}
[2019-11-17 23:39:36] UTN FRA LOGGER.INFO: ip =::1 [] {"uid":"05acdf2"}
[2019-11-17 23:40:03] UTN FRA LOGGER.INFO: Datos  =PostmanRuntime/7.19.0 [] {"uid":"6e3e3b2"}
[2019-11-17 23:40:03] UTN FRA LOGGER.INFO: ip =::1 [] {"uid":"6e3e3b2"}
[2019-11-17 23:40:08] UTN FRA LOGGER.INFO: Datos  =PostmanRuntime/7.19.0 [] {"uid":"f776bfc"}
[2019-11-17 23:40:08] UTN FRA LOGGER.INFO: ip =::1 [] {"uid":"f776bfc"}
[2019-11-17 23:40:12] UTN FRA LOGGER.INFO: Datos  =PostmanRuntime/7.19.0 [] {"uid":"aa22f82"}
[2019-11-17 23:40:12] UTN FRA LOGGER.INFO: ip =::1 [] {"uid":"aa22f82"}
[2019-11-17 23:40:37] UTN FRA LOGGER.INFO: Datos  =PostmanRuntime/7.19.0 [] {"uid":"e73802a"}
[2019-11-17 23:40:37] UTN FRA LOGGER.INFO: ip =::1 [] {"uid":"e73802a"}
[2019-11-17 23:40:41] UTN FRA LOGGER.INFO: Datos  =PostmanRuntime/7.19.0 [] {"uid":"a948d1e"}
[2019-11-17 23:40:41] UTN FRA LOGGER.INFO: ip =::1 [] {"uid":"a948d1e"}
[2019-11-17 23:40:47] UTN FRA LOGGER.INFO: Datos  =PostmanRuntime/7.19.0 [] {"uid":"0f2245c"}
[2019-11-17 23:40:47] UTN FRA LOGGER.INFO: ip =::1 [] {"uid":"0f2245c"}
[2019-11-17 23:41:09] UTN FRA LOGGER.INFO: Datos  =PostmanRuntime/7.19.0 [] {"uid":"b1177c9"}
[2019-11-17 23:41:09] UTN FRA LOGGER.INFO: ip =::1 [] {"uid":"b1177c9"}
[2019-11-17 23:41:48] UTN FRA LOGGER.INFO: Datos  =PostmanRuntime/7.19.0 [] {"uid":"bd805fc"}
[2019-11-17 23:41:48] UTN FRA LOGGER.INFO: ip =::1 [] {"uid":"bd805fc"}
[2019-11-17 23:45:47] UTN FRA LOGGER.INFO: Datos  =PostmanRuntime/7.19.0 [] {"uid":"9ee3a12"}
[2019-11-17 23:45:47] UTN FRA LOGGER.INFO: ip =::1 [] {"uid":"9ee3a12"}
[2019-11-17 23:46:20] UTN FRA LOGGER.INFO: Datos  =PostmanRuntime/7.19.0 [] {"uid":"71c7d06"}
[2019-11-17 23:46:20] UTN FRA LOGGER.INFO: ip =::1 [] {"uid":"71c7d06"}
[2019-11-17 23:47:15] UTN FRA LOGGER.INFO: Datos  =PostmanRuntime/7.19.0 [] {"uid":"37227cb"}
[2019-11-17 23:47:15] UTN FRA LOGGER.INFO: ip =::1 [] {"uid":"37227cb"}
[2019-11-17 23:47:41] UTN FRA LOGGER.INFO: Datos  =PostmanRuntime/7.19.0 [] {"uid":"d6764d1"}
[2019-11-17 23:47:41] UTN FRA LOGGER.INFO: ip =::1 [] {"uid":"d6764d1"}
[2019-11-17 23:48:46] UTN FRA LOGGER.INFO: Datos  =PostmanRuntime/7.19.0 [] {"uid":"092b64c"}
[2019-11-17 23:48:46] UTN FRA LOGGER.INFO: ip =::1 [] {"uid":"092b64c"}
[2019-11-17 23:48:50] UTN FRA LOGGER.INFO: Datos  =PostmanRuntime/7.19.0 [] {"uid":"2f44cea"}
[2019-11-17 23:48:50] UTN FRA LOGGER.INFO: ip =::1 [] {"uid":"2f44cea"}
[2019-11-17 23:51:17] UTN FRA LOGGER.INFO: Datos  =PostmanRuntime/7.19.0 [] {"uid":"b6c905a"}
[2019-11-17 23:51:17] UTN FRA LOGGER.INFO: ip =::1 [] {"uid":"b6c905a"}
[2019-11-17 23:51:23] UTN FRA LOGGER.INFO: Datos  =PostmanRuntime/7.19.0 [] {"uid":"bab1ee3"}
[2019-11-17 23:51:23] UTN FRA LOGGER.INFO: ip =::1 [] {"uid":"bab1ee3"}
[2019-11-17 23:52:32] UTN FRA LOGGER.INFO: Datos  =PostmanRuntime/7.19.0 [] {"uid":"99a17e2"}
[2019-11-17 23:52:32] UTN FRA LOGGER.INFO: ip =::1 [] {"uid":"99a17e2"}
[2019-11-17 23:52:38] UTN FRA LOGGER.INFO: Datos  =PostmanRuntime/7.19.0 [] {"uid":"0736719"}
[2019-11-17 23:52:38] UTN FRA LOGGER.INFO: ip =::1 [] {"uid":"0736719"}
[2019-11-17 23:52:40] UTN FRA LOGGER.INFO: Datos  =PostmanRuntime/7.19.0 [] {"uid":"cae604c"}
[2019-11-17 23:52:40] UTN FRA LOGGER.INFO: ip =::1 [] {"uid":"cae604c"}
[2019-11-17 23:52:46] UTN FRA LOGGER.INFO: Datos  =PostmanRuntime/7.19.0 [] {"uid":"43a7c34"}
[2019-11-17 23:52:46] UTN FRA LOGGER.INFO: ip =::1 [] {"uid":"43a7c34"}
[2019-11-17 23:52:50] UTN FRA LOGGER.INFO: Datos  =PostmanRuntime/7.19.0 [] {"uid":"f695f63"}
[2019-11-17 23:52:50] UTN FRA LOGGER.INFO: ip =::1 [] {"uid":"f695f63"}
[2019-11-17 23:52:55] UTN FRA LOGGER.INFO: Datos  =PostmanRuntime/7.19.0 [] {"uid":"a7dfd9f"}
[2019-11-17 23:52:55] UTN FRA LOGGER.INFO: ip =::1 [] {"uid":"a7dfd9f"}
[2019-11-17 23:53:27] UTN FRA LOGGER.INFO: Datos  =PostmanRuntime/7.19.0 [] {"uid":"55795cc"}
[2019-11-17 23:53:27] UTN FRA LOGGER.INFO: ip =::1 [] {"uid":"55795cc"}
[2019-11-18 00:03:01] UTN FRA LOGGER.INFO: Datos  =PostmanRuntime/7.19.0 [] {"uid":"d46703d"}
[2019-11-18 00:03:01] UTN FRA LOGGER.INFO: ip =::1 [] {"uid":"d46703d"}
[2019-11-18 00:03:29] UTN FRA LOGGER.INFO: Datos  =PostmanRuntime/7.19.0 [] {"uid":"0c91deb"}
[2019-11-18 00:03:29] UTN FRA LOGGER.INFO: ip =::1 [] {"uid":"0c91deb"}
[2019-11-18 00:03:52] UTN FRA LOGGER.INFO: Datos  =PostmanRuntime/7.19.0 [] {"uid":"f6fb29b"}
[2019-11-18 00:03:52] UTN FRA LOGGER.INFO: ip =::1 [] {"uid":"f6fb29b"}
[2019-11-18 00:04:37] UTN FRA LOGGER.INFO: Datos  =PostmanRuntime/7.19.0 [] {"uid":"c2ab692"}
[2019-11-18 00:04:37] UTN FRA LOGGER.INFO: ip =::1 [] {"uid":"c2ab692"}
[2019-11-18 00:04:43] UTN FRA LOGGER.INFO: Datos  =PostmanRuntime/7.19.0 [] {"uid":"611bb57"}
[2019-11-18 00:04:43] UTN FRA LOGGER.INFO: ip =::1 [] {"uid":"611bb57"}
[2019-11-18 00:04:49] UTN FRA LOGGER.INFO: Datos  =PostmanRuntime/7.19.0 [] {"uid":"ed944ca"}
[2019-11-18 00:04:49] UTN FRA LOGGER.INFO: ip =::1 [] {"uid":"ed944ca"}
[2019-11-18 00:04:56] UTN FRA LOGGER.INFO: Datos  =PostmanRuntime/7.19.0 [] {"uid":"1743a4e"}
[2019-11-18 00:04:56] UTN FRA LOGGER.INFO: ip =::1 [] {"uid":"1743a4e"}
[2019-11-18 00:05:12] UTN FRA LOGGER.INFO: Datos  =PostmanRuntime/7.19.0 [] {"uid":"027fac6"}
[2019-11-18 00:05:12] UTN FRA LOGGER.INFO: ip =::1 [] {"uid":"027fac6"}
[2019-11-18 00:05:24] UTN FRA LOGGER.INFO: Datos  =PostmanRuntime/7.19.0 [] {"uid":"042a29a"}
[2019-11-18 00:05:24] UTN FRA LOGGER.INFO: ip =::1 [] {"uid":"042a29a"}
[2019-11-18 00:05:49] UTN FRA LOGGER.INFO: Datos  =PostmanRuntime/7.19.0 [] {"uid":"173e50b"}
[2019-11-18 00:05:49] UTN FRA LOGGER.INFO: ip =::1 [] {"uid":"173e50b"}
[2019-11-18 00:06:02] UTN FRA LOGGER.INFO: Datos  =PostmanRuntime/7.19.0 [] {"uid":"fbf6a73"}
[2019-11-18 00:06:02] UTN FRA LOGGER.INFO: ip =::1 [] {"uid":"fbf6a73"}
[2019-11-18 01:05:37] UTN FRA LOGGER.INFO: Datos  =PostmanRuntime/7.19.0 [] {"uid":"9e3152f"}
[2019-11-18 01:05:37] UTN FRA LOGGER.INFO: ip =::1 [] {"uid":"9e3152f"}
[2019-11-18 01:06:05] UTN FRA LOGGER.INFO: Datos  =PostmanRuntime/7.19.0 [] {"uid":"4a16be7"}
[2019-11-18 01:06:05] UTN FRA LOGGER.INFO: ip =::1 [] {"uid":"4a16be7"}
[2019-11-18 01:07:24] UTN FRA LOGGER.INFO: Datos  =PostmanRuntime/7.19.0 [] {"uid":"9531f3c"}
[2019-11-18 01:07:24] UTN FRA LOGGER.INFO: ip =::1 [] {"uid":"9531f3c"}
[2019-11-18 01:08:12] UTN FRA LOGGER.INFO: Datos  =PostmanRuntime/7.19.0 [] {"uid":"70837e8"}
[2019-11-18 01:08:12] UTN FRA LOGGER.INFO: ip =::1 [] {"uid":"70837e8"}
[2019-11-18 01:08:17] UTN FRA LOGGER.INFO: Datos  =PostmanRuntime/7.19.0 [] {"uid":"19aba28"}
[2019-11-18 01:08:17] UTN FRA LOGGER.INFO: ip =::1 [] {"uid":"19aba28"}
[2019-11-18 01:08:52] UTN FRA LOGGER.INFO: Datos  =PostmanRuntime/7.19.0 [] {"uid":"323d088"}
[2019-11-18 01:08:52] UTN FRA LOGGER.INFO: ip =::1 [] {"uid":"323d088"}
[2019-11-18 01:09:34] UTN FRA LOGGER.INFO: Datos  =PostmanRuntime/7.19.0 [] {"uid":"db6f91b"}
[2019-11-18 01:09:34] UTN FRA LOGGER.INFO: ip =::1 [] {"uid":"db6f91b"}
[2019-11-18 01:09:44] UTN FRA LOGGER.INFO: Datos  =PostmanRuntime/7.19.0 [] {"uid":"2ec46f2"}
[2019-11-18 01:09:44] UTN FRA LOGGER.INFO: ip =::1 [] {"uid":"2ec46f2"}
[2019-11-18 01:09:49] UTN FRA LOGGER.INFO: Datos  =PostmanRuntime/7.19.0 [] {"uid":"7071a17"}
[2019-11-18 01:09:49] UTN FRA LOGGER.INFO: ip =::1 [] {"uid":"7071a17"}
[2019-11-18 01:09:52] UTN FRA LOGGER.INFO: Datos  =PostmanRuntime/7.19.0 [] {"uid":"e7fe9d0"}
[2019-11-18 01:09:52] UTN FRA LOGGER.INFO: ip =::1 [] {"uid":"e7fe9d0"}
[2019-11-18 01:16:21] UTN FRA LOGGER.INFO: Datos  =PostmanRuntime/7.19.0 [] {"uid":"8fcb17c"}
[2019-11-18 01:16:21] UTN FRA LOGGER.INFO: ip =::1 [] {"uid":"8fcb17c"}
[2019-11-18 01:19:04] UTN FRA LOGGER.INFO: Datos  =PostmanRuntime/7.19.0 [] {"uid":"ad3ef6f"}
[2019-11-18 01:19:04] UTN FRA LOGGER.INFO: ip =::1 [] {"uid":"ad3ef6f"}
[2019-11-18 01:19:17] UTN FRA LOGGER.INFO: Datos  =PostmanRuntime/7.19.0 [] {"uid":"6f1d5c2"}
[2019-11-18 01:19:17] UTN FRA LOGGER.INFO: ip =::1 [] {"uid":"6f1d5c2"}
[2019-11-18 15:47:46] UTN FRA LOGGER.INFO: Datos  =PostmanRuntime/7.19.0 [] {"uid":"b5e3ee1"}
[2019-11-18 15:47:46] UTN FRA LOGGER.INFO: ip =::1 [] {"uid":"b5e3ee1"}
[2019-11-18 15:48:31] UTN FRA LOGGER.INFO: Datos  =PostmanRuntime/7.19.0 [] {"uid":"c062cba"}
[2019-11-18 15:48:31] UTN FRA LOGGER.INFO: ip =::1 [] {"uid":"c062cba"}
[2019-11-18 18:55:44] UTN FRA LOGGER.INFO: Datos  =PostmanRuntime/7.19.0 [] {"uid":"49d124f"}
[2019-11-18 18:55:44] UTN FRA LOGGER.INFO: ip =::1 [] {"uid":"49d124f"}
[2019-11-18 18:55:47] UTN FRA LOGGER.INFO: Datos  =PostmanRuntime/7.19.0 [] {"uid":"8bafe5c"}
[2019-11-18 18:55:47] UTN FRA LOGGER.INFO: ip =::1 [] {"uid":"8bafe5c"}
[2019-11-18 18:55:53] UTN FRA LOGGER.INFO: Datos  =PostmanRuntime/7.19.0 [] {"uid":"8870de0"}
[2019-11-18 18:55:53] UTN FRA LOGGER.INFO: ip =::1 [] {"uid":"8870de0"}
[2019-11-18 18:55:58] UTN FRA LOGGER.INFO: Datos  =PostmanRuntime/7.19.0 [] {"uid":"3fa17d4"}
[2019-11-18 18:55:58] UTN FRA LOGGER.INFO: ip =::1 [] {"uid":"3fa17d4"}
[2019-11-18 23:59:37] UTN FRA LOGGER.INFO: Datos  =PostmanRuntime/7.19.0 [] {"uid":"eb10b44"}
[2019-11-18 23:59:37] UTN FRA LOGGER.INFO: ip =::1 [] {"uid":"eb10b44"}
[2019-11-18 23:59:43] UTN FRA LOGGER.INFO: Datos  =PostmanRuntime/7.19.0 [] {"uid":"f565f0f"}
[2019-11-18 23:59:43] UTN FRA LOGGER.INFO: ip =::1 [] {"uid":"f565f0f"}
[2019-11-18 23:59:47] UTN FRA LOGGER.INFO: Datos  =PostmanRuntime/7.19.0 [] {"uid":"6fbadf0"}
[2019-11-18 23:59:47] UTN FRA LOGGER.INFO: ip =::1 [] {"uid":"6fbadf0"}
[2019-11-19 00:50:41] UTN FRA LOGGER.INFO: Datos  =PostmanRuntime/7.19.0 [] {"uid":"66418f1"}
[2019-11-19 00:50:41] UTN FRA LOGGER.INFO: ip =::1 [] {"uid":"66418f1"}
[2019-11-19 00:50:44] UTN FRA LOGGER.INFO: Datos  =PostmanRuntime/7.19.0 [] {"uid":"461d75d"}
[2019-11-19 00:50:44] UTN FRA LOGGER.INFO: ip =::1 [] {"uid":"461d75d"}
[2019-11-19 00:51:50] UTN FRA LOGGER.INFO: Datos  =PostmanRuntime/7.19.0 [] {"uid":"77eadde"}
[2019-11-19 00:51:50] UTN FRA LOGGER.INFO: ip =::1 [] {"uid":"77eadde"}
[2019-11-19 00:52:07] UTN FRA LOGGER.INFO: Datos  =PostmanRuntime/7.19.0 [] {"uid":"6932dea"}
[2019-11-19 00:52:07] UTN FRA LOGGER.INFO: ip =::1 [] {"uid":"6932dea"}
[2019-11-19 00:52:57] UTN FRA LOGGER.INFO: Datos  =PostmanRuntime/7.19.0 [] {"uid":"da89f8f"}
[2019-11-19 00:52:57] UTN FRA LOGGER.INFO: ip =::1 [] {"uid":"da89f8f"}
[2019-11-19 00:54:10] UTN FRA LOGGER.INFO: Datos  =PostmanRuntime/7.19.0 [] {"uid":"98d8f1b"}
[2019-11-19 00:54:10] UTN FRA LOGGER.INFO: ip =::1 [] {"uid":"98d8f1b"}
[2019-11-19 00:54:52] UTN FRA LOGGER.INFO: Datos  =PostmanRuntime/7.19.0 [] {"uid":"5236089"}
[2019-11-19 00:54:52] UTN FRA LOGGER.INFO: ip =::1 [] {"uid":"5236089"}
[2019-11-19 00:56:24] UTN FRA LOGGER.INFO: Datos  =PostmanRuntime/7.19.0 [] {"uid":"809e4d8"}
[2019-11-19 00:56:24] UTN FRA LOGGER.INFO: ip =::1 [] {"uid":"809e4d8"}
[2019-11-19 00:56:45] UTN FRA LOGGER.INFO: Datos  =PostmanRuntime/7.19.0 [] {"uid":"fda1a0d"}
[2019-11-19 00:56:45] UTN FRA LOGGER.INFO: ip =::1 [] {"uid":"fda1a0d"}
[2019-11-19 00:57:23] UTN FRA LOGGER.INFO: Datos  =PostmanRuntime/7.19.0 [] {"uid":"965a1d0"}
[2019-11-19 00:57:23] UTN FRA LOGGER.INFO: ip =::1 [] {"uid":"965a1d0"}
[2019-11-19 00:57:31] UTN FRA LOGGER.INFO: Datos  =PostmanRuntime/7.19.0 [] {"uid":"72e8527"}
[2019-11-19 00:57:31] UTN FRA LOGGER.INFO: ip =::1 [] {"uid":"72e8527"}
[2019-11-19 00:58:31] UTN FRA LOGGER.INFO: Datos  =PostmanRuntime/7.19.0 [] {"uid":"fc21d5e"}
[2019-11-19 00:58:31] UTN FRA LOGGER.INFO: ip =::1 [] {"uid":"fc21d5e"}
[2019-11-19 01:02:00] UTN FRA LOGGER.INFO: Datos  =PostmanRuntime/7.19.0 [] {"uid":"78282d9"}
[2019-11-19 01:02:00] UTN FRA LOGGER.INFO: ip =::1 [] {"uid":"78282d9"}
[2019-11-26 00:54:44] UTN FRA LOGGER.INFO: Datos  =PostmanRuntime/7.19.0 [] {"uid":"6e822c1"}
[2019-11-26 00:54:44] UTN FRA LOGGER.INFO: ip =::1 [] {"uid":"6e822c1"}
