[2019-12-09 01:48:56] UTN FRA LOGGER.INFO: metodo=POST, URI=http%3A%2F%2Flocalhost%2FProgramacion-III%2FExamenes%2FSP%2Fpublic, RUTA=user%2Fusers, autoridad=localhost [] {"uid":"69f3fbc"}
[2019-12-09 01:49:54] UTN FRA LOGGER.INFO: metodo=POST, URI=http%3A%2F%2Flocalhost%2FProgramacion-III%2FExamenes%2FSP%2Fpublic, RUTA=user%2Fusers, autoridad=localhost [] {"uid":"46faba7"}
[2019-12-09 01:50:11] UTN FRA LOGGER.INFO: metodo=POST, URI=http%3A%2F%2Flocalhost%2FProgramacion-III%2FExamenes%2FSP%2Fpublic, RUTA=user%2Fusers, autoridad=localhost [] {"uid":"fa0a4c3"}
[2019-12-09 01:50:38] UTN FRA LOGGER.INFO: metodo=POST, URI=http%3A%2F%2Flocalhost%2FProgramacion-III%2FExamenes%2FSP%2Fpublic, RUTA=user%2Fusers, autoridad=localhost [] {"uid":"bf65a1c"}
[2019-12-09 01:51:52] UTN FRA LOGGER.INFO: metodo=POST, URI=http%3A%2F%2Flocalhost%2FProgramacion-III%2FExamenes%2FSP%2Fpublic, RUTA=user%2Fusers, autoridad=localhost [] {"uid":"dea065c"}
[2019-12-09 01:54:22] UTN FRA LOGGER.INFO: metodo=POST, URI=http%3A%2F%2Flocalhost%2FProgramacion-III%2FExamenes%2FSP%2Fpublic, RUTA=user%2Fusers, autoridad=localhost [] {"uid":"44cfa7c"}
[2019-12-09 01:55:14] UTN FRA LOGGER.INFO: metodo=POST, URI=http%3A%2F%2Flocalhost%2FProgramacion-III%2FExamenes%2FSP%2Fpublic, RUTA=user%2Fusers, autoridad=localhost [] {"uid":"c0a72bb"}
[2019-12-09 01:56:41] UTN FRA LOGGER.INFO: metodo=POST, URI=http%3A%2F%2Flocalhost%2FProgramacion-III%2FExamenes%2FSP%2Fpublic, RUTA=user%2Fusers, autoridad=localhost [] {"uid":"f427196"}
[2019-12-09 01:57:09] UTN FRA LOGGER.INFO: metodo=POST, URI=http%3A%2F%2Flocalhost%2FProgramacion-III%2FExamenes%2FSP%2Fpublic, RUTA=user%2Fusers, autoridad=localhost [] {"uid":"8434af9"}
[2019-12-09 01:58:29] UTN FRA LOGGER.INFO: metodo=POST, URI=http%3A%2F%2Flocalhost%2FProgramacion-III%2FExamenes%2FSP%2Fpublic, RUTA=user%2Fusers, autoridad=localhost [] {"uid":"4caa088"}
[2019-12-09 01:58:37] UTN FRA LOGGER.INFO: metodo=POST, URI=http%3A%2F%2Flocalhost%2FProgramacion-III%2FExamenes%2FSP%2Fpublic, RUTA=user%2Fusers, autoridad=localhost [] {"uid":"edb76ff"}
[2019-12-09 01:58:39] UTN FRA LOGGER.INFO: metodo=POST, URI=http%3A%2F%2Flocalhost%2FProgramacion-III%2FExamenes%2FSP%2Fpublic, RUTA=user%2Fusers, autoridad=localhost [] {"uid":"cd7825c"}
[2019-12-09 01:59:36] UTN FRA LOGGER.INFO: metodo=POST, URI=http%3A%2F%2Flocalhost%2FProgramacion-III%2FExamenes%2FSP%2Fpublic, RUTA=user%2Fusers, autoridad=localhost [] {"uid":"cd98ca1"}
[2019-12-09 01:59:59] UTN FRA LOGGER.INFO: metodo=POST, URI=http%3A%2F%2Flocalhost%2FProgramacion-III%2FExamenes%2FSP%2Fpublic, RUTA=user%2Fusers, autoridad=localhost [] {"uid":"2222692"}
[2019-12-13 00:55:02] UTN FRA LOGGER.INFO: metodo=POST, URI=http%3A%2F%2Flocalhost%2FProgramacion-III%2FExamenes%2FSP%2Fpublic, RUTA=user%2Fusers, autoridad=localhost [] {"uid":"6756a9f"}
[2019-12-13 00:55:14] UTN FRA LOGGER.INFO: metodo=POST, URI=http%3A%2F%2Flocalhost%2FProgramacion-III%2FExamenes%2FSP%2Fpublic, RUTA=user%2Fusers, autoridad=localhost [] {"uid":"511dfed"}
[2019-12-13 00:56:06] UTN FRA LOGGER.INFO: metodo=POST, URI=http%3A%2F%2Flocalhost%2FProgramacion-III%2FExamenes%2FSP%2Fpublic, RUTA=user%2Fusers, autoridad=localhost [] {"uid":"75e7fcb"}
[2019-12-13 00:57:26] UTN FRA LOGGER.INFO: metodo=POST, URI=http%3A%2F%2Flocalhost%2FProgramacion-III%2FExamenes%2FSP%2Fpublic, RUTA=user%2Fusers, autoridad=localhost [] {"uid":"c9dba1c"}
[2019-12-13 00:58:22] UTN FRA LOGGER.INFO: metodo=POST, URI=http%3A%2F%2Flocalhost%2FProgramacion-III%2FExamenes%2FSP%2Fpublic, RUTA=user%2Fusers, autoridad=localhost [] {"uid":"2dcbf89"}
[2019-12-13 01:00:08] UTN FRA LOGGER.INFO: metodo=POST, URI=http%3A%2F%2Flocalhost%2FProgramacion-III%2FExamenes%2FSP%2Fpublic, RUTA=Usuario%2Flogin, autoridad=localhost [] {"uid":"60e9478"}
[2019-12-13 01:00:27] UTN FRA LOGGER.INFO: metodo=POST, URI=http%3A%2F%2Flocalhost%2FProgramacion-III%2FExamenes%2FSP%2Fpublic, RUTA=Usuario%2Flogin, autoridad=localhost [] {"uid":"e7b2eee"}
[2019-12-13 01:01:26] UTN FRA LOGGER.INFO: metodo=POST, URI=http%3A%2F%2Flocalhost%2FProgramacion-III%2FExamenes%2FSP%2Fpublic, RUTA=user%2Fusers, autoridad=localhost [] {"uid":"f23bd71"}
[2019-12-13 01:01:29] UTN FRA LOGGER.INFO: metodo=POST, URI=http%3A%2F%2Flocalhost%2FProgramacion-III%2FExamenes%2FSP%2Fpublic, RUTA=Usuario%2Flogin, autoridad=localhost [] {"uid":"9c082f2"}
[2019-12-13 01:01:39] UTN FRA LOGGER.INFO: metodo=POST, URI=http%3A%2F%2Flocalhost%2FProgramacion-III%2FExamenes%2FSP%2Fpublic, RUTA=user%2Flogin, autoridad=localhost [] {"uid":"e4a04a8"}
[2019-12-13 01:04:20] UTN FRA LOGGER.INFO: metodo=POST, URI=http%3A%2F%2Flocalhost%2FProgramacion-III%2FExamenes%2FSP%2Fpublic, RUTA=user%2Flogin, autoridad=localhost [] {"uid":"f20df12"}
[2019-12-13 01:04:26] UTN FRA LOGGER.INFO: metodo=POST, URI=http%3A%2F%2Flocalhost%2FProgramacion-III%2FExamenes%2FSP%2Fpublic, RUTA=user%2Flogin, autoridad=localhost [] {"uid":"237235a"}
[2019-12-13 01:04:30] UTN FRA LOGGER.INFO: metodo=POST, URI=http%3A%2F%2Flocalhost%2FProgramacion-III%2FExamenes%2FSP%2Fpublic, RUTA=user%2Flogin, autoridad=localhost [] {"uid":"8745437"}
[2019-12-13 01:04:33] UTN FRA LOGGER.INFO: metodo=POST, URI=http%3A%2F%2Flocalhost%2FProgramacion-III%2FExamenes%2FSP%2Fpublic, RUTA=user%2Flogin, autoridad=localhost [] {"uid":"fad53e5"}
[2019-12-13 01:10:22] UTN FRA LOGGER.INFO: metodo=POST, URI=http%3A%2F%2Flocalhost%2FProgramacion-III%2FExamenes%2FSP%2Fpublic, RUTA=user%2Flogin, autoridad=localhost [] {"uid":"512ed4c"}
[2019-12-13 01:10:27] UTN FRA LOGGER.INFO: metodo=POST, URI=http%3A%2F%2Flocalhost%2FProgramacion-III%2FExamenes%2FSP%2Fpublic, RUTA=user%2Flogin, autoridad=localhost [] {"uid":"1286b72"}
[2019-12-13 01:31:01] UTN FRA LOGGER.INFO: metodo=POST, URI=http%3A%2F%2Flocalhost%2FProgramacion-III%2FExamenes%2FSP%2Fpublic, RUTA=user%2Flogin, autoridad=localhost [] {"uid":"9063836"}
[2019-12-13 01:31:44] UTN FRA LOGGER.INFO: metodo=POST, URI=http%3A%2F%2Flocalhost%2FProgramacion-III%2FExamenes%2FSP%2Fpublic, RUTA=user%2Flogin, autoridad=localhost [] {"uid":"a825097"}
[2019-12-15 15:31:17] UTN FRA LOGGER.INFO: metodo=POST, URI=http%3A%2F%2Flocalhost%2FProgramacion-III%2FExamenes%2FSP%2Fpublic, RUTA=user%2Flogin, autoridad=localhost [] {"uid":"fb79af0"}
[2019-12-15 15:31:28] UTN FRA LOGGER.INFO: metodo=POST, URI=http%3A%2F%2Flocalhost%2FProgramacion-III%2FExamenes%2FSP%2Fpublic, RUTA=user%2Flogin, autoridad=localhost [] {"uid":"3e24016"}
[2019-12-15 15:34:01] UTN FRA LOGGER.INFO: metodo=POST, URI=http%3A%2F%2Flocalhost%2FProgramacion-III%2FExamenes%2FSP%2Fpublic, RUTA=user%2Fusers, autoridad=localhost [] {"uid":"fd33b43"}
[2019-12-15 15:34:17] UTN FRA LOGGER.INFO: metodo=POST, URI=http%3A%2F%2Flocalhost%2FProgramacion-III%2FExamenes%2FSP%2Fpublic, RUTA=user%2Fusers, autoridad=localhost [] {"uid":"3cf6ec0"}
[2019-12-15 15:34:24] UTN FRA LOGGER.INFO: metodo=POST, URI=http%3A%2F%2Flocalhost%2FProgramacion-III%2FExamenes%2FSP%2Fpublic, RUTA=user%2Fusers, autoridad=localhost [] {"uid":"4171d7d"}
[2019-12-15 15:34:29] UTN FRA LOGGER.INFO: metodo=POST, URI=http%3A%2F%2Flocalhost%2FProgramacion-III%2FExamenes%2FSP%2Fpublic, RUTA=user%2Fusers, autoridad=localhost [] {"uid":"b195088"}
[2019-12-15 15:47:44] UTN FRA LOGGER.INFO: metodo=POST, URI=http%3A%2F%2Flocalhost%2FProgramacion-III%2FExamenes%2FSP%2Fpublic, RUTA=user%2Fusers, autoridad=localhost [] {"uid":"6077cec"}
[2019-12-15 15:59:10] UTN FRA LOGGER.INFO: metodo=POST, URI=http%3A%2F%2Flocalhost%2FProgramacion-III%2FExamenes%2FSP%2Fpublic, RUTA=user%2Fusers, autoridad=localhost [] {"uid":"71690d9"}
[2019-12-15 21:16:44] UTN FRA LOGGER.INFO: metodo=POST, URI=http%3A%2F%2Flocalhost%2FProgramacion-III%2FExamenes%2FSP%2Fpublic, RUTA=user%2Flogin, autoridad=localhost [] {"uid":"748f7a7"}
[2019-12-15 21:17:13] UTN FRA LOGGER.INFO: metodo=POST, URI=http%3A%2F%2Flocalhost%2FProgramacion-III%2FExamenes%2FSP%2Fpublic, RUTA=user%2Flogin, autoridad=localhost [] {"uid":"ca48bb4"}
[2019-12-15 21:17:32] UTN FRA LOGGER.INFO: metodo=POST, URI=http%3A%2F%2Flocalhost%2FProgramacion-III%2FExamenes%2FSP%2Fpublic, RUTA=user%2Flogin, autoridad=localhost [] {"uid":"e1c7f75"}
[2019-12-15 21:17:34] UTN FRA LOGGER.INFO: metodo=POST, URI=http%3A%2F%2Flocalhost%2FProgramacion-III%2FExamenes%2FSP%2Fpublic, RUTA=user%2Flogin, autoridad=localhost [] {"uid":"705abea"}
[2019-12-15 21:18:53] UTN FRA LOGGER.INFO: metodo=POST, URI=http%3A%2F%2Flocalhost%2FProgramacion-III%2FExamenes%2FSP%2Fpublic, RUTA=user%2Flogin, autoridad=localhost [] {"uid":"77a74e2"}
[2019-12-15 21:18:55] UTN FRA LOGGER.INFO: metodo=POST, URI=http%3A%2F%2Flocalhost%2FProgramacion-III%2FExamenes%2FSP%2Fpublic, RUTA=user%2Flogin, autoridad=localhost [] {"uid":"edfae0c"}
[2019-12-15 21:19:25] UTN FRA LOGGER.INFO: metodo=POST, URI=http%3A%2F%2Flocalhost%2FProgramacion-III%2FExamenes%2FSP%2Fpublic, RUTA=user%2Flogin, autoridad=localhost [] {"uid":"230fed4"}
[2019-12-15 21:20:36] UTN FRA LOGGER.INFO: metodo=POST, URI=http%3A%2F%2Flocalhost%2FProgramacion-III%2FExamenes%2FSP%2Fpublic, RUTA=user%2Flogin, autoridad=localhost [] {"uid":"aaaa140"}
[2019-12-15 21:21:15] UTN FRA LOGGER.INFO: metodo=POST, URI=http%3A%2F%2Flocalhost%2FProgramacion-III%2FExamenes%2FSP%2Fpublic, RUTA=user%2Flogin, autoridad=localhost [] {"uid":"e80ee48"}
[2019-12-15 21:23:45] UTN FRA LOGGER.INFO: metodo=POST, URI=http%3A%2F%2Flocalhost%2FProgramacion-III%2FExamenes%2FSP%2Fpublic, RUTA=user%2Flogin, autoridad=localhost [] {"uid":"584d9e7"}
[2019-12-15 21:24:01] UTN FRA LOGGER.INFO: metodo=POST, URI=http%3A%2F%2Flocalhost%2FProgramacion-III%2FExamenes%2FSP%2Fpublic, RUTA=user%2Flogin, autoridad=localhost [] {"uid":"8242bc5"}
[2019-12-15 21:29:54] UTN FRA LOGGER.INFO: metodo=POST, URI=http%3A%2F%2Flocalhost%2FProgramacion-III%2FExamenes%2FSP%2Fpublic, RUTA=user%2Flogin, autoridad=localhost [] {"uid":"231a11e"}
[2019-12-15 21:30:02] UTN FRA LOGGER.INFO: metodo=POST, URI=http%3A%2F%2Flocalhost%2FProgramacion-III%2FExamenes%2FSP%2Fpublic, RUTA=user%2Flogin, autoridad=localhost [] {"uid":"7f8f5d9"}
[2019-12-15 21:30:31] UTN FRA LOGGER.INFO: metodo=POST, URI=http%3A%2F%2Flocalhost%2FProgramacion-III%2FExamenes%2FSP%2Fpublic, RUTA=user%2Fusers, autoridad=localhost [] {"uid":"9dbbf9c"}
[2019-12-15 21:30:35] UTN FRA LOGGER.INFO: metodo=POST, URI=http%3A%2F%2Flocalhost%2FProgramacion-III%2FExamenes%2FSP%2Fpublic, RUTA=user%2Fusers, autoridad=localhost [] {"uid":"d2814ba"}
[2019-12-15 21:30:47] UTN FRA LOGGER.INFO: metodo=POST, URI=http%3A%2F%2Flocalhost%2FProgramacion-III%2FExamenes%2FSP%2Fpublic, RUTA=user%2Flogin, autoridad=localhost [] {"uid":"efedd10"}
[2019-12-15 21:30:58] UTN FRA LOGGER.INFO: metodo=POST, URI=http%3A%2F%2Flocalhost%2FProgramacion-III%2FExamenes%2FSP%2Fpublic, RUTA=user%2Flogin, autoridad=localhost [] {"uid":"22eeb49"}
[2019-12-15 21:31:03] UTN FRA LOGGER.INFO: metodo=POST, URI=http%3A%2F%2Flocalhost%2FProgramacion-III%2FExamenes%2FSP%2Fpublic, RUTA=user%2Flogin, autoridad=localhost [] {"uid":"940990d"}
[2019-12-15 21:55:24] UTN FRA LOGGER.INFO: metodo=POST, URI=http%3A%2F%2Flocalhost%2FProgramacion-III%2FExamenes%2FSP%2Fpublic, RUTA=user%2Flogin, autoridad=localhost [] {"uid":"12a6609"}
[2019-12-15 21:55:54] UTN FRA LOGGER.INFO: metodo=POST, URI=http%3A%2F%2Flocalhost%2FProgramacion-III%2FExamenes%2FSP%2Fpublic, RUTA=user%2Flogin, autoridad=localhost [] {"uid":"0465635"}
[2019-12-15 22:42:58] UTN FRA LOGGER.INFO: metodo=GET, URI=http%3A%2F%2Flocalhost%2FProgramacion-III%2FExamenes%2FSP%2Fpublic, RUTA=user%2FTraerUno, autoridad=localhost [] {"uid":"0b75557"}
[2019-12-15 22:47:01] UTN FRA LOGGER.INFO: metodo=POST, URI=http%3A%2F%2Flocalhost%2FProgramacion-III%2FExamenes%2FSP%2Fpublic, RUTA=user%2FTraerUno, autoridad=localhost [] {"uid":"f59092f"}
[2019-12-15 22:47:17] UTN FRA LOGGER.INFO: metodo=POST, URI=http%3A%2F%2Flocalhost%2FProgramacion-III%2FExamenes%2FSP%2Fpublic, RUTA=user%2FTraerUno, autoridad=localhost [] {"uid":"b244108"}
[2019-12-15 22:52:38] UTN FRA LOGGER.INFO: metodo=POST, URI=http%3A%2F%2Flocalhost%2FProgramacion-III%2FExamenes%2FSP%2Fpublic, RUTA=user%2Fusers, autoridad=localhost [] {"uid":"97c8511"}
[2019-12-15 22:55:39] UTN FRA LOGGER.INFO: metodo=POST, URI=http%3A%2F%2Flocalhost%2FProgramacion-III%2FExamenes%2FSP%2Fpublic, RUTA=user%2Fusers, autoridad=localhost [] {"uid":"2e92513"}
[2019-12-15 22:55:50] UTN FRA LOGGER.INFO: metodo=POST, URI=http%3A%2F%2Flocalhost%2FProgramacion-III%2FExamenes%2FSP%2Fpublic, RUTA=user%2Fusers, autoridad=localhost [] {"uid":"0c7f9c9"}
[2019-12-15 23:09:51] UTN FRA LOGGER.INFO: metodo=POST, URI=http%3A%2F%2Flocalhost%2FProgramacion-III%2FExamenes%2FSP%2Fpublic, RUTA=user%2Flogin, autoridad=localhost [] {"uid":"d980c6d"}
[2019-12-15 23:10:21] UTN FRA LOGGER.INFO: metodo=POST, URI=http%3A%2F%2Flocalhost%2FProgramacion-III%2FExamenes%2FSP%2Fpublic, RUTA=user%2FTraerUno, autoridad=localhost [] {"uid":"5082317"}
[2019-12-15 23:11:24] UTN FRA LOGGER.INFO: metodo=POST, URI=http%3A%2F%2Flocalhost%2FProgramacion-III%2FExamenes%2FSP%2Fpublic, RUTA=user%2FTraerUno, autoridad=localhost [] {"uid":"f3635c0"}
[2019-12-15 23:11:56] UTN FRA LOGGER.INFO: metodo=POST, URI=http%3A%2F%2Flocalhost%2FProgramacion-III%2FExamenes%2FSP%2Fpublic, RUTA=user%2FTraerUno, autoridad=localhost [] {"uid":"fdf6df4"}
[2019-12-15 23:12:01] UTN FRA LOGGER.INFO: metodo=POST, URI=http%3A%2F%2Flocalhost%2FProgramacion-III%2FExamenes%2FSP%2Fpublic, RUTA=user%2Flogin, autoridad=localhost [] {"uid":"fb8ce6e"}
[2019-12-15 23:12:52] UTN FRA LOGGER.INFO: metodo=POST, URI=http%3A%2F%2Flocalhost%2FProgramacion-III%2FExamenes%2FSP%2Fpublic, RUTA=user%2Flogin, autoridad=localhost [] {"uid":"10b0734"}
[2019-12-15 23:12:56] UTN FRA LOGGER.INFO: metodo=POST, URI=http%3A%2F%2Flocalhost%2FProgramacion-III%2FExamenes%2FSP%2Fpublic, RUTA=user%2FTraerUno, autoridad=localhost [] {"uid":"4c8011b"}
[2019-12-15 23:17:16] UTN FRA LOGGER.INFO: metodo=POST, URI=http%3A%2F%2Flocalhost%2FProgramacion-III%2FExamenes%2FSP%2Fpublic, RUTA=user%2FTraerUno, autoridad=localhost [] {"uid":"4cd3ac8"}
[2019-12-15 23:17:42] UTN FRA LOGGER.INFO: metodo=POST, URI=http%3A%2F%2Flocalhost%2FProgramacion-III%2FExamenes%2FSP%2Fpublic, RUTA=user%2FTraerUno, autoridad=localhost [] {"uid":"a9cf288"}
[2019-12-15 23:17:54] UTN FRA LOGGER.INFO: metodo=POST, URI=http%3A%2F%2Flocalhost%2FProgramacion-III%2FExamenes%2FSP%2Fpublic, RUTA=user%2FTraerUno, autoridad=localhost [] {"uid":"4f6704d"}
