{"ruta":"pizzas","metodo":"GET","hora":"08:46:09"}
{"ruta":"pizzas","metodo":"POST","hora":"08:46:41"}
{"ruta":"ventas","metodo":"POST","hora":"08:51:41"}
{"ruta":"ventas","metodo":"POST","hora":"08:56:43"}
{"ruta":"ventas","metodo":"POST","hora":"08:57:23"}
{"ruta":"ventas","metodo":"POST","hora":"08:57:30"}
{"ruta":"ventas","metodo":"POST","hora":"08:57:37"}
{"ruta":"ventas","metodo":"POST","hora":"08:58:12"}
{"ruta":"ventas","metodo":"POST","hora":"08:58:18"}
{"ruta":"ventas","metodo":"POST","hora":"08:59:27"}
{"ruta":"ventas","metodo":"POST","hora":"09:00:01"}
{"ruta":"ventas","metodo":"POST","hora":"09:00:24"}
{"ruta":"ventas","metodo":"POST","hora":"09:00:25"}
{"ruta":"ventas","metodo":"POST","hora":"09:00:26"}
{"ruta":"ventas","metodo":"POST","hora":"09:00:27"}
{"ruta":"ventas","metodo":"POST","hora":"09:00:28"}
{"ruta":"ventas","metodo":"POST","hora":"09:00:28"}
{"ruta":"ventas","metodo":"POST","hora":"09:00:36"}
{"ruta":"ventas","metodo":"POST","hora":"09:00:38"}
{"ruta":"pizzas","metodo":"PUT","hora":"09:12:16"}
{"ruta":"pizzas","metodo":"PUT","hora":"10:37:55"}
{"ruta":"pizzas","metodo":"PUT","hora":"10:39:09"}
{"ruta":"pizzas","metodo":"PUT","hora":"10:39:22"}
{"ruta":"pizzas","metodo":"PUT","hora":"10:40:22"}
{"ruta":"pizzass","metodo":"POST","hora":"10:40:42"}
{"ruta":"pizzass","metodo":"POST","hora":"10:41:19"}
{"ruta":"pizzas","metodo":"PUT","hora":"10:41:46"}
